Command line invocation:
    /Applications/Xcode.app/Contents/Developer/usr/bin/xcodebuild test -project iOSMerchandiseControl.xcodeproj -scheme iOSMerchandiseControl -destination "platform=iOS Simulator,id=240F400E-5EFA-486A-9137-FFBBE70F604D" "-only-testing:iOSMerchandiseControlTests/LocalPendingChangeAccumulatorTests/testCoalescesUpdateThenDeleteAsTombstone" "-only-testing:iOSMerchandiseControlTests/LocalPendingChangeAccumulatorTests/testCoalescesUnsyncedCreateThenDeleteAsSupersededNoOp" "-only-testing:iOSMerchandiseControlTests/Task118AutomaticDomainTests/testCatalogPushServiceWritesAndAcknowledgesRequestedOwnerChanges" "-only-testing:iOSMerchandiseControlTests/Task118AutomaticDomainTests/testCatalogPushServiceTombstonesHardDeletedProductFromPendingRemoteID" "-only-testing:iOSMerchandiseControlTests/Task118AutomaticDomainTests/testCatalogPushServiceAcknowledgesLocalOnlyProductDeleteWithoutRemoteCall"

Resolve Package Graph


Resolved source packages:
  swift-atomics: https://github.com/apple/swift-atomics.git @ 1.3.0
  LRUCache: https://github.com/nicklockwood/LRUCache.git @ 1.2.0
  xlsxwriter.swift: https://github.com/damuellen/xlsxwriter.swift @ SPM (f4c0e10)
  swift-crypto: https://github.com/apple/swift-crypto.git @ 4.5.0
  swift-http-types: https://github.com/apple/swift-http-types.git @ 1.5.1
  swift-clocks: https://github.com/pointfreeco/swift-clocks @ 1.0.6
  Supabase: https://github.com/supabase/supabase-swift.git @ 2.46.0
  xctest-dynamic-overlay: https://github.com/pointfreeco/xctest-dynamic-overlay @ 1.9.0
  swift-concurrency-extras: https://github.com/pointfreeco/swift-concurrency-extras @ 1.3.2
  libxlsxwriter: https://github.com/jmcnamara/libxlsxwriter @ main (f064715)
  swift-asn1: https://github.com/apple/swift-asn1.git @ 1.7.0
  ZIPFoundation: https://github.com/weichsel/ZIPFoundation.git @ 0.9.20
  SwiftSoup: https://github.com/scinfu/SwiftSoup @ 2.11.2

ComputePackagePrebuildTargetDependencyGraph

Prepare packages

CreateBuildRequest

SendProjectDescription

CreateBuildOperation

ComputeTargetDependencyGraph
note: Building targets in dependency order
note: Target dependency graph (38 targets)
    Target 'iOSMerchandiseControlTests' in project 'iOSMerchandiseControl'
        ➜ Explicit dependency on target 'iOSMerchandiseControl' in project 'iOSMerchandiseControl'
    Target 'iOSMerchandiseControl' in project 'iOSMerchandiseControl'
        ➜ Explicit dependency on target 'Supabase' in project 'Supabase'
        ➜ Explicit dependency on target 'xlsxwriter' in project 'xlsxwriter.swift'
        ➜ Explicit dependency on target 'SwiftSoup' in project 'SwiftSoup'
        ➜ Explicit dependency on target 'ZIPFoundation' in project 'ZIPFoundation'
    Target 'ZIPFoundation' in project 'ZIPFoundation'
        ➜ Explicit dependency on target 'ZIPFoundation' in project 'ZIPFoundation'
        ➜ Explicit dependency on target 'ZIPFoundation_ZIPFoundation' in project 'ZIPFoundation'
    Target 'ZIPFoundation' in project 'ZIPFoundation'
        ➜ Explicit dependency on target 'ZIPFoundation_ZIPFoundation' in project 'ZIPFoundation'
    Target 'ZIPFoundation_ZIPFoundation' in project 'ZIPFoundation' (no dependencies)
    Target 'SwiftSoup' in project 'SwiftSoup'
        ➜ Explicit dependency on target 'SwiftSoup' in project 'SwiftSoup'
        ➜ Explicit dependency on target 'LRUCache' in project 'LRUCache'
        ➜ Explicit dependency on target 'Atomics' in project 'swift-atomics'
    Target 'SwiftSoup' in project 'SwiftSoup'
        ➜ Explicit dependency on target 'LRUCache' in project 'LRUCache'
        ➜ Explicit dependency on target 'Atomics' in project 'swift-atomics'
    Target 'Atomics' in project 'swift-atomics'
        ➜ Explicit dependency on target 'Atomics' in project 'swift-atomics'
        ➜ Explicit dependency on target '_AtomicsShims' in project 'swift-atomics'
    Target 'Atomics' in project 'swift-atomics'
        ➜ Explicit dependency on target '_AtomicsShims' in project 'swift-atomics'
    Target '_AtomicsShims' in project 'swift-atomics' (no dependencies)
    Target 'LRUCache' in project 'LRUCache'
        ➜ Explicit dependency on target 'LRUCache' in project 'LRUCache'
    Target 'LRUCache' in project 'LRUCache' (no dependencies)
    Target 'xlsxwriter' in project 'xlsxwriter.swift'
        ➜ Explicit dependency on target 'xlsxwriter' in project 'xlsxwriter.swift'
        ➜ Explicit dependency on target 'libxlsxwriter' in project 'libxlsxwriter'
    Target 'xlsxwriter' in project 'xlsxwriter.swift'
        ➜ Explicit dependency on target 'libxlsxwriter' in project 'libxlsxwriter'
    Target 'libxlsxwriter' in project 'libxlsxwriter'
        ➜ Explicit dependency on target 'libxlsxwriter' in project 'libxlsxwriter'
    Target 'libxlsxwriter' in project 'libxlsxwriter' (no dependencies)
    Target 'Supabase' in project 'Supabase'
        ➜ Explicit dependency on target 'Supabase' in project 'Supabase'
        ➜ Explicit dependency on target 'Helpers' in project 'Supabase'
        ➜ Explicit dependency on target 'Auth' in project 'Supabase'
        ➜ Explicit dependency on target 'Functions' in project 'Supabase'
        ➜ Explicit dependency on target 'PostgREST' in project 'Supabase'
        ➜ Explicit dependency on target 'Realtime' in project 'Supabase'
        ➜ Explicit dependency on target 'Storage' in project 'Supabase'
        ➜ Explicit dependency on target 'ConcurrencyExtras' in project 'swift-concurrency-extras'
        ➜ Explicit dependency on target 'HTTPTypes' in project 'swift-http-types'
        ➜ Explicit dependency on target 'Clocks' in project 'swift-clocks'
        ➜ Explicit dependency on target 'XCTestDynamicOverlay' in project 'xctest-dynamic-overlay'
        ➜ Explicit dependency on target 'Crypto' in project 'swift-crypto'
        ➜ Explicit dependency on target 'IssueReporting' in project 'xctest-dynamic-overlay'
    Target 'Supabase' in project 'Supabase'
        ➜ Explicit dependency on target 'Helpers' in project 'Supabase'
        ➜ Explicit dependency on target 'Auth' in project 'Supabase'
        ➜ Explicit dependency on target 'Functions' in project 'Supabase'
        ➜ Explicit dependency on target 'PostgREST' in project 'Supabase'
        ➜ Explicit dependency on target 'Realtime' in project 'Supabase'
        ➜ Explicit dependency on target 'Storage' in project 'Supabase'
        ➜ Explicit dependency on target 'ConcurrencyExtras' in project 'swift-concurrency-extras'
        ➜ Explicit dependency on target 'HTTPTypes' in project 'swift-http-types'
        ➜ Explicit dependency on target 'Clocks' in project 'swift-clocks'
        ➜ Explicit dependency on target 'XCTestDynamicOverlay' in project 'xctest-dynamic-overlay'
        ➜ Explicit dependency on target 'Crypto' in project 'swift-crypto'
        ➜ Explicit dependency on target 'IssueReporting' in project 'xctest-dynamic-overlay'
    Target 'Storage' in project 'Supabase'
        ➜ Explicit dependency on target 'Helpers' in project 'Supabase'
        ➜ Explicit dependency on target 'ConcurrencyExtras' in project 'swift-concurrency-extras'
        ➜ Explicit dependency on target 'HTTPTypes' in project 'swift-http-types'
        ➜ Explicit dependency on target 'Clocks' in project 'swift-clocks'
        ➜ Explicit dependency on target 'XCTestDynamicOverlay' in project 'xctest-dynamic-overlay'
    Target 'Realtime' in project 'Supabase'
        ➜ Explicit dependency on target 'Helpers' in project 'Supabase'
        ➜ Explicit dependency on target 'ConcurrencyExtras' in project 'swift-concurrency-extras'
        ➜ Explicit dependency on target 'HTTPTypes' in project 'swift-http-types'
        ➜ Explicit dependency on target 'Clocks' in project 'swift-clocks'
        ➜ Explicit dependency on target 'XCTestDynamicOverlay' in project 'xctest-dynamic-overlay'
        ➜ Explicit dependency on target 'IssueReporting' in project 'xctest-dynamic-overlay'
    Target 'PostgREST' in project 'Supabase'
        ➜ Explicit dependency on target 'Helpers' in project 'Supabase'
        ➜ Explicit dependency on target 'ConcurrencyExtras' in project 'swift-concurrency-extras'
        ➜ Explicit dependency on target 'HTTPTypes' in project 'swift-http-types'
        ➜ Explicit dependency on target 'Clocks' in project 'swift-clocks'
        ➜ Explicit dependency on target 'XCTestDynamicOverlay' in project 'xctest-dynamic-overlay'
    Target 'Functions' in project 'Supabase'
        ➜ Explicit dependency on target 'Helpers' in project 'Supabase'
        ➜ Explicit dependency on target 'ConcurrencyExtras' in project 'swift-concurrency-extras'
        ➜ Explicit dependency on target 'HTTPTypes' in project 'swift-http-types'
        ➜ Explicit dependency on target 'Clocks' in project 'swift-clocks'
        ➜ Explicit dependency on target 'XCTestDynamicOverlay' in project 'xctest-dynamic-overlay'
    Target 'Auth' in project 'Supabase'
        ➜ Explicit dependency on target 'Helpers' in project 'Supabase'
        ➜ Explicit dependency on target 'ConcurrencyExtras' in project 'swift-concurrency-extras'
        ➜ Explicit dependency on target 'HTTPTypes' in project 'swift-http-types'
        ➜ Explicit dependency on target 'Clocks' in project 'swift-clocks'
        ➜ Explicit dependency on target 'XCTestDynamicOverlay' in project 'xctest-dynamic-overlay'
        ➜ Explicit dependency on target 'Crypto' in project 'swift-crypto'
    Target 'Crypto' in project 'swift-crypto'
        ➜ Explicit dependency on target 'Crypto' in project 'swift-crypto'
        ➜ Explicit dependency on target 'swift-crypto_Crypto' in project 'swift-crypto'
    Target 'Crypto' in project 'swift-crypto'
        ➜ Explicit dependency on target 'swift-crypto_Crypto' in project 'swift-crypto'
    Target 'swift-crypto_Crypto' in project 'swift-crypto' (no dependencies)
    Target 'Helpers' in project 'Supabase'
        ➜ Explicit dependency on target 'ConcurrencyExtras' in project 'swift-concurrency-extras'
        ➜ Explicit dependency on target 'HTTPTypes' in project 'swift-http-types'
        ➜ Explicit dependency on target 'Clocks' in project 'swift-clocks'
        ➜ Explicit dependency on target 'XCTestDynamicOverlay' in project 'xctest-dynamic-overlay'
    Target 'XCTestDynamicOverlay' in project 'xctest-dynamic-overlay'
        ➜ Explicit dependency on target 'XCTestDynamicOverlay' in project 'xctest-dynamic-overlay'
        ➜ Explicit dependency on target 'IssueReportingPackageSupport' in project 'xctest-dynamic-overlay'
        ➜ Explicit dependency on target 'IssueReporting' in project 'xctest-dynamic-overlay'
    Target 'XCTestDynamicOverlay' in project 'xctest-dynamic-overlay'
        ➜ Explicit dependency on target 'IssueReportingPackageSupport' in project 'xctest-dynamic-overlay'
        ➜ Explicit dependency on target 'IssueReporting' in project 'xctest-dynamic-overlay'
    Target 'Clocks' in project 'swift-clocks'
        ➜ Explicit dependency on target 'Clocks' in project 'swift-clocks'
        ➜ Explicit dependency on target 'ConcurrencyExtras' in project 'swift-concurrency-extras'
        ➜ Explicit dependency on target 'IssueReporting' in project 'xctest-dynamic-overlay'
    Target 'Clocks' in project 'swift-clocks'
        ➜ Explicit dependency on target 'ConcurrencyExtras' in project 'swift-concurrency-extras'
        ➜ Explicit dependency on target 'IssueReporting' in project 'xctest-dynamic-overlay'
    Target 'IssueReporting' in project 'xctest-dynamic-overlay'
        ➜ Explicit dependency on target 'IssueReporting' in project 'xctest-dynamic-overlay'
        ➜ Explicit dependency on target 'IssueReportingPackageSupport' in project 'xctest-dynamic-overlay'
    Target 'IssueReporting' in project 'xctest-dynamic-overlay'
        ➜ Explicit dependency on target 'IssueReportingPackageSupport' in project 'xctest-dynamic-overlay'
    Target 'IssueReportingPackageSupport' in project 'xctest-dynamic-overlay' (no dependencies)
    Target 'HTTPTypes' in project 'swift-http-types'
        ➜ Explicit dependency on target 'HTTPTypes' in project 'swift-http-types'
    Target 'HTTPTypes' in project 'swift-http-types' (no dependencies)
    Target 'ConcurrencyExtras' in project 'swift-concurrency-extras'
        ➜ Explicit dependency on target 'ConcurrencyExtras' in project 'swift-concurrency-extras'
    Target 'ConcurrencyExtras' in project 'swift-concurrency-extras' (no dependencies)

GatherProvisioningInputs

CreateBuildDescription

ExecuteExternalTool /Applications/Xcode.app/Contents/Developer/Toolchains/XcodeDefault.xctoolchain/usr/bin/swiftc --version

ExecuteExternalTool /Applications/Xcode.app/Contents/Developer/Toolchains/XcodeDefault.xctoolchain/usr/bin/clang -v -E -dM -arch arm64 -isysroot /Applications/Xcode.app/Contents/Developer/Platforms/iPhoneSimulator.platform/Developer/SDKs/iPhoneSimulator26.5.sdk -x c -c /dev/null

ExecuteExternalTool /Applications/Xcode.app/Contents/Developer/Toolchains/XcodeDefault.xctoolchain/usr/bin/clang -v -E -dM -isysroot /Applications/Xcode.app/Contents/Developer/Platforms/iPhoneSimulator.platform/Developer/SDKs/iPhoneSimulator26.5.sdk -x c -c /dev/null

ExecuteExternalTool /Applications/Xcode.app/Contents/Developer/Toolchains/XcodeDefault.xctoolchain/usr/bin/ld -version_details

ExecuteExternalTool /Applications/Xcode.app/Contents/Developer/Toolchains/XcodeDefault.xctoolchain/usr/bin/clang -v -E -dM -arch arm64 -isysroot /Applications/Xcode.app/Contents/Developer/Platforms/iPhoneSimulator.platform/Developer/SDKs/iPhoneSimulator26.5.sdk -x objective-c -c /dev/null

ExecuteExternalTool /Applications/Xcode.app/Contents/Developer/usr/bin/actool --print-asset-tag-combinations --output-format xml1 /Users/minxiang/Desktop/iOSMerchandiseControl/iOSMerchandiseControl/Assets.xcassets

ExecuteExternalTool /Applications/Xcode.app/Contents/Developer/usr/bin/actool --version --output-format xml1

ReadFileContents /Applications/Xcode.app/Contents/Developer/Toolchains/XcodeDefault.xctoolchain/usr/share/docc/features.json

Build description signature: 915e07839806d91e5c2be38c2c3a192f
Build description path: /Users/minxiang/Library/Developer/Xcode/DerivedData/iOSMerchandiseControl-hipxsmlvmjphcyaknnsmrggoalrx/Build/Intermediates.noindex/XCBuildData/915e07839806d91e5c2be38c2c3a192f.xcbuilddata
ClangStatCache /Applications/Xcode.app/Contents/Developer/Toolchains/XcodeDefault.xctoolchain/usr/bin/clang-stat-cache /Applications/Xcode.app/Contents/Developer/Platforms/iPhoneSimulator.platform/Developer/SDKs/iPhoneSimulator26.5.sdk /Users/minxiang/Library/Developer/Xcode/DerivedData/SDKStatCaches.noindex/iphonesimulator26.5-23F73-6cfe768891a92b912361537c460fe42b.sdkstatcache
    cd /Users/minxiang/Desktop/iOSMerchandiseControl/iOSMerchandiseControl.xcodeproj
    /Applications/Xcode.app/Contents/Developer/Toolchains/XcodeDefault.xctoolchain/usr/bin/clang-stat-cache /Applications/Xcode.app/Contents/Developer/Platforms/iPhoneSimulator.platform/Developer/SDKs/iPhoneSimulator26.5.sdk -o /Users/minxiang/Library/Developer/Xcode/DerivedData/SDKStatCaches.noindex/iphonesimulator26.5-23F73-6cfe768891a92b912361537c460fe42b.sdkstatcache

ProcessInfoPlistFile /Users/minxiang/Library/Developer/Xcode/DerivedData/iOSMerchandiseControl-hipxsmlvmjphcyaknnsmrggoalrx/Build/Products/Debug-iphonesimulator/swift-crypto_Crypto.bundle/Info.plist /Users/minxiang/Library/Developer/Xcode/DerivedData/iOSMerchandiseControl-hipxsmlvmjphcyaknnsmrggoalrx/Build/Intermediates.noindex/swift-crypto.build/Debug-iphonesimulator/swift-crypto_Crypto.build/empty-swift-crypto_Crypto.plist (in target 'swift-crypto_Crypto' from project 'swift-crypto')
    cd /Users/minxiang/Library/Developer/Xcode/DerivedData/iOSMerchandiseControl-hipxsmlvmjphcyaknnsmrggoalrx/SourcePackages/checkouts/swift-crypto
    builtin-infoPlistUtility /Users/minxiang/Library/Developer/Xcode/DerivedData/iOSMerchandiseControl-hipxsmlvmjphcyaknnsmrggoalrx/Build/Intermediates.noindex/swift-crypto.build/Debug-iphonesimulator/swift-crypto_Crypto.build/empty-swift-crypto_Crypto.plist -producttype com.apple.product-type.bundle -expandbuildsettings -format binary -platform iphonesimulator -o /Users/minxiang/Library/Developer/Xcode/DerivedData/iOSMerchandiseControl-hipxsmlvmjphcyaknnsmrggoalrx/Build/Products/Debug-iphonesimulator/swift-crypto_Crypto.bundle/Info.plist

ProcessInfoPlistFile /Users/minxiang/Library/Developer/Xcode/DerivedData/iOSMerchandiseControl-hipxsmlvmjphcyaknnsmrggoalrx/Build/Products/Debug-iphonesimulator/ZIPFoundation_ZIPFoundation.bundle/Info.plist /Users/minxiang/Library/Developer/Xcode/DerivedData/iOSMerchandiseControl-hipxsmlvmjphcyaknnsmrggoalrx/Build/Intermediates.noindex/ZIPFoundation.build/Debug-iphonesimulator/ZIPFoundation_ZIPFoundation.build/empty-ZIPFoundation_ZIPFoundation.plist (in target 'ZIPFoundation_ZIPFoundation' from project 'ZIPFoundation')
    cd /Users/minxiang/Library/Developer/Xcode/DerivedData/iOSMerchandiseControl-hipxsmlvmjphcyaknnsmrggoalrx/SourcePackages/checkouts/ZIPFoundation
    builtin-infoPlistUtility /Users/minxiang/Library/Developer/Xcode/DerivedData/iOSMerchandiseControl-hipxsmlvmjphcyaknnsmrggoalrx/Build/Intermediates.noindex/ZIPFoundation.build/Debug-iphonesimulator/ZIPFoundation_ZIPFoundation.build/empty-ZIPFoundation_ZIPFoundation.plist -producttype com.apple.product-type.bundle -expandbuildsettings -format binary -platform iphonesimulator -o /Users/minxiang/Library/Developer/Xcode/DerivedData/iOSMerchandiseControl-hipxsmlvmjphcyaknnsmrggoalrx/Build/Products/Debug-iphonesimulator/ZIPFoundation_ZIPFoundation.bundle/Info.plist

note: Disabling hardened runtime with ad-hoc codesigning. (in target 'iOSMerchandiseControl' from project 'iOSMerchandiseControl')
SwiftDriver iOSMerchandiseControl normal arm64 com.apple.xcode.tools.swift.compiler (in target 'iOSMerchandiseControl' from project 'iOSMerchandiseControl')
    cd /Users/minxiang/Desktop/iOSMerchandiseControl
    builtin-SwiftDriver -- /Applications/Xcode.app/Contents/Developer/Toolchains/XcodeDefault.xctoolchain/usr/bin/swiftc -module-name iOSMerchandiseControl -Onone @/Users/minxiang/Library/Developer/Xcode/DerivedData/iOSMerchandiseControl-hipxsmlvmjphcyaknnsmrggoalrx/Build/Intermediates.noindex/iOSMerchandiseControl.build/Debug-iphonesimulator/iOSMerchandiseControl.build/Objects-normal/arm64/iOSMerchandiseControl.SwiftFileList -DDEBUG -Xcc -fmodule-map-file\=/Users/minxiang/Library/Developer/Xcode/DerivedData/iOSMerchandiseControl-hipxsmlvmjphcyaknnsmrggoalrx/Build/Intermediates.noindex/GeneratedModuleMaps-iphonesimulator/libxlsxwriter.modulemap -default-isolation\=MainActor -enable-bare-slash-regex -enable-upcoming-feature DisableOutwardActorInference -enable-upcoming-feature InferSendableFromCaptures -enable-upcoming-feature GlobalActorIsolatedTypesUsability -enable-upcoming-feature MemberImportVisibility -enable-upcoming-feature InferIsolatedConformances -enable-upcoming-feature NonisolatedNonsendingByDefault -enable-experimental-feature DebugDescriptionMacro -sdk /Applications/Xcode.app/Contents/Developer/Platforms/iPhoneSimulator.platform/Developer/SDKs/iPhoneSimulator26.5.sdk -target arm64-apple-ios26.1-simulator -g -module-cache-path /Users/minxiang/Library/Developer/Xcode/DerivedData/ModuleCache.noindex -Xfrontend -serialize-debugging-options -profile-coverage-mapping -profile-generate -enable-testing -index-store-path /Users/minxiang/Library/Developer/Xcode/DerivedData/iOSMerchandiseControl-hipxsmlvmjphcyaknnsmrggoalrx/Index.noindex/DataStore -Xcc -D_LIBCPP_HARDENING_MODE\=_LIBCPP_HARDENING_MODE_DEBUG -swift-version 5 -I /Users/minxiang/Library/Developer/Xcode/DerivedData/iOSMerchandiseControl-hipxsmlvmjphcyaknnsmrggoalrx/Build/Products/Debug-iphonesimulator -F /Users/minxiang/Library/Developer/Xcode/DerivedData/iOSMerchandiseControl-hipxsmlvmjphcyaknnsmrggoalrx/Build/Products/Debug-iphonesimulator/PackageFrameworks -F /Users/minxiang/Library/Developer/Xcode/DerivedData/iOSMerchandiseControl-hipxsmlvmjphcyaknnsmrggoalrx/Build/Products/Debug-iphonesimulator/PackageFrameworks -F /Users/minxiang/Library/Developer/Xcode/DerivedData/iOSMerchandiseControl-hipxsmlvmjphcyaknnsmrggoalrx/Build/Products/Debug-iphonesimulator/PackageFrameworks -F /Users/minxiang/Library/Developer/Xcode/DerivedData/iOSMerchandiseControl-hipxsmlvmjphcyaknnsmrggoalrx/Build/Products/Debug-iphonesimulator/PackageFrameworks -F /Users/minxiang/Library/Developer/Xcode/DerivedData/iOSMerchandiseControl-hipxsmlvmjphcyaknnsmrggoalrx/Build/Products/Debug-iphonesimulator/PackageFrameworks -F /Users/minxiang/Library/Developer/Xcode/DerivedData/iOSMerchandiseControl-hipxsmlvmjphcyaknnsmrggoalrx/Build/Products/Debug-iphonesimulator/PackageFrameworks -F /Users/minxiang/Library/Developer/Xcode/DerivedData/iOSMerchandiseControl-hipxsmlvmjphcyaknnsmrggoalrx/Build/Products/Debug-iphonesimulator/PackageFrameworks -F /Users/minxiang/Library/Developer/Xcode/DerivedData/iOSMerchandiseControl-hipxsmlvmjphcyaknnsmrggoalrx/Build/Products/Debug-iphonesimulator/PackageFrameworks -F /Users/minxiang/Library/Developer/Xcode/DerivedData/iOSMerchandiseControl-hipxsmlvmjphcyaknnsmrggoalrx/Build/Products/Debug-iphonesimulator/PackageFrameworks -F /Users/minxiang/Library/Developer/Xcode/DerivedData/iOSMerchandiseControl-hipxsmlvmjphcyaknnsmrggoalrx/Build/Products/Debug-iphonesimulator/PackageFrameworks -F /Users/minxiang/Library/Developer/Xcode/DerivedData/iOSMerchandiseControl-hipxsmlvmjphcyaknnsmrggoalrx/Build/Products/Debug-iphonesimulator/PackageFrameworks -F /Users/minxiang/Library/Developer/Xcode/DerivedData/iOSMerchandiseControl-hipxsmlvmjphcyaknnsmrggoalrx/Build/Products/Debug-iphonesimulator/PackageFrameworks -F /Users/minxiang/Library/Developer/Xcode/DerivedData/iOSMerchandiseControl-hipxsmlvmjphcyaknnsmrggoalrx/Build/Products/Debug-iphonesimulator/PackageFrameworks -F /Users/minxiang/Library/Developer/Xcode/DerivedData/iOSMerchandiseControl-hipxsmlvmjphcyaknnsmrggoalrx/Build/Products/Debug-iphonesimulator/PackageFrameworks -F /Users/minxiang/Library/Developer/Xcode/DerivedData/iOSMerchandiseControl-hipxsmlvmjphcyaknnsmrggoalrx/Build/Products/Debug-iphonesimulator/PackageFrameworks -F /Users/minxiang/Library/Developer/Xcode/DerivedData/iOSMerchandiseControl-hipxsmlvmjphcyaknnsmrggoalrx/Build/Products/Debug-iphonesimulator/PackageFrameworks -F /Users/minxiang/Library/Developer/Xcode/DerivedData/iOSMerchandiseControl-hipxsmlvmjphcyaknnsmrggoalrx/Build/Products/Debug-iphonesimulator/PackageFrameworks -F /Users/minxiang/Library/Developer/Xcode/DerivedData/iOSMerchandiseControl-hipxsmlvmjphcyaknnsmrggoalrx/Build/Products/Debug-iphonesimulator/PackageFrameworks -F /Users/minxiang/Library/Developer/Xcode/DerivedData/iOSMerchandiseControl-hipxsmlvmjphcyaknnsmrggoalrx/Build/Products/Debug-iphonesimulator/PackageFrameworks -F /Users/minxiang/Library/Developer/Xcode/DerivedData/iOSMerchandiseControl-hipxsmlvmjphcyaknnsmrggoalrx/Build/Products/Debug-iphonesimulator/PackageFrameworks -F /Users/minxiang/Library/Developer/Xcode/DerivedData/iOSMerchandiseControl-hipxsmlvmjphcyaknnsmrggoalrx/Build/Products/Debug-iphonesimulator/PackageFrameworks -F /Users/minxiang/Library/Developer/Xcode/DerivedData/iOSMerchandiseControl-hipxsmlvmjphcyaknnsmrggoalrx/Build/Products/Debug-iphonesimulator -emit-localized-strings -emit-localized-strings-path /Users/minxiang/Library/Developer/Xcode/DerivedData/iOSMerchandiseControl-hipxsmlvmjphcyaknnsmrggoalrx/Build/Intermediates.noindex/iOSMerchandiseControl.build/Debug-iphonesimulator/iOSMerchandiseControl.build/Objects-normal/arm64 -c -j16 -enable-batch-mode -incremental -Xcc -ivfsstatcache -Xcc /Users/minxiang/Library/Developer/Xcode/DerivedData/SDKStatCaches.noindex/iphonesimulator26.5-23F73-6cfe768891a92b912361537c460fe42b.sdkstatcache -output-file-map /Users/minxiang/Library/Developer/Xcode/DerivedData/iOSMerchandiseControl-hipxsmlvmjphcyaknnsmrggoalrx/Build/Intermediates.noindex/iOSMerchandiseControl.build/Debug-iphonesimulator/iOSMerchandiseControl.build/Objects-normal/arm64/iOSMerchandiseControl-OutputFileMap.json -use-frontend-parseable-output -save-temps -no-color-diagnostics -explicit-module-build -module-cache-path /Users/minxiang/Library/Developer/Xcode/DerivedData/iOSMerchandiseControl-hipxsmlvmjphcyaknnsmrggoalrx/Build/Intermediates.noindex/SwiftExplicitPrecompiledModules -clang-scanner-module-cache-path /Users/minxiang/Library/Developer/Xcode/DerivedData/ModuleCache.noindex -sdk-module-cache-path /Users/minxiang/Library/Developer/Xcode/DerivedData/ModuleCache.noindex -serialize-diagnostics -emit-dependencies -emit-module -emit-module-path /Users/minxiang/Library/Developer/Xcode/DerivedData/iOSMerchandiseControl-hipxsmlvmjphcyaknnsmrggoalrx/Build/Intermediates.noindex/iOSMerchandiseControl.build/Debug-iphonesimulator/iOSMerchandiseControl.build/Objects-normal/arm64/iOSMerchandiseControl.swiftmodule -validate-clang-modules-once -clang-build-session-file /Users/minxiang/Library/Developer/Xcode/DerivedData/ModuleCache.noindex/Session.modulevalidation -Xcc -I/Users/minxiang/Library/Developer/Xcode/DerivedData/iOSMerchandiseControl-hipxsmlvmjphcyaknnsmrggoalrx/Build/Intermediates.noindex/iOSMerchandiseControl.build/Debug-iphonesimulator/iOSMerchandiseControl.build/swift-overrides.hmap -emit-const-values -Xfrontend -const-gather-protocols-file -Xfrontend /Users/minxiang/Library/Developer/Xcode/DerivedData/iOSMerchandiseControl-hipxsmlvmjphcyaknnsmrggoalrx/Build/Intermediates.noindex/iOSMerchandiseControl.build/Debug-iphonesimulator/iOSMerchandiseControl.build/Objects-normal/arm64/iOSMerchandiseControl_const_extract_protocols.json -Xcc -iquote -Xcc /Users/minxiang/Library/Developer/Xcode/DerivedData/iOSMerchandiseControl-hipxsmlvmjphcyaknnsmrggoalrx/Build/Intermediates.noindex/iOSMerchandiseControl.build/Debug-iphonesimulator/iOSMerchandiseControl.build/iOSMerchandiseControl-generated-files.hmap -Xcc -I/Users/minxiang/Library/Developer/Xcode/DerivedData/iOSMerchandiseControl-hipxsmlvmjphcyaknnsmrggoalrx/Build/Intermediates.noindex/iOSMerchandiseControl.build/Debug-iphonesimulator/iOSMerchandiseControl.build/iOSMerchandiseControl-own-target-headers.hmap -Xcc -I/Users/minxiang/Library/Developer/Xcode/DerivedData/iOSMerchandiseControl-hipxsmlvmjphcyaknnsmrggoalrx/Build/Intermediates.noindex/iOSMerchandiseControl.build/Debug-iphonesimulator/iOSMerchandiseControl.build/iOSMerchandiseControl-all-non-framework-target-headers.hmap -Xcc -ivfsoverlay -Xcc /Users/minxiang/Library/Developer/Xcode/DerivedData/iOSMerchandiseControl-hipxsmlvmjphcyaknnsmrggoalrx/Build/Intermediates.noindex/iOSMerchandiseControl.build/Debug-iphonesimulator/iOSMerchandiseControl-273df38b21a488d2d0f41432c876c62f-VFS-iphonesimulator/all-product-headers.yaml -Xcc -iquote -Xcc /Users/minxiang/Library/Developer/Xcode/DerivedData/iOSMerchandiseControl-hipxsmlvmjphcyaknnsmrggoalrx/Build/Intermediates.noindex/iOSMerchandiseControl.build/Debug-iphonesimulator/iOSMerchandiseControl.build/iOSMerchandiseControl-project-headers.hmap -Xcc -I/Users/minxiang/Library/Developer/Xcode/DerivedData/iOSMerchandiseControl-hipxsmlvmjphcyaknnsmrggoalrx/SourcePackages/checkouts/libxlsxwriter/include -Xcc -I/Users/minxiang/Library/Developer/Xcode/DerivedData/iOSMerchandiseControl-hipxsmlvmjphcyaknnsmrggoalrx/SourcePackages/checkouts/swift-atomics/Sources/_AtomicsShims/include -Xcc -I/Users/minxiang/Library/Developer/Xcode/DerivedData/iOSMerchandiseControl-hipxsmlvmjphcyaknnsmrggoalrx/Build/Products/Debug-iphonesimulator/include -Xcc -I/Users/minxiang/Desktop/iOSMerchandiseControl/Vendor/libxls/include -Xcc -I/Users/minxiang/Library/Developer/Xcode/DerivedData/iOSMerchandiseControl-hipxsmlvmjphcyaknnsmrggoalrx/Build/Intermediates.noindex/iOSMerchandiseControl.build/Debug-iphonesimulator/iOSMerchandiseControl.build/DerivedSources-normal/arm64 -Xcc -I/Users/minxiang/Library/Developer/Xcode/DerivedData/iOSMerchandiseControl-hipxsmlvmjphcyaknnsmrggoalrx/Build/Intermediates.noindex/iOSMerchandiseControl.build/Debug-iphonesimulator/iOSMerchandiseControl.build/DerivedSources/arm64 -Xcc -I/Users/minxiang/Library/Developer/Xcode/DerivedData/iOSMerchandiseControl-hipxsmlvmjphcyaknnsmrggoalrx/Build/Intermediates.noindex/iOSMerchandiseControl.build/Debug-iphonesimulator/iOSMerchandiseControl.build/DerivedSources -Xcc -DDEBUG\=1 -emit-objc-header -emit-objc-header-path /Users/minxiang/Library/Developer/Xcode/DerivedData/iOSMerchandiseControl-hipxsmlvmjphcyaknnsmrggoalrx/Build/Intermediates.noindex/iOSMerchandiseControl.build/Debug-iphonesimulator/iOSMerchandiseControl.build/Objects-normal/arm64/iOSMerchandiseControl-Swift.h -import-objc-header /Users/minxiang/Desktop/iOSMerchandiseControl/iOSMerchandiseControl/iOSMerchandiseControl-Bridging-Header.h -working-directory /Users/minxiang/Desktop/iOSMerchandiseControl -experimental-emit-module-separately -disable-cmo

SwiftGeneratePch normal arm64 Compiling\ bridging\ header (in target 'iOSMerchandiseControl' from project 'iOSMerchandiseControl')

SwiftDriverJobDiscovery normal arm64 Compiling bridging header (in target 'iOSMerchandiseControl' from project 'iOSMerchandiseControl')

SwiftEmitModule normal arm64 Emitting\ module\ for\ iOSMerchandiseControl (in target 'iOSMerchandiseControl' from project 'iOSMerchandiseControl')

EmitSwiftModule normal arm64 (in target 'iOSMerchandiseControl' from project 'iOSMerchandiseControl')
    cd /Users/minxiang/Desktop/iOSMerchandiseControl


SwiftDriverJobDiscovery normal arm64 Emitting module for iOSMerchandiseControl (in target 'iOSMerchandiseControl' from project 'iOSMerchandiseControl')

SwiftDriver\ Compilation\ Requirements iOSMerchandiseControl normal arm64 com.apple.xcode.tools.swift.compiler (in target 'iOSMerchandiseControl' from project 'iOSMerchandiseControl')
    cd /Users/minxiang/Desktop/iOSMerchandiseControl
    builtin-Swift-Compilation-Requirements -- /Applications/Xcode.app/Contents/Developer/Toolchains/XcodeDefault.xctoolchain/usr/bin/swiftc -module-name iOSMerchandiseControl -Onone @/Users/minxiang/Library/Developer/Xcode/DerivedData/iOSMerchandiseControl-hipxsmlvmjphcyaknnsmrggoalrx/Build/Intermediates.noindex/iOSMerchandiseControl.build/Debug-iphonesimulator/iOSMerchandiseControl.build/Objects-normal/arm64/iOSMerchandiseControl.SwiftFileList -DDEBUG -Xcc -fmodule-map-file\=/Users/minxiang/Library/Developer/Xcode/DerivedData/iOSMerchandiseControl-hipxsmlvmjphcyaknnsmrggoalrx/Build/Intermediates.noindex/GeneratedModuleMaps-iphonesimulator/libxlsxwriter.modulemap -default-isolation\=MainActor -enable-bare-slash-regex -enable-upcoming-feature DisableOutwardActorInference -enable-upcoming-feature InferSendableFromCaptures -enable-upcoming-feature GlobalActorIsolatedTypesUsability -enable-upcoming-feature MemberImportVisibility -enable-upcoming-feature InferIsolatedConformances -enable-upcoming-feature NonisolatedNonsendingByDefault -enable-experimental-feature DebugDescriptionMacro -sdk /Applications/Xcode.app/Contents/Developer/Platforms/iPhoneSimulator.platform/Developer/SDKs/iPhoneSimulator26.5.sdk -target arm64-apple-ios26.1-simulator -g -module-cache-path /Users/minxiang/Library/Developer/Xcode/DerivedData/ModuleCache.noindex -Xfrontend -serialize-debugging-options -profile-coverage-mapping -profile-generate -enable-testing -index-store-path /Users/minxiang/Library/Developer/Xcode/DerivedData/iOSMerchandiseControl-hipxsmlvmjphcyaknnsmrggoalrx/Index.noindex/DataStore -Xcc -D_LIBCPP_HARDENING_MODE\=_LIBCPP_HARDENING_MODE_DEBUG -swift-version 5 -I /Users/minxiang/Library/Developer/Xcode/DerivedData/iOSMerchandiseControl-hipxsmlvmjphcyaknnsmrggoalrx/Build/Products/Debug-iphonesimulator -F /Users/minxiang/Library/Developer/Xcode/DerivedData/iOSMerchandiseControl-hipxsmlvmjphcyaknnsmrggoalrx/Build/Products/Debug-iphonesimulator/PackageFrameworks -F /Users/minxiang/Library/Developer/Xcode/DerivedData/iOSMerchandiseControl-hipxsmlvmjphcyaknnsmrggoalrx/Build/Products/Debug-iphonesimulator/PackageFrameworks -F /Users/minxiang/Library/Developer/Xcode/DerivedData/iOSMerchandiseControl-hipxsmlvmjphcyaknnsmrggoalrx/Build/Products/Debug-iphonesimulator/PackageFrameworks -F /Users/minxiang/Library/Developer/Xcode/DerivedData/iOSMerchandiseControl-hipxsmlvmjphcyaknnsmrggoalrx/Build/Products/Debug-iphonesimulator/PackageFrameworks -F /Users/minxiang/Library/Developer/Xcode/DerivedData/iOSMerchandiseControl-hipxsmlvmjphcyaknnsmrggoalrx/Build/Products/Debug-iphonesimulator/PackageFrameworks -F /Users/minxiang/Library/Developer/Xcode/DerivedData/iOSMerchandiseControl-hipxsmlvmjphcyaknnsmrggoalrx/Build/Products/Debug-iphonesimulator/PackageFrameworks -F /Users/minxiang/Library/Developer/Xcode/DerivedData/iOSMerchandiseControl-hipxsmlvmjphcyaknnsmrggoalrx/Build/Products/Debug-iphonesimulator/PackageFrameworks -F /Users/minxiang/Library/Developer/Xcode/DerivedData/iOSMerchandiseControl-hipxsmlvmjphcyaknnsmrggoalrx/Build/Products/Debug-iphonesimulator/PackageFrameworks -F /Users/minxiang/Library/Developer/Xcode/DerivedData/iOSMerchandiseControl-hipxsmlvmjphcyaknnsmrggoalrx/Build/Products/Debug-iphonesimulator/PackageFrameworks -F /Users/minxiang/Library/Developer/Xcode/DerivedData/iOSMerchandiseControl-hipxsmlvmjphcyaknnsmrggoalrx/Build/Products/Debug-iphonesimulator/PackageFrameworks -F /Users/minxiang/Library/Developer/Xcode/DerivedData/iOSMerchandiseControl-hipxsmlvmjphcyaknnsmrggoalrx/Build/Products/Debug-iphonesimulator/PackageFrameworks -F /Users/minxiang/Library/Developer/Xcode/DerivedData/iOSMerchandiseControl-hipxsmlvmjphcyaknnsmrggoalrx/Build/Products/Debug-iphonesimulator/PackageFrameworks -F /Users/minxiang/Library/Developer/Xcode/DerivedData/iOSMerchandiseControl-hipxsmlvmjphcyaknnsmrggoalrx/Build/Products/Debug-iphonesimulator/PackageFrameworks -F /Users/minxiang/Library/Developer/Xcode/DerivedData/iOSMerchandiseControl-hipxsmlvmjphcyaknnsmrggoalrx/Build/Products/Debug-iphonesimulator/PackageFrameworks -F /Users/minxiang/Library/Developer/Xcode/DerivedData/iOSMerchandiseControl-hipxsmlvmjphcyaknnsmrggoalrx/Build/Products/Debug-iphonesimulator/PackageFrameworks -F /Users/minxiang/Library/Developer/Xcode/DerivedData/iOSMerchandiseControl-hipxsmlvmjphcyaknnsmrggoalrx/Build/Products/Debug-iphonesimulator/PackageFrameworks -F /Users/minxiang/Library/Developer/Xcode/DerivedData/iOSMerchandiseControl-hipxsmlvmjphcyaknnsmrggoalrx/Build/Products/Debug-iphonesimulator/PackageFrameworks -F /Users/minxiang/Library/Developer/Xcode/DerivedData/iOSMerchandiseControl-hipxsmlvmjphcyaknnsmrggoalrx/Build/Products/Debug-iphonesimulator/PackageFrameworks -F /Users/minxiang/Library/Developer/Xcode/DerivedData/iOSMerchandiseControl-hipxsmlvmjphcyaknnsmrggoalrx/Build/Products/Debug-iphonesimulator/PackageFrameworks -F /Users/minxiang/Library/Developer/Xcode/DerivedData/iOSMerchandiseControl-hipxsmlvmjphcyaknnsmrggoalrx/Build/Products/Debug-iphonesimulator/PackageFrameworks -F /Users/minxiang/Library/Developer/Xcode/DerivedData/iOSMerchandiseControl-hipxsmlvmjphcyaknnsmrggoalrx/Build/Products/Debug-iphonesimulator/PackageFrameworks -F /Users/minxiang/Library/Developer/Xcode/DerivedData/iOSMerchandiseControl-hipxsmlvmjphcyaknnsmrggoalrx/Build/Products/Debug-iphonesimulator -emit-localized-strings -emit-localized-strings-path /Users/minxiang/Library/Developer/Xcode/DerivedData/iOSMerchandiseControl-hipxsmlvmjphcyaknnsmrggoalrx/Build/Intermediates.noindex/iOSMerchandiseControl.build/Debug-iphonesimulator/iOSMerchandiseControl.build/Objects-normal/arm64 -c -j16 -enable-batch-mode -incremental -Xcc -ivfsstatcache -Xcc /Users/minxiang/Library/Developer/Xcode/DerivedData/SDKStatCaches.noindex/iphonesimulator26.5-23F73-6cfe768891a92b912361537c460fe42b.sdkstatcache -output-file-map /Users/minxiang/Library/Developer/Xcode/DerivedData/iOSMerchandiseControl-hipxsmlvmjphcyaknnsmrggoalrx/Build/Intermediates.noindex/iOSMerchandiseControl.build/Debug-iphonesimulator/iOSMerchandiseControl.build/Objects-normal/arm64/iOSMerchandiseControl-OutputFileMap.json -use-frontend-parseable-output -save-temps -no-color-diagnostics -explicit-module-build -module-cache-path /Users/minxiang/Library/Developer/Xcode/DerivedData/iOSMerchandiseControl-hipxsmlvmjphcyaknnsmrggoalrx/Build/Intermediates.noindex/SwiftExplicitPrecompiledModules -clang-scanner-module-cache-path /Users/minxiang/Library/Developer/Xcode/DerivedData/ModuleCache.noindex -sdk-module-cache-path /Users/minxiang/Library/Developer/Xcode/DerivedData/ModuleCache.noindex -serialize-diagnostics -emit-dependencies -emit-module -emit-module-path /Users/minxiang/Library/Developer/Xcode/DerivedData/iOSMerchandiseControl-hipxsmlvmjphcyaknnsmrggoalrx/Build/Intermediates.noindex/iOSMerchandiseControl.build/Debug-iphonesimulator/iOSMerchandiseControl.build/Objects-normal/arm64/iOSMerchandiseControl.swiftmodule -validate-clang-modules-once -clang-build-session-file /Users/minxiang/Library/Developer/Xcode/DerivedData/ModuleCache.noindex/Session.modulevalidation -Xcc -I/Users/minxiang/Library/Developer/Xcode/DerivedData/iOSMerchandiseControl-hipxsmlvmjphcyaknnsmrggoalrx/Build/Intermediates.noindex/iOSMerchandiseControl.build/Debug-iphonesimulator/iOSMerchandiseControl.build/swift-overrides.hmap -emit-const-values -Xfrontend -const-gather-protocols-file -Xfrontend /Users/minxiang/Library/Developer/Xcode/DerivedData/iOSMerchandiseControl-hipxsmlvmjphcyaknnsmrggoalrx/Build/Intermediates.noindex/iOSMerchandiseControl.build/Debug-iphonesimulator/iOSMerchandiseControl.build/Objects-normal/arm64/iOSMerchandiseControl_const_extract_protocols.json -Xcc -iquote -Xcc /Users/minxiang/Library/Developer/Xcode/DerivedData/iOSMerchandiseControl-hipxsmlvmjphcyaknnsmrggoalrx/Build/Intermediates.noindex/iOSMerchandiseControl.build/Debug-iphonesimulator/iOSMerchandiseControl.build/iOSMerchandiseControl-generated-files.hmap -Xcc -I/Users/minxiang/Library/Developer/Xcode/DerivedData/iOSMerchandiseControl-hipxsmlvmjphcyaknnsmrggoalrx/Build/Intermediates.noindex/iOSMerchandiseControl.build/Debug-iphonesimulator/iOSMerchandiseControl.build/iOSMerchandiseControl-own-target-headers.hmap -Xcc -I/Users/minxiang/Library/Developer/Xcode/DerivedData/iOSMerchandiseControl-hipxsmlvmjphcyaknnsmrggoalrx/Build/Intermediates.noindex/iOSMerchandiseControl.build/Debug-iphonesimulator/iOSMerchandiseControl.build/iOSMerchandiseControl-all-non-framework-target-headers.hmap -Xcc -ivfsoverlay -Xcc /Users/minxiang/Library/Developer/Xcode/DerivedData/iOSMerchandiseControl-hipxsmlvmjphcyaknnsmrggoalrx/Build/Intermediates.noindex/iOSMerchandiseControl.build/Debug-iphonesimulator/iOSMerchandiseControl-273df38b21a488d2d0f41432c876c62f-VFS-iphonesimulator/all-product-headers.yaml -Xcc -iquote -Xcc /Users/minxiang/Library/Developer/Xcode/DerivedData/iOSMerchandiseControl-hipxsmlvmjphcyaknnsmrggoalrx/Build/Intermediates.noindex/iOSMerchandiseControl.build/Debug-iphonesimulator/iOSMerchandiseControl.build/iOSMerchandiseControl-project-headers.hmap -Xcc -I/Users/minxiang/Library/Developer/Xcode/DerivedData/iOSMerchandiseControl-hipxsmlvmjphcyaknnsmrggoalrx/SourcePackages/checkouts/libxlsxwriter/include -Xcc -I/Users/minxiang/Library/Developer/Xcode/DerivedData/iOSMerchandiseControl-hipxsmlvmjphcyaknnsmrggoalrx/SourcePackages/checkouts/swift-atomics/Sources/_AtomicsShims/include -Xcc -I/Users/minxiang/Library/Developer/Xcode/DerivedData/iOSMerchandiseControl-hipxsmlvmjphcyaknnsmrggoalrx/Build/Products/Debug-iphonesimulator/include -Xcc -I/Users/minxiang/Desktop/iOSMerchandiseControl/Vendor/libxls/include -Xcc -I/Users/minxiang/Library/Developer/Xcode/DerivedData/iOSMerchandiseControl-hipxsmlvmjphcyaknnsmrggoalrx/Build/Intermediates.noindex/iOSMerchandiseControl.build/Debug-iphonesimulator/iOSMerchandiseControl.build/DerivedSources-normal/arm64 -Xcc -I/Users/minxiang/Library/Developer/Xcode/DerivedData/iOSMerchandiseControl-hipxsmlvmjphcyaknnsmrggoalrx/Build/Intermediates.noindex/iOSMerchandiseControl.build/Debug-iphonesimulator/iOSMerchandiseControl.build/DerivedSources/arm64 -Xcc -I/Users/minxiang/Library/Developer/Xcode/DerivedData/iOSMerchandiseControl-hipxsmlvmjphcyaknnsmrggoalrx/Build/Intermediates.noindex/iOSMerchandiseControl.build/Debug-iphonesimulator/iOSMerchandiseControl.build/DerivedSources -Xcc -DDEBUG\=1 -emit-objc-header -emit-objc-header-path /Users/minxiang/Library/Developer/Xcode/DerivedData/iOSMerchandiseControl-hipxsmlvmjphcyaknnsmrggoalrx/Build/Intermediates.noindex/iOSMerchandiseControl.build/Debug-iphonesimulator/iOSMerchandiseControl.build/Objects-normal/arm64/iOSMerchandiseControl-Swift.h -import-objc-header /Users/minxiang/Desktop/iOSMerchandiseControl/iOSMerchandiseControl/iOSMerchandiseControl-Bridging-Header.h -working-directory /Users/minxiang/Desktop/iOSMerchandiseControl -experimental-emit-module-separately -disable-cmo

Copy /Users/minxiang/Library/Developer/Xcode/DerivedData/iOSMerchandiseControl-hipxsmlvmjphcyaknnsmrggoalrx/Build/Products/Debug-iphonesimulator/iOSMerchandiseControl.swiftmodule/arm64-apple-ios-simulator.abi.json /Users/minxiang/Library/Developer/Xcode/DerivedData/iOSMerchandiseControl-hipxsmlvmjphcyaknnsmrggoalrx/Build/Intermediates.noindex/iOSMerchandiseControl.build/Debug-iphonesimulator/iOSMerchandiseControl.build/Objects-normal/arm64/iOSMerchandiseControl.abi.json (in target 'iOSMerchandiseControl' from project 'iOSMerchandiseControl')
    cd /Users/minxiang/Desktop/iOSMerchandiseControl
    builtin-copy -exclude .DS_Store -exclude CVS -exclude .svn -exclude .git -exclude .hg -resolve-src-symlinks -rename /Users/minxiang/Library/Developer/Xcode/DerivedData/iOSMerchandiseControl-hipxsmlvmjphcyaknnsmrggoalrx/Build/Intermediates.noindex/iOSMerchandiseControl.build/Debug-iphonesimulator/iOSMerchandiseControl.build/Objects-normal/arm64/iOSMerchandiseControl.abi.json /Users/minxiang/Library/Developer/Xcode/DerivedData/iOSMerchandiseControl-hipxsmlvmjphcyaknnsmrggoalrx/Build/Products/Debug-iphonesimulator/iOSMerchandiseControl.swiftmodule/arm64-apple-ios-simulator.abi.json

ProcessInfoPlistFile /Users/minxiang/Library/Developer/Xcode/DerivedData/iOSMerchandiseControl-hipxsmlvmjphcyaknnsmrggoalrx/Build/Products/Debug-iphonesimulator/iOSMerchandiseControl.app/Info.plist /Users/minxiang/Desktop/iOSMerchandiseControl/iOSMerchandiseControl/Info.plist (in target 'iOSMerchandiseControl' from project 'iOSMerchandiseControl')
    cd /Users/minxiang/Desktop/iOSMerchandiseControl
    builtin-infoPlistUtility /Users/minxiang/Desktop/iOSMerchandiseControl/iOSMerchandiseControl/Info.plist -producttype com.apple.product-type.application -genpkginfo /Users/minxiang/Library/Developer/Xcode/DerivedData/iOSMerchandiseControl-hipxsmlvmjphcyaknnsmrggoalrx/Build/Products/Debug-iphonesimulator/iOSMerchandiseControl.app/PkgInfo -expandbuildsettings -format binary -platform iphonesimulator -additionalcontentfile /Users/minxiang/Library/Developer/Xcode/DerivedData/iOSMerchandiseControl-hipxsmlvmjphcyaknnsmrggoalrx/Build/Intermediates.noindex/iOSMerchandiseControl.build/Debug-iphonesimulator/iOSMerchandiseControl.build/assetcatalog_generated_info.plist -scanforprivacyfile /Users/minxiang/Library/Developer/Xcode/DerivedData/iOSMerchandiseControl-hipxsmlvmjphcyaknnsmrggoalrx/Build/Products/Debug-iphonesimulator/iOSMerchandiseControl.app/ZIPFoundation_ZIPFoundation.bundle -scanforprivacyfile /Users/minxiang/Library/Developer/Xcode/DerivedData/iOSMerchandiseControl-hipxsmlvmjphcyaknnsmrggoalrx/Build/Products/Debug-iphonesimulator/iOSMerchandiseControl.app/swift-crypto_Crypto.bundle -o /Users/minxiang/Library/Developer/Xcode/DerivedData/iOSMerchandiseControl-hipxsmlvmjphcyaknnsmrggoalrx/Build/Products/Debug-iphonesimulator/iOSMerchandiseControl.app/Info.plist

CopySwiftLibs /Users/minxiang/Library/Developer/Xcode/DerivedData/iOSMerchandiseControl-hipxsmlvmjphcyaknnsmrggoalrx/Build/Products/Debug-iphonesimulator/iOSMerchandiseControl.app (in target 'iOSMerchandiseControl' from project 'iOSMerchandiseControl')
    cd /Users/minxiang/Desktop/iOSMerchandiseControl
    builtin-swiftStdLibTool --copy --verbose --sign - --scan-executable /Users/minxiang/Library/Developer/Xcode/DerivedData/iOSMerchandiseControl-hipxsmlvmjphcyaknnsmrggoalrx/Build/Products/Debug-iphonesimulator/iOSMerchandiseControl.app/iOSMerchandiseControl.debug.dylib --scan-folder /Users/minxiang/Library/Developer/Xcode/DerivedData/iOSMerchandiseControl-hipxsmlvmjphcyaknnsmrggoalrx/Build/Products/Debug-iphonesimulator/iOSMerchandiseControl.app/Frameworks --scan-folder /Users/minxiang/Library/Developer/Xcode/DerivedData/iOSMerchandiseControl-hipxsmlvmjphcyaknnsmrggoalrx/Build/Products/Debug-iphonesimulator/iOSMerchandiseControl.app/PlugIns --scan-folder /Users/minxiang/Library/Developer/Xcode/DerivedData/iOSMerchandiseControl-hipxsmlvmjphcyaknnsmrggoalrx/Build/Products/Debug-iphonesimulator/iOSMerchandiseControl.app/SystemExtensions --scan-folder /Users/minxiang/Library/Developer/Xcode/DerivedData/iOSMerchandiseControl-hipxsmlvmjphcyaknnsmrggoalrx/Build/Products/Debug-iphonesimulator/iOSMerchandiseControl.app/Extensions --platform iphonesimulator --toolchain /Applications/Xcode.app/Contents/Developer/Toolchains/XcodeDefault.xctoolchain --destination /Users/minxiang/Library/Developer/Xcode/DerivedData/iOSMerchandiseControl-hipxsmlvmjphcyaknnsmrggoalrx/Build/Products/Debug-iphonesimulator/iOSMerchandiseControl.app/Frameworks --strip-bitcode --strip-bitcode-tool /Applications/Xcode.app/Contents/Developer/Toolchains/XcodeDefault.xctoolchain/usr/bin/bitcode_strip --emit-dependency-info /Users/minxiang/Library/Developer/Xcode/DerivedData/iOSMerchandiseControl-hipxsmlvmjphcyaknnsmrggoalrx/Build/Intermediates.noindex/iOSMerchandiseControl.build/Debug-iphonesimulator/iOSMerchandiseControl.build/SwiftStdLibToolInputDependencies.dep --filter-for-swift-os

ProcessInfoPlistFile /Users/minxiang/Library/Developer/Xcode/DerivedData/iOSMerchandiseControl-hipxsmlvmjphcyaknnsmrggoalrx/Build/Products/Debug-iphonesimulator/iOSMerchandiseControl.app/PlugIns/iOSMerchandiseControlTests.xctest/Info.plist /Users/minxiang/Library/Developer/Xcode/DerivedData/iOSMerchandiseControl-hipxsmlvmjphcyaknnsmrggoalrx/Build/Intermediates.noindex/iOSMerchandiseControl.build/Debug-iphonesimulator/iOSMerchandiseControlTests.build/empty-iOSMerchandiseControlTests.plist (in target 'iOSMerchandiseControlTests' from project 'iOSMerchandiseControl')
    cd /Users/minxiang/Desktop/iOSMerchandiseControl
    builtin-infoPlistUtility /Users/minxiang/Library/Developer/Xcode/DerivedData/iOSMerchandiseControl-hipxsmlvmjphcyaknnsmrggoalrx/Build/Intermediates.noindex/iOSMerchandiseControl.build/Debug-iphonesimulator/iOSMerchandiseControlTests.build/empty-iOSMerchandiseControlTests.plist -producttype com.apple.product-type.bundle.unit-test -expandbuildsettings -format binary -platform iphonesimulator -scanforprivacyfile /Users/minxiang/Library/Developer/Xcode/DerivedData/iOSMerchandiseControl-hipxsmlvmjphcyaknnsmrggoalrx/Build/Products/Debug-iphonesimulator/iOSMerchandiseControl.app/PlugIns/iOSMerchandiseControlTests.xctest/ZIPFoundation_ZIPFoundation.bundle -scanforprivacyfile /Users/minxiang/Library/Developer/Xcode/DerivedData/iOSMerchandiseControl-hipxsmlvmjphcyaknnsmrggoalrx/Build/Products/Debug-iphonesimulator/iOSMerchandiseControl.app/PlugIns/iOSMerchandiseControlTests.xctest/swift-crypto_Crypto.bundle -o /Users/minxiang/Library/Developer/Xcode/DerivedData/iOSMerchandiseControl-hipxsmlvmjphcyaknnsmrggoalrx/Build/Products/Debug-iphonesimulator/iOSMerchandiseControl.app/PlugIns/iOSMerchandiseControlTests.xctest/Info.plist

CopySwiftLibs /Users/minxiang/Library/Developer/Xcode/DerivedData/iOSMerchandiseControl-hipxsmlvmjphcyaknnsmrggoalrx/Build/Products/Debug-iphonesimulator/iOSMerchandiseControl.app/PlugIns/iOSMerchandiseControlTests.xctest (in target 'iOSMerchandiseControlTests' from project 'iOSMerchandiseControl')
    cd /Users/minxiang/Desktop/iOSMerchandiseControl
    builtin-swiftStdLibTool --copy --verbose --sign - --scan-executable /Users/minxiang/Library/Developer/Xcode/DerivedData/iOSMerchandiseControl-hipxsmlvmjphcyaknnsmrggoalrx/Build/Products/Debug-iphonesimulator/iOSMerchandiseControl.app/PlugIns/iOSMerchandiseControlTests.xctest/iOSMerchandiseControlTests --scan-folder /Users/minxiang/Library/Developer/Xcode/DerivedData/iOSMerchandiseControl-hipxsmlvmjphcyaknnsmrggoalrx/Build/Products/Debug-iphonesimulator/iOSMerchandiseControl.app/PlugIns/iOSMerchandiseControlTests.xctest/Frameworks --scan-folder /Users/minxiang/Library/Developer/Xcode/DerivedData/iOSMerchandiseControl-hipxsmlvmjphcyaknnsmrggoalrx/Build/Products/Debug-iphonesimulator/iOSMerchandiseControl.app/PlugIns/iOSMerchandiseControlTests.xctest/PlugIns --scan-folder /Users/minxiang/Library/Developer/Xcode/DerivedData/iOSMerchandiseControl-hipxsmlvmjphcyaknnsmrggoalrx/Build/Products/Debug-iphonesimulator/iOSMerchandiseControl.app/PlugIns/iOSMerchandiseControlTests.xctest/SystemExtensions --scan-folder /Users/minxiang/Library/Developer/Xcode/DerivedData/iOSMerchandiseControl-hipxsmlvmjphcyaknnsmrggoalrx/Build/Products/Debug-iphonesimulator/iOSMerchandiseControl.app/PlugIns/iOSMerchandiseControlTests.xctest/Extensions --platform iphonesimulator --toolchain /Applications/Xcode.app/Contents/Developer/Toolchains/XcodeDefault.xctoolchain --destination /Users/minxiang/Library/Developer/Xcode/DerivedData/iOSMerchandiseControl-hipxsmlvmjphcyaknnsmrggoalrx/Build/Products/Debug-iphonesimulator/iOSMerchandiseControl.app/PlugIns/iOSMerchandiseControlTests.xctest/Frameworks --strip-bitcode --scan-executable /Applications/Xcode.app/Contents/Developer/Platforms/iPhoneSimulator.platform/Developer/usr/lib/libXCTestSwiftSupport.dylib --strip-bitcode-tool /Applications/Xcode.app/Contents/Developer/Toolchains/XcodeDefault.xctoolchain/usr/bin/bitcode_strip --emit-dependency-info /Users/minxiang/Library/Developer/Xcode/DerivedData/iOSMerchandiseControl-hipxsmlvmjphcyaknnsmrggoalrx/Build/Intermediates.noindex/iOSMerchandiseControl.build/Debug-iphonesimulator/iOSMerchandiseControlTests.build/SwiftStdLibToolInputDependencies.dep --filter-for-swift-os

CodeSign /Users/minxiang/Library/Developer/Xcode/DerivedData/iOSMerchandiseControl-hipxsmlvmjphcyaknnsmrggoalrx/Build/Products/Debug-iphonesimulator/iOSMerchandiseControl.app/iOSMerchandiseControl.debug.dylib (in target 'iOSMerchandiseControl' from project 'iOSMerchandiseControl')
    cd /Users/minxiang/Desktop/iOSMerchandiseControl

    Signing Identity:     "Sign to Run Locally"

    /usr/bin/codesign --force --sign - --timestamp\=none --generate-entitlement-der /Users/minxiang/Library/Developer/Xcode/DerivedData/iOSMerchandiseControl-hipxsmlvmjphcyaknnsmrggoalrx/Build/Products/Debug-iphonesimulator/iOSMerchandiseControl.app/iOSMerchandiseControl.debug.dylib
/Users/minxiang/Library/Developer/Xcode/DerivedData/iOSMerchandiseControl-hipxsmlvmjphcyaknnsmrggoalrx/Build/Products/Debug-iphonesimulator/iOSMerchandiseControl.app/iOSMerchandiseControl.debug.dylib: replacing existing signature

CodeSign /Users/minxiang/Library/Developer/Xcode/DerivedData/iOSMerchandiseControl-hipxsmlvmjphcyaknnsmrggoalrx/Build/Products/Debug-iphonesimulator/iOSMerchandiseControl.app/__preview.dylib (in target 'iOSMerchandiseControl' from project 'iOSMerchandiseControl')
    cd /Users/minxiang/Desktop/iOSMerchandiseControl

    Signing Identity:     "Sign to Run Locally"

    /usr/bin/codesign --force --sign - --timestamp\=none --generate-entitlement-der /Users/minxiang/Library/Developer/Xcode/DerivedData/iOSMerchandiseControl-hipxsmlvmjphcyaknnsmrggoalrx/Build/Products/Debug-iphonesimulator/iOSMerchandiseControl.app/__preview.dylib
/Users/minxiang/Library/Developer/Xcode/DerivedData/iOSMerchandiseControl-hipxsmlvmjphcyaknnsmrggoalrx/Build/Products/Debug-iphonesimulator/iOSMerchandiseControl.app/__preview.dylib: replacing existing signature

CodeSign /Users/minxiang/Library/Developer/Xcode/DerivedData/iOSMerchandiseControl-hipxsmlvmjphcyaknnsmrggoalrx/Build/Products/Debug-iphonesimulator/iOSMerchandiseControl.app (in target 'iOSMerchandiseControl' from project 'iOSMerchandiseControl')
    cd /Users/minxiang/Desktop/iOSMerchandiseControl

    Signing Identity:     "Sign to Run Locally"

    /usr/bin/codesign --force --sign - --timestamp\=none --generate-entitlement-der /Users/minxiang/Library/Developer/Xcode/DerivedData/iOSMerchandiseControl-hipxsmlvmjphcyaknnsmrggoalrx/Build/Products/Debug-iphonesimulator/iOSMerchandiseControl.app
/Users/minxiang/Library/Developer/Xcode/DerivedData/iOSMerchandiseControl-hipxsmlvmjphcyaknnsmrggoalrx/Build/Products/Debug-iphonesimulator/iOSMerchandiseControl.app: replacing existing signature

Validate /Users/minxiang/Library/Developer/Xcode/DerivedData/iOSMerchandiseControl-hipxsmlvmjphcyaknnsmrggoalrx/Build/Products/Debug-iphonesimulator/iOSMerchandiseControl.app (in target 'iOSMerchandiseControl' from project 'iOSMerchandiseControl')
    cd /Users/minxiang/Desktop/iOSMerchandiseControl
    builtin-validationUtility /Users/minxiang/Library/Developer/Xcode/DerivedData/iOSMerchandiseControl-hipxsmlvmjphcyaknnsmrggoalrx/Build/Products/Debug-iphonesimulator/iOSMerchandiseControl.app -shallow-bundle -infoplist-subpath Info.plist

Test Suite 'Selected tests' started at 2026-06-18 12:16:27.467.
Test Suite 'iOSMerchandiseControlTests.xctest' started at 2026-06-18 12:16:27.467.
Test Suite 'LocalPendingChangeAccumulatorTests' started at 2026-06-18 12:16:27.467.
Test Case '-[iOSMerchandiseControlTests.LocalPendingChangeAccumulatorTests testCoalescesUnsyncedCreateThenDeleteAsSupersededNoOp]' started.
Test Case '-[iOSMerchandiseControlTests.LocalPendingChangeAccumulatorTests testCoalescesUnsyncedCreateThenDeleteAsSupersededNoOp]' passed (0.015 seconds).
Test Case '-[iOSMerchandiseControlTests.LocalPendingChangeAccumulatorTests testCoalescesUpdateThenDeleteAsTombstone]' started.
Test Case '-[iOSMerchandiseControlTests.LocalPendingChangeAccumulatorTests testCoalescesUpdateThenDeleteAsTombstone]' passed (0.007 seconds).
Test Suite 'LocalPendingChangeAccumulatorTests' passed at 2026-06-18 12:16:27.489.
	 Executed 2 tests, with 0 failures (0 unexpected) in 0.021 (0.022) seconds
Test Suite 'Task118AutomaticDomainTests' started at 2026-06-18 12:16:27.490.
Test Case '-[iOSMerchandiseControlTests.Task118AutomaticDomainTests testCatalogPushServiceAcknowledgesLocalOnlyProductDeleteWithoutRemoteCall]' started.
Test Case '-[iOSMerchandiseControlTests.Task118AutomaticDomainTests testCatalogPushServiceAcknowledgesLocalOnlyProductDeleteWithoutRemoteCall]' passed (0.026 seconds).
Test Case '-[iOSMerchandiseControlTests.Task118AutomaticDomainTests testCatalogPushServiceTombstonesHardDeletedProductFromPendingRemoteID]' started.
Test Case '-[iOSMerchandiseControlTests.Task118AutomaticDomainTests testCatalogPushServiceTombstonesHardDeletedProductFromPendingRemoteID]' passed (0.020 seconds).
Test Case '-[iOSMerchandiseControlTests.Task118AutomaticDomainTests testCatalogPushServiceWritesAndAcknowledgesRequestedOwnerChanges]' started.
Test Case '-[iOSMerchandiseControlTests.Task118AutomaticDomainTests testCatalogPushServiceWritesAndAcknowledgesRequestedOwnerChanges]' passed (0.034 seconds).
Test Suite 'Task118AutomaticDomainTests' passed at 2026-06-18 12:16:27.570.
	 Executed 3 tests, with 0 failures (0 unexpected) in 0.080 (0.081) seconds
Test Suite 'iOSMerchandiseControlTests.xctest' passed at 2026-06-18 12:16:27.570.
	 Executed 5 tests, with 0 failures (0 unexpected) in 0.101 (0.103) seconds
Test Suite 'Selected tests' passed at 2026-06-18 12:16:27.571.
	 Executed 5 tests, with 0 failures (0 unexpected) in 0.101 (0.104) seconds
2026-06-18 12:16:27.853 xcodebuild[26899:5937519] [MT] IDETestOperationsObserverDebug: 2.585 elapsed -- Testing started completed.
2026-06-18 12:16:27.853 xcodebuild[26899:5937519] [MT] IDETestOperationsObserverDebug: 0.000 sec, +0.000 sec -- start
2026-06-18 12:16:27.853 xcodebuild[26899:5937519] [MT] IDETestOperationsObserverDebug: 2.585 sec, +2.585 sec -- end

Test session results, code coverage, and logs:
	/Users/minxiang/Library/Developer/Xcode/DerivedData/iOSMerchandiseControl-hipxsmlvmjphcyaknnsmrggoalrx/Logs/Test/Test-iOSMerchandiseControl-2026.06.18_12-16-19--0400.xcresult

** TEST SUCCEEDED **

Testing started
