"[ProductPriceSync] page_fetch_done index=26 fetchMs=237"
"[ProductPriceSync] page_return index=26 count=900 first=8CFDAE48-redacted last=92A6DE18-redacted"
"[ProductPriceSync] row_skip id=8F3981D7-redacted reason=tombstoned_product"
"[ProductPriceSync] page_apply_done index=26 applyMs=257 mutations=899"
"[ProductPriceSync] page_save index=26 mutations=899 total=23400 saveMs=167"
"[ProductPriceSync] page_request index=27 offset=23400 after=92A6DE18-redacted"
"[ProductPriceSync] page_fetch_done index=27 fetchMs=241"
"[ProductPriceSync] page_return index=27 count=900 first=92A8012B-redacted last=988061CE-redacted"
"[ProductPriceSync] row_skip id=937203D4-redacted reason=tombstoned_product"
"[ProductPriceSync] row_skip id=9732839B-redacted reason=tombstoned_product"
"[ProductPriceSync] page_apply_done index=27 applyMs=258 mutations=898"
CoreData: debug: WAL checkpoint: Database did checkpoint. Log size: 1192 checkpointed: 1192
"[ProductPriceSync] page_save index=27 mutations=898 total=24300 saveMs=168"
"[ProductPriceSync] page_request index=28 offset=24300 after=988061CE-redacted"
"[ProductPriceSync] page_fetch_done index=28 fetchMs=249"
"[ProductPriceSync] page_return index=28 count=900 first=9882523C-redacted last=9DB46B53-redacted"
"[ProductPriceSync] row_skip id=98DB797A-redacted reason=tombstoned_product"
"[ProductPriceSync] row_skip id=99B6A611-redacted reason=tombstoned_product"
"[ProductPriceSync] page_apply_done index=28 applyMs=264 mutations=898"
"[ProductPriceSync] page_save index=28 mutations=898 total=25200 saveMs=156"
"[ProductPriceSync] page_request index=29 offset=25200 after=9DB46B53-redacted"
"[ProductPriceSync] page_fetch_done index=29 fetchMs=239"
"[ProductPriceSync] page_return index=29 count=900 first=9DB4B95F-redacted last=A3628544-redacted"
"[ProductPriceSync] row_skip id=9DF21672-redacted reason=tombstoned_product"
"[ProductPriceSync] row_skip id=9E83189E-redacted reason=tombstoned_product"
"[ProductPriceSync] row_skip id=A02A03DE-redacted reason=tombstoned_product"
"[ProductPriceSync] row_skip id=A0B1D636-redacted reason=tombstoned_product"
"[ProductPriceSync] row_skip id=A1FAA6BE-redacted reason=tombstoned_product"
"[ProductPriceSync] page_apply_done index=29 applyMs=248 mutations=895"
CoreData: debug: WAL checkpoint: Database did checkpoint. Log size: 1212 checkpointed: 1212
"[ProductPriceSync] page_save index=29 mutations=895 total=26100 saveMs=161"
"[ProductPriceSync] page_request index=30 offset=26100 after=A3628544-redacted"
"[ProductPriceSync] page_fetch_done index=30 fetchMs=248"
"[ProductPriceSync] page_return index=30 count=900 first=A365107A-redacted last=A8E2A9EE-redacted"
"[ProductPriceSync] row_skip id=A571B6E3-redacted reason=tombstoned_product"
"[ProductPriceSync] row_skip id=A6389AE6-redacted reason=tombstoned_product"
"[ProductPriceSync] row_skip id=A6F815A2-redacted reason=tombstoned_product"
"[ProductPriceSync] row_skip id=A7430194-redacted reason=tombstoned_product"
"[ProductPriceSync] row_skip id=A77B35FB-redacted reason=tombstoned_product"
"[ProductPriceSync] page_apply_done index=30 applyMs=244 mutations=895"
"[ProductPriceSync] page_save index=30 mutations=895 total=27000 saveMs=151"
"[ProductPriceSync] page_request index=31 offset=27000 after=A8E2A9EE-redacted"
"[ProductPriceSync] page_fetch_done index=31 fetchMs=240"
"[ProductPriceSync] page_return index=31 count=900 first=A8E2BA06-redacted last=AE3A46DD-redacted"
"[ProductPriceSync] row_skip id=A9F02848-redacted reason=tombstoned_product"
"[ProductPriceSync] page_apply_done index=31 applyMs=256 mutations=899"
CoreData: debug: WAL checkpoint: Database did checkpoint. Log size: 1214 checkpointed: 1214
"[ProductPriceSync] page_save index=31 mutations=899 total=27900 saveMs=167"
"[ProductPriceSync] page_request index=32 offset=27900 after=AE3A46DD-redacted"
"[ProductPriceSync] page_fetch_done index=32 fetchMs=266"
"[ProductPriceSync] page_return index=32 count=900 first=AE3C586E-redacted last=B3DEE091-redacted"
"[ProductPriceSync] page_apply_done index=32 applyMs=252 mutations=900"
"[ProductPriceSync] page_save index=32 mutations=900 total=28800 saveMs=162"
"[ProductPriceSync] page_request index=33 offset=28800 after=B3DEE091-redacted"
"[ProductPriceSync] page_fetch_done index=33 fetchMs=740"
"[ProductPriceSync] page_return index=33 count=900 first=B3E20FE1-redacted last=B9591FEA-redacted"
"[ProductPriceSync] row_skip id=B57A41E0-redacted reason=tombstoned_product"
"[ProductPriceSync] row_skip id=B8134630-redacted reason=tombstoned_product"
"[ProductPriceSync] row_skip id=B8A9AF87-redacted reason=tombstoned_product"
"[ProductPriceSync] page_apply_done index=33 applyMs=249 mutations=897"
CoreData: debug: WAL checkpoint: Database did checkpoint. Log size: 1208 checkpointed: 1208
"[ProductPriceSync] page_save index=33 mutations=897 total=29700 saveMs=164"
"[ProductPriceSync] page_request index=34 offset=29700 after=B9591FEA-redacted"
"[ProductPriceSync] page_fetch_done index=34 fetchMs=242"
"[ProductPriceSync] page_return index=34 count=900 first=B95D03A0-redacted last=BEDE707B-redacted"
"[ProductPriceSync] row_skip id=BC67536F-redacted reason=tombstoned_product"
"[ProductPriceSync] page_apply_done index=34 applyMs=245 mutations=899"
"[ProductPriceSync] page_save index=34 mutations=899 total=30600 saveMs=154"
"[ProductPriceSync] page_request index=35 offset=30600 after=BEDE707B-redacted"
"[ProductPriceSync] page_fetch_done index=35 fetchMs=252"
"[ProductPriceSync] page_return index=35 count=900 first=BEE2E22B-redacted last=C4CA46D6-redacted"
"[ProductPriceSync] row_skip id=C0998BA5-redacted reason=tombstoned_product"
"[ProductPriceSync] row_skip id=C16E586D-redacted reason=tombstoned_product"
"[ProductPriceSync] page_apply_done index=35 applyMs=250 mutations=898"
CoreData: debug: WAL checkpoint: Database did checkpoint. Log size: 1252 checkpointed: 1252
"[ProductPriceSync] page_save index=35 mutations=898 total=31500 saveMs=173"
"[ProductPriceSync] page_request index=36 offset=31500 after=C4CA46D6-redacted"
"[ProductPriceSync] page_fetch_done index=36 fetchMs=248"
"[ProductPriceSync] page_return index=36 count=900 first=C4CEFD35-redacted last=CA4D1ABB-redacted"
"[ProductPriceSync] row_skip id=C54E538A-redacted reason=tombstoned_product"
"[ProductPriceSync] row_skip id=CA12E46A-redacted reason=tombstoned_product"
"[ProductPriceSync] page_apply_done index=36 applyMs=264 mutations=898"
"[ProductPriceSync] page_save index=36 mutations=898 total=32400 saveMs=159"
"[ProductPriceSync] page_request index=37 offset=32400 after=CA4D1ABB-redacted"
"[ProductPriceSync] page_fetch_done index=37 fetchMs=251"
"[ProductPriceSync] page_return index=37 count=900 first=CA4E4A89-redacted last=CFAF9D15-redacted"
"[ProductPriceSync] page_apply_done index=37 applyMs=259 mutations=900"
CoreData: debug: WAL checkpoint: Database did checkpoint. Log size: 1219 checkpointed: 1219
"[ProductPriceSync] page_save index=37 mutations=900 total=33300 saveMs=167"
"[ProductPriceSync] page_request index=38 offset=33300 after=CFAF9D15-redacted"
"[ProductPriceSync] page_fetch_done index=38 fetchMs=261"
"[ProductPriceSync] page_return index=38 count=900 first=CFB10B62-redacted last=D54A6EE5-redacted"
"[ProductPriceSync] row_skip id=D3A2D3A5-redacted reason=tombstoned_product"
"[ProductPriceSync] row_skip id=D5257D6D-redacted reason=tombstoned_product"
"[ProductPriceSync] page_apply_done index=38 applyMs=266 mutations=898"
"[ProductPriceSync] page_save index=38 mutations=898 total=34200 saveMs=155"
"[ProductPriceSync] page_request index=39 offset=34200 after=D54A6EE5-redacted"
"[ProductPriceSync] page_fetch_done index=39 fetchMs=250"
"[ProductPriceSync] page_return index=39 count=900 first=D54CC373-redacted last=DAAFBC8B-redacted"
"[ProductPriceSync] row_skip id=D652D083-redacted reason=tombstoned_product"
"[ProductPriceSync] row_skip id=D70D88A6-redacted reason=tombstoned_product"
"[ProductPriceSync] row_skip id=DA18BBF1-redacted reason=tombstoned_product"
"[ProductPriceSync] page_apply_done index=39 applyMs=259 mutations=897"
CoreData: debug: WAL checkpoint: Database did checkpoint. Log size: 1225 checkpointed: 1225
"[ProductPriceSync] page_save index=39 mutations=897 total=35100 saveMs=166"
"[ProductPriceSync] page_request index=40 offset=35100 after=DAAFBC8B-redacted"
"[ProductPriceSync] page_fetch_done index=40 fetchMs=241"
"[ProductPriceSync] page_return index=40 count=900 first=DAB3181F-redacted last=E012A9F7-redacted"
"[ProductPriceSync] row_skip id=DB05263B-redacted reason=tombstoned_product"
"[ProductPriceSync] page_apply_done index=40 applyMs=281 mutations=899"
"[ProductPriceSync] page_save index=40 mutations=899 total=36000 saveMs=164"
"[ProductPriceSync] page_request index=41 offset=36000 after=E012A9F7-redacted"
"[ProductPriceSync] page_fetch_done index=41 fetchMs=239"
"[ProductPriceSync] page_return index=41 count=900 first=E0169598-redacted last=E553E31B-redacted"
"[ProductPriceSync] row_skip id=E39FF25C-redacted reason=tombstoned_product"
"[ProductPriceSync] row_skip id=E53A91C1-redacted reason=tombstoned_product"
"[ProductPriceSync] row_skip id=E549B372-redacted reason=tombstoned_product"
"[ProductPriceSync] page_apply_done index=41 applyMs=271 mutations=897"
CoreData: debug: WAL checkpoint: Database did checkpoint. Log size: 1235 checkpointed: 1235
"[ProductPriceSync] page_save index=41 mutations=897 total=36900 saveMs=174"
"[ProductPriceSync] page_request index=42 offset=36900 after=E553E31B-redacted"
"[ProductPriceSync] page_fetch_done index=42 fetchMs=246"
"[ProductPriceSync] page_return index=42 count=900 first=E5548E60-redacted last=EAC3BA2E-redacted"
"[ProductPriceSync] row_skip id=E8A44C73-redacted reason=tombstoned_product"
"[ProductPriceSync] page_apply_done index=42 applyMs=272 mutations=899"
"[ProductPriceSync] page_save index=42 mutations=899 total=37800 saveMs=158"
"[ProductPriceSync] page_request index=43 offset=37800 after=EAC3BA2E-redacted"
"[ProductPriceSync] page_fetch_done index=43 fetchMs=255"
"[ProductPriceSync] page_return index=43 count=900 first=EAC53221-redacted last=F05DF5EF-redacted"
"[ProductPriceSync] row_skip id=EB8D19EA-redacted reason=tombstoned_product"
"[ProductPriceSync] row_skip id=EBD91778-redacted reason=tombstoned_product"
"[ProductPriceSync] row_skip id=F059B504-redacted reason=tombstoned_product"
"[ProductPriceSync] page_apply_done index=43 applyMs=275 mutations=897"
CoreData: debug: WAL checkpoint: Database did checkpoint. Log size: 1250 checkpointed: 1250
"[ProductPriceSync] page_save index=43 mutations=897 total=38700 saveMs=169"
"[ProductPriceSync] page_request index=44 offset=38700 after=F05DF5EF-redacted"
"[ProductPriceSync] page_fetch_done index=44 fetchMs=252"
"[ProductPriceSync] page_return index=44 count=900 first=F05F11DD-redacted last=F5E0A124-redacted"
"[ProductPriceSync] page_apply_done index=44 applyMs=276 mutations=900"
"[ProductPriceSync] page_save index=44 mutations=900 total=39600 saveMs=163"
"[ProductPriceSync] page_request index=45 offset=39600 after=F5E0A124-redacted"
"[ProductPriceSync] page_fetch_done index=45 fetchMs=260"
"[ProductPriceSync] page_return index=45 count=900 first=F5E24939-redacted last=FB8F3C04-redacted"
"[ProductPriceSync] row_skip id=F804AA27-redacted reason=tombstoned_product"
"[ProductPriceSync] row_skip id=F8604A5D-redacted reason=tombstoned_product"
"[ProductPriceSync] row_skip id=F8B664CB-redacted reason=tombstoned_product"
"[ProductPriceSync] row_skip id=FA1E21F8-redacted reason=tombstoned_product"
"[ProductPriceSync] row_skip id=FA6BE64C-redacted reason=tombstoned_product"
"[ProductPriceSync] page_apply_done index=45 applyMs=298 mutations=895"
CoreData: debug: WAL checkpoint: Database did checkpoint. Log size: 1284 checkpointed: 1284
"[ProductPriceSync] page_save index=45 mutations=895 total=40500 saveMs=197"
"[ProductPriceSync] page_request index=46 offset=40500 after=FB8F3C04-redacted"
"[ProductPriceSync] page_fetch_done index=46 fetchMs=234"
"[ProductPriceSync] page_return index=46 count=718 first=FB90592C-redacted last=FFF9125A-redacted"
"[ProductPriceSync] row_skip id=FD01A304-redacted reason=tombstoned_product"
"[ProductPriceSync] page_apply_done index=46 applyMs=250 mutations=717"
"[ProductPriceSync] page_save index=46 mutations=717 total=41218 saveMs=143"
"[ProductPriceSync] paged_apply_complete inserted=41137 linked=0 pruned=0 skipped=81 total=41218 elapsedMs=44126"
"[ProductPriceSync] paged_apply_exit cancelled=false pages=45 total=41218"
"[InventorySnapshot] start products=19710 suppliers=69 categories=38 prices=41137"
