1285:"[ProductPriceSync] row_skip id=8F3981D7-redacted reason=tombstoned_product"
1286:"[ProductPriceSync] page_apply_done index=26 applyMs=257 mutations=899"
1287:"[ProductPriceSync] page_save index=26 mutations=899 total=23400 saveMs=167"
1288:"[ProductPriceSync] page_request index=27 offset=23400 after=92A6DE18-redacted"
1289:"[ProductPriceSync] page_fetch_done index=27 fetchMs=241"
1290:"[ProductPriceSync] page_return index=27 count=900 first=92A8012B-redacted last=988061CE-redacted"
1291:"[ProductPriceSync] row_skip id=937203D4-redacted reason=tombstoned_product"
1292:"[ProductPriceSync] row_skip id=9732839B-redacted reason=tombstoned_product"
1293:"[ProductPriceSync] page_apply_done index=27 applyMs=258 mutations=898"
1295:"[ProductPriceSync] page_save index=27 mutations=898 total=24300 saveMs=168"
1296:"[ProductPriceSync] page_request index=28 offset=24300 after=988061CE-redacted"
1297:"[ProductPriceSync] page_fetch_done index=28 fetchMs=249"
1298:"[ProductPriceSync] page_return index=28 count=900 first=9882523C-redacted last=9DB46B53-redacted"
1299:"[ProductPriceSync] row_skip id=98DB797A-redacted reason=tombstoned_product"
1300:"[ProductPriceSync] row_skip id=99B6A611-redacted reason=tombstoned_product"
1301:"[ProductPriceSync] page_apply_done index=28 applyMs=264 mutations=898"
1302:"[ProductPriceSync] page_save index=28 mutations=898 total=25200 saveMs=156"
1303:"[ProductPriceSync] page_request index=29 offset=25200 after=9DB46B53-redacted"
1304:"[ProductPriceSync] page_fetch_done index=29 fetchMs=239"
1305:"[ProductPriceSync] page_return index=29 count=900 first=9DB4B95F-redacted last=A3628544-redacted"
1306:"[ProductPriceSync] row_skip id=9DF21672-redacted reason=tombstoned_product"
1307:"[ProductPriceSync] row_skip id=9E83189E-redacted reason=tombstoned_product"
1308:"[ProductPriceSync] row_skip id=A02A03DE-redacted reason=tombstoned_product"
1309:"[ProductPriceSync] row_skip id=A0B1D636-redacted reason=tombstoned_product"
1310:"[ProductPriceSync] row_skip id=A1FAA6BE-redacted reason=tombstoned_product"
1311:"[ProductPriceSync] page_apply_done index=29 applyMs=248 mutations=895"
1313:"[ProductPriceSync] page_save index=29 mutations=895 total=26100 saveMs=161"
1314:"[ProductPriceSync] page_request index=30 offset=26100 after=A3628544-redacted"
1315:"[ProductPriceSync] page_fetch_done index=30 fetchMs=248"
1316:"[ProductPriceSync] page_return index=30 count=900 first=A365107A-redacted last=A8E2A9EE-redacted"
1317:"[ProductPriceSync] row_skip id=A571B6E3-redacted reason=tombstoned_product"
1318:"[ProductPriceSync] row_skip id=A6389AE6-redacted reason=tombstoned_product"
1319:"[ProductPriceSync] row_skip id=A6F815A2-redacted reason=tombstoned_product"
1320:"[ProductPriceSync] row_skip id=A7430194-redacted reason=tombstoned_product"
1321:"[ProductPriceSync] row_skip id=A77B35FB-redacted reason=tombstoned_product"
1322:"[ProductPriceSync] page_apply_done index=30 applyMs=244 mutations=895"
1323:"[ProductPriceSync] page_save index=30 mutations=895 total=27000 saveMs=151"
1324:"[ProductPriceSync] page_request index=31 offset=27000 after=A8E2A9EE-redacted"
1325:"[ProductPriceSync] page_fetch_done index=31 fetchMs=240"
1326:"[ProductPriceSync] page_return index=31 count=900 first=A8E2BA06-redacted last=AE3A46DD-redacted"
1327:"[ProductPriceSync] row_skip id=A9F02848-redacted reason=tombstoned_product"
1328:"[ProductPriceSync] page_apply_done index=31 applyMs=256 mutations=899"
1330:"[ProductPriceSync] page_save index=31 mutations=899 total=27900 saveMs=167"
1331:"[ProductPriceSync] page_request index=32 offset=27900 after=AE3A46DD-redacted"
1332:"[ProductPriceSync] page_fetch_done index=32 fetchMs=266"
1333:"[ProductPriceSync] page_return index=32 count=900 first=AE3C586E-redacted last=B3DEE091-redacted"
1334:"[ProductPriceSync] page_apply_done index=32 applyMs=252 mutations=900"
1335:"[ProductPriceSync] page_save index=32 mutations=900 total=28800 saveMs=162"
1336:"[ProductPriceSync] page_request index=33 offset=28800 after=B3DEE091-redacted"
1337:"[ProductPriceSync] page_fetch_done index=33 fetchMs=740"
1338:"[ProductPriceSync] page_return index=33 count=900 first=B3E20FE1-redacted last=B9591FEA-redacted"
1339:"[ProductPriceSync] row_skip id=B57A41E0-redacted reason=tombstoned_product"
1340:"[ProductPriceSync] row_skip id=B8134630-redacted reason=tombstoned_product"
1341:"[ProductPriceSync] row_skip id=B8A9AF87-redacted reason=tombstoned_product"
1342:"[ProductPriceSync] page_apply_done index=33 applyMs=249 mutations=897"
1344:"[ProductPriceSync] page_save index=33 mutations=897 total=29700 saveMs=164"
1345:"[ProductPriceSync] page_request index=34 offset=29700 after=B9591FEA-redacted"
1346:"[ProductPriceSync] page_fetch_done index=34 fetchMs=242"
1347:"[ProductPriceSync] page_return index=34 count=900 first=B95D03A0-redacted last=BEDE707B-redacted"
1348:"[ProductPriceSync] row_skip id=BC67536F-redacted reason=tombstoned_product"
1349:"[ProductPriceSync] page_apply_done index=34 applyMs=245 mutations=899"
1350:"[ProductPriceSync] page_save index=34 mutations=899 total=30600 saveMs=154"
1351:"[ProductPriceSync] page_request index=35 offset=30600 after=BEDE707B-redacted"
1352:"[ProductPriceSync] page_fetch_done index=35 fetchMs=252"
1353:"[ProductPriceSync] page_return index=35 count=900 first=BEE2E22B-redacted last=C4CA46D6-redacted"
1354:"[ProductPriceSync] row_skip id=C0998BA5-redacted reason=tombstoned_product"
1355:"[ProductPriceSync] row_skip id=C16E586D-redacted reason=tombstoned_product"
1356:"[ProductPriceSync] page_apply_done index=35 applyMs=250 mutations=898"
1358:"[ProductPriceSync] page_save index=35 mutations=898 total=31500 saveMs=173"
1359:"[ProductPriceSync] page_request index=36 offset=31500 after=C4CA46D6-redacted"
1360:"[ProductPriceSync] page_fetch_done index=36 fetchMs=248"
1361:"[ProductPriceSync] page_return index=36 count=900 first=C4CEFD35-redacted last=CA4D1ABB-redacted"
1362:"[ProductPriceSync] row_skip id=C54E538A-redacted reason=tombstoned_product"
1363:"[ProductPriceSync] row_skip id=CA12E46A-redacted reason=tombstoned_product"
1364:"[ProductPriceSync] page_apply_done index=36 applyMs=264 mutations=898"
1365:"[ProductPriceSync] page_save index=36 mutations=898 total=32400 saveMs=159"
1366:"[ProductPriceSync] page_request index=37 offset=32400 after=CA4D1ABB-redacted"
1367:"[ProductPriceSync] page_fetch_done index=37 fetchMs=251"
1368:"[ProductPriceSync] page_return index=37 count=900 first=CA4E4A89-redacted last=CFAF9D15-redacted"
1369:"[ProductPriceSync] page_apply_done index=37 applyMs=259 mutations=900"
1371:"[ProductPriceSync] page_save index=37 mutations=900 total=33300 saveMs=167"
1372:"[ProductPriceSync] page_request index=38 offset=33300 after=CFAF9D15-redacted"
1373:"[ProductPriceSync] page_fetch_done index=38 fetchMs=261"
1374:"[ProductPriceSync] page_return index=38 count=900 first=CFB10B62-redacted last=D54A6EE5-redacted"
1375:"[ProductPriceSync] row_skip id=D3A2D3A5-redacted reason=tombstoned_product"
1376:"[ProductPriceSync] row_skip id=D5257D6D-redacted reason=tombstoned_product"
1377:"[ProductPriceSync] page_apply_done index=38 applyMs=266 mutations=898"
1378:"[ProductPriceSync] page_save index=38 mutations=898 total=34200 saveMs=155"
1379:"[ProductPriceSync] page_request index=39 offset=34200 after=D54A6EE5-redacted"
1380:"[ProductPriceSync] page_fetch_done index=39 fetchMs=250"
1381:"[ProductPriceSync] page_return index=39 count=900 first=D54CC373-redacted last=DAAFBC8B-redacted"
1382:"[ProductPriceSync] row_skip id=D652D083-redacted reason=tombstoned_product"
1383:"[ProductPriceSync] row_skip id=D70D88A6-redacted reason=tombstoned_product"
1384:"[ProductPriceSync] row_skip id=DA18BBF1-redacted reason=tombstoned_product"
1385:"[ProductPriceSync] page_apply_done index=39 applyMs=259 mutations=897"
1387:"[ProductPriceSync] page_save index=39 mutations=897 total=35100 saveMs=166"
1388:"[ProductPriceSync] page_request index=40 offset=35100 after=DAAFBC8B-redacted"
1389:"[ProductPriceSync] page_fetch_done index=40 fetchMs=241"
1390:"[ProductPriceSync] page_return index=40 count=900 first=DAB3181F-redacted last=E012A9F7-redacted"
1391:"[ProductPriceSync] row_skip id=DB05263B-redacted reason=tombstoned_product"
1392:"[ProductPriceSync] page_apply_done index=40 applyMs=281 mutations=899"
1393:"[ProductPriceSync] page_save index=40 mutations=899 total=36000 saveMs=164"
1394:"[ProductPriceSync] page_request index=41 offset=36000 after=E012A9F7-redacted"
1395:"[ProductPriceSync] page_fetch_done index=41 fetchMs=239"
1396:"[ProductPriceSync] page_return index=41 count=900 first=E0169598-redacted last=E553E31B-redacted"
1397:"[ProductPriceSync] row_skip id=E39FF25C-redacted reason=tombstoned_product"
1398:"[ProductPriceSync] row_skip id=E53A91C1-redacted reason=tombstoned_product"
1399:"[ProductPriceSync] row_skip id=E549B372-redacted reason=tombstoned_product"
1400:"[ProductPriceSync] page_apply_done index=41 applyMs=271 mutations=897"
1402:"[ProductPriceSync] page_save index=41 mutations=897 total=36900 saveMs=174"
1403:"[ProductPriceSync] page_request index=42 offset=36900 after=E553E31B-redacted"
1404:"[ProductPriceSync] page_fetch_done index=42 fetchMs=246"
1405:"[ProductPriceSync] page_return index=42 count=900 first=E5548E60-redacted last=EAC3BA2E-redacted"
1406:"[ProductPriceSync] row_skip id=E8A44C73-redacted reason=tombstoned_product"
1407:"[ProductPriceSync] page_apply_done index=42 applyMs=272 mutations=899"
1408:"[ProductPriceSync] page_save index=42 mutations=899 total=37800 saveMs=158"
1409:"[ProductPriceSync] page_request index=43 offset=37800 after=EAC3BA2E-redacted"
1410:"[ProductPriceSync] page_fetch_done index=43 fetchMs=255"
1411:"[ProductPriceSync] page_return index=43 count=900 first=EAC53221-redacted last=F05DF5EF-redacted"
1412:"[ProductPriceSync] row_skip id=EB8D19EA-redacted reason=tombstoned_product"
1413:"[ProductPriceSync] row_skip id=EBD91778-redacted reason=tombstoned_product"
1414:"[ProductPriceSync] row_skip id=F059B504-redacted reason=tombstoned_product"
1415:"[ProductPriceSync] page_apply_done index=43 applyMs=275 mutations=897"
1417:"[ProductPriceSync] page_save index=43 mutations=897 total=38700 saveMs=169"
1418:"[ProductPriceSync] page_request index=44 offset=38700 after=F05DF5EF-redacted"
1419:"[ProductPriceSync] page_fetch_done index=44 fetchMs=252"
1420:"[ProductPriceSync] page_return index=44 count=900 first=F05F11DD-redacted last=F5E0A124-redacted"
1421:"[ProductPriceSync] page_apply_done index=44 applyMs=276 mutations=900"
1422:"[ProductPriceSync] page_save index=44 mutations=900 total=39600 saveMs=163"
1423:"[ProductPriceSync] page_request index=45 offset=39600 after=F5E0A124-redacted"
1424:"[ProductPriceSync] page_fetch_done index=45 fetchMs=260"
1425:"[ProductPriceSync] page_return index=45 count=900 first=F5E24939-redacted last=FB8F3C04-redacted"
1426:"[ProductPriceSync] row_skip id=F804AA27-redacted reason=tombstoned_product"
1427:"[ProductPriceSync] row_skip id=F8604A5D-redacted reason=tombstoned_product"
1428:"[ProductPriceSync] row_skip id=F8B664CB-redacted reason=tombstoned_product"
1429:"[ProductPriceSync] row_skip id=FA1E21F8-redacted reason=tombstoned_product"
1430:"[ProductPriceSync] row_skip id=FA6BE64C-redacted reason=tombstoned_product"
1431:"[ProductPriceSync] page_apply_done index=45 applyMs=298 mutations=895"
1433:"[ProductPriceSync] page_save index=45 mutations=895 total=40500 saveMs=197"
1434:"[ProductPriceSync] page_request index=46 offset=40500 after=FB8F3C04-redacted"
1435:"[ProductPriceSync] page_fetch_done index=46 fetchMs=234"
1436:"[ProductPriceSync] page_return index=46 count=718 first=FB90592C-redacted last=FFF9125A-redacted"
1437:"[ProductPriceSync] row_skip id=FD01A304-redacted reason=tombstoned_product"
1438:"[ProductPriceSync] page_apply_done index=46 applyMs=250 mutations=717"
1439:"[ProductPriceSync] page_save index=46 mutations=717 total=41218 saveMs=143"
1440:"[ProductPriceSync] paged_apply_complete inserted=41137 linked=0 pruned=0 skipped=81 total=41218 elapsedMs=44126"
1441:"[ProductPriceSync] paged_apply_exit cancelled=false pages=45 total=41218"
1442:"[InventorySnapshot] start products=19710 suppliers=69 categories=38 prices=41137"
1443:"[InventorySnapshot] done elapsedMs=3104 products=19710 suppliers=69 categories=38 prices=41137"
1446:CoreData: debug: PostSaveMaintenance: incremental_vacuum with freelist_count - 1142 and pages_to_free 228
1449:"[InventorySnapshot] start products=0 suppliers=0 categories=0 prices=0"
1450:"[InventorySnapshot] done elapsedMs=0 products=0 suppliers=0 categories=0 prices=0"
1451:"[InventorySnapshot] start products=0 suppliers=0 categories=0 prices=0"
1452:"[InventorySnapshot] done elapsedMs=0 products=0 suppliers=0 categories=0 prices=0"
1464:"[ProductPriceSync] paged_apply_start total=41218 pageSize=900 mode=keyset"
1465:"[ProductPriceSync] tombstoned_products count=45"
1466:"[ProductPriceSync] page_request index=1 offset=0 after=nil"
1467:"[ProductPriceSync] page_fetch_done index=1 fetchMs=274"
1468:"[ProductPriceSync] page_return index=1 count=900 first=000078D9-redacted last=057EBEB4-redacted"
1469:"[ProductPriceSync] page_apply_done index=1 applyMs=189 mutations=900"
1471:"[ProductPriceSync] page_save index=1 mutations=900 total=900 saveMs=165"
1472:"[ProductPriceSync] page_request index=2 offset=900 after=057EBEB4-redacted"
1473:"[ProductPriceSync] page_fetch_done index=2 fetchMs=257"
1474:"[ProductPriceSync] page_return index=2 count=900 first=058400E6-redacted last=0AFAEB23-redacted"
1475:"[ProductPriceSync] row_skip id=065DE704-redacted reason=tombstoned_product"
1476:"[ProductPriceSync] row_skip id=0A2D29A6-redacted reason=tombstoned_product"
1477:"[ProductPriceSync] page_apply_done index=2 applyMs=189 mutations=898"
1478:"[ProductPriceSync] page_save index=2 mutations=898 total=1800 saveMs=146"
1479:"[ProductPriceSync] page_request index=3 offset=1800 after=0AFAEB23-redacted"
1480:"[ProductPriceSync] page_fetch_done index=3 fetchMs=239"
1481:"[ProductPriceSync] page_return index=3 count=900 first=0AFD7312-redacted last=105AFD4A-redacted"
1482:"[ProductPriceSync] row_skip id=0FFAC88D-redacted reason=tombstoned_product"
1483:"[ProductPriceSync] page_apply_done index=3 applyMs=182 mutations=899"
1485:"[ProductPriceSync] page_save index=3 mutations=899 total=2700 saveMs=152"
1486:"[ProductPriceSync] page_request index=4 offset=2700 after=105AFD4A-redacted"
1487:"[ProductPriceSync] page_fetch_done index=4 fetchMs=251"
1488:"[ProductPriceSync] page_return index=4 count=900 first=105D2320-redacted last=1618290E-redacted"
1489:"[ProductPriceSync] row_skip id=15570C24-redacted reason=tombstoned_product"
1490:"[ProductPriceSync] row_skip id=15EF550C-redacted reason=tombstoned_product"
1491:"[ProductPriceSync] page_apply_done index=4 applyMs=193 mutations=898"
1492:"[ProductPriceSync] page_save index=4 mutations=898 total=3600 saveMs=148"
1493:"[ProductPriceSync] page_request index=5 offset=3600 after=1618290E-redacted"
1494:"[ProductPriceSync] page_fetch_done index=5 fetchMs=254"
1495:"[ProductPriceSync] page_return index=5 count=900 first=161AEED2-redacted last=1BC68BD0-redacted"
1496:"[ProductPriceSync] row_skip id=16C93EB7-redacted reason=tombstoned_product"
1497:"[ProductPriceSync] row_skip id=19163F5F-redacted reason=tombstoned_product"
1498:"[ProductPriceSync] page_apply_done index=5 applyMs=197 mutations=898"
1500:"[ProductPriceSync] page_save index=5 mutations=898 total=4500 saveMs=154"
1501:"[ProductPriceSync] page_request index=6 offset=4500 after=1BC68BD0-redacted"
1502:"[ProductPriceSync] page_fetch_done index=6 fetchMs=257"
1503:"[ProductPriceSync] page_return index=6 count=900 first=1BCD222E-redacted last=21468820-redacted"
1504:"[ProductPriceSync] row_skip id=1F00BF27-redacted reason=tombstoned_product"
1505:"[ProductPriceSync] page_apply_done index=6 applyMs=197 mutations=899"
1506:"[ProductPriceSync] page_save index=6 mutations=899 total=5400 saveMs=145"
1507:"[ProductPriceSync] page_request index=7 offset=5400 after=21468820-redacted"
1508:"[ProductPriceSync] page_fetch_done index=7 fetchMs=267"
1509:"[ProductPriceSync] page_return index=7 count=900 first=2146CE09-redacted last=26D0D194-redacted"
1510:"[ProductPriceSync] row_skip id=22C26A1F-redacted reason=tombstoned_product"
1511:"[ProductPriceSync] page_apply_done index=7 applyMs=206 mutations=899"
1513:"[ProductPriceSync] page_save index=7 mutations=899 total=6300 saveMs=159"
1514:"[ProductPriceSync] page_request index=8 offset=6300 after=26D0D194-redacted"
1515:"[ProductPriceSync] page_fetch_done index=8 fetchMs=247"
1516:"[ProductPriceSync] page_return index=8 count=900 first=26D0E77A-redacted last=2C46891F-redacted"
1517:"[ProductPriceSync] page_apply_done index=8 applyMs=215 mutations=900"
1518:"[ProductPriceSync] page_save index=8 mutations=900 total=7200 saveMs=153"
1519:"[ProductPriceSync] page_request index=9 offset=7200 after=2C46891F-redacted"
1520:"[ProductPriceSync] page_fetch_done index=9 fetchMs=253"
1521:"[ProductPriceSync] page_return index=9 count=900 first=2C48E17F-redacted last=31E2E158-redacted"
1522:"[ProductPriceSync] row_skip id=30CB0EEF-redacted reason=tombstoned_product"
1523:"[ProductPriceSync] page_apply_done index=9 applyMs=214 mutations=899"
1525:"[ProductPriceSync] page_save index=9 mutations=899 total=8100 saveMs=161"
1526:"[ProductPriceSync] page_request index=10 offset=8100 after=31E2E158-redacted"
1527:"[ProductPriceSync] page_fetch_done index=10 fetchMs=233"
1528:"[ProductPriceSync] page_return index=10 count=900 first=31E32A05-redacted last=37860ACA-redacted"
1529:"[ProductPriceSync] row_skip id=327E81A9-redacted reason=tombstoned_product"
1530:"[ProductPriceSync] row_skip id=36A3AF0F-redacted reason=tombstoned_product"
1531:"[ProductPriceSync] page_apply_done index=10 applyMs=218 mutations=898"
1532:"[ProductPriceSync] page_save index=10 mutations=898 total=9000 saveMs=155"
1533:"[ProductPriceSync] page_request index=11 offset=9000 after=37860ACA-redacted"
1534:"[ProductPriceSync] page_fetch_done index=11 fetchMs=242"
1535:"[ProductPriceSync] page_return index=11 count=900 first=37883D8A-redacted last=3D3B5A4E-redacted"
1536:"[ProductPriceSync] row_skip id=3CDB05CF-redacted reason=tombstoned_product"
1537:"[ProductPriceSync] page_apply_done index=11 applyMs=200 mutations=899"
1539:"[ProductPriceSync] page_save index=11 mutations=899 total=9900 saveMs=159"
1540:"[ProductPriceSync] page_request index=12 offset=9900 after=3D3B5A4E-redacted"
1541:"[ProductPriceSync] page_fetch_done index=12 fetchMs=248"
1542:"[ProductPriceSync] page_return index=12 count=900 first=3D3C25BB-redacted last=43328F86-redacted"
1543:"[ProductPriceSync] row_skip id=3DC9B235-redacted reason=tombstoned_product"
1544:"[ProductPriceSync] row_skip id=425230C6-redacted reason=tombstoned_product"
1545:"[ProductPriceSync] page_apply_done index=12 applyMs=209 mutations=898"
1546:"[ProductPriceSync] page_save index=12 mutations=898 total=10800 saveMs=147"
1547:"[ProductPriceSync] page_request index=13 offset=10800 after=43328F86-redacted"
1548:"[ProductPriceSync] page_fetch_done index=13 fetchMs=258"
1549:"[ProductPriceSync] page_return index=13 count=900 first=4332E3DF-redacted last=48B403EE-redacted"
1550:"[ProductPriceSync] row_skip id=43D06B67-redacted reason=tombstoned_product"
1551:"[ProductPriceSync] page_apply_done index=13 applyMs=217 mutations=899"
1553:"[ProductPriceSync] page_save index=13 mutations=899 total=11700 saveMs=158"
1554:"[ProductPriceSync] page_request index=14 offset=11700 after=48B403EE-redacted"
1555:"[ProductPriceSync] page_fetch_done index=14 fetchMs=269"
1556:"[ProductPriceSync] page_return index=14 count=900 first=48B6644C-redacted last=4E18851F-redacted"
