"[ProductPriceSync] row_skip id=4C17ACF1-redacted reason=tombstoned_product"
"[ProductPriceSync] page_apply_done index=14 applyMs=243 mutations=899"
"[ProductPriceSync] page_save index=14 mutations=899 total=12600 saveMs=162"
"[ProductPriceSync] page_request index=15 offset=12600 after=4E18851F-redacted"
"[ProductPriceSync] page_fetch_done index=15 fetchMs=249"
"[ProductPriceSync] page_return index=15 count=900 first=4E18B878-redacted last=53DDDEC8-redacted"
"[ProductPriceSync] page_apply_done index=15 applyMs=231 mutations=900"
CoreData: debug: WAL checkpoint: Database did checkpoint. Log size: 1124 checkpointed: 1124
"[ProductPriceSync] page_save index=15 mutations=900 total=13500 saveMs=180"
"[ProductPriceSync] page_request index=16 offset=13500 after=53DDDEC8-redacted"
"[ProductPriceSync] page_fetch_done index=16 fetchMs=246"
"[ProductPriceSync] page_return index=16 count=900 first=53DE4E5D-redacted last=59C9EAA4-redacted"
"[ProductPriceSync] row_skip id=53F3F569-redacted reason=tombstoned_product"
"[ProductPriceSync] row_skip id=54921446-redacted reason=tombstoned_product"
"[ProductPriceSync] row_skip id=56B57446-redacted reason=tombstoned_product"
"[ProductPriceSync] page_apply_done index=16 applyMs=248 mutations=897"
"[ProductPriceSync] page_save index=16 mutations=897 total=14400 saveMs=160"
"[ProductPriceSync] page_request index=17 offset=14400 after=59C9EAA4-redacted"
"[ProductPriceSync] page_fetch_done index=17 fetchMs=243"
"[ProductPriceSync] page_return index=17 count=900 first=59CA2983-redacted last=5F944AAC-redacted"
"[ProductPriceSync] row_skip id=5C3FC321-redacted reason=tombstoned_product"
"[ProductPriceSync] row_skip id=5C520488-redacted reason=tombstoned_product"
"[ProductPriceSync] page_apply_done index=17 applyMs=226 mutations=898"
CoreData: debug: WAL checkpoint: Database did checkpoint. Log size: 1112 checkpointed: 1112
"[ProductPriceSync] page_save index=17 mutations=898 total=15300 saveMs=167"
"[ProductPriceSync] page_request index=18 offset=15300 after=5F944AAC-redacted"
"[ProductPriceSync] page_fetch_done index=18 fetchMs=252"
"[ProductPriceSync] page_return index=18 count=900 first=5F960C9C-redacted last=655DD071-redacted"
"[ProductPriceSync] page_apply_done index=18 applyMs=232 mutations=900"
"[ProductPriceSync] page_save index=18 mutations=900 total=16200 saveMs=156"
"[ProductPriceSync] page_request index=19 offset=16200 after=655DD071-redacted"
"[ProductPriceSync] page_fetch_done index=19 fetchMs=243"
"[ProductPriceSync] page_return index=19 count=900 first=655E908F-redacted last=6B03164B-redacted"
"[ProductPriceSync] row_skip id=668FD5BF-redacted reason=tombstoned_product"
"[ProductPriceSync] row_skip id=6895BD40-redacted reason=tombstoned_product"
"[ProductPriceSync] row_skip id=68D91A13-redacted reason=tombstoned_product"
"[ProductPriceSync] row_skip id=6936455F-redacted reason=tombstoned_product"
"[ProductPriceSync] page_apply_done index=19 applyMs=233 mutations=896"
CoreData: debug: WAL checkpoint: Database did checkpoint. Log size: 1136 checkpointed: 1136
"[ProductPriceSync] page_save index=19 mutations=896 total=17100 saveMs=175"
"[ProductPriceSync] page_request index=20 offset=17100 after=6B03164B-redacted"
"[ProductPriceSync] page_fetch_done index=20 fetchMs=252"
"[ProductPriceSync] page_return index=20 count=900 first=6B068DF6-redacted last=708569C5-redacted"
"[ProductPriceSync] page_apply_done index=20 applyMs=243 mutations=900"
"[ProductPriceSync] page_save index=20 mutations=900 total=18000 saveMs=151"
"[ProductPriceSync] page_request index=21 offset=18000 after=708569C5-redacted"
"[ProductPriceSync] page_fetch_done index=21 fetchMs=262"
"[ProductPriceSync] page_return index=21 count=900 first=7086F95E-redacted last=760EAFC5-redacted"
"[ProductPriceSync] row_skip id=715AAA16-redacted reason=tombstoned_product"
"[ProductPriceSync] row_skip id=73481F70-redacted reason=tombstoned_product"
"[ProductPriceSync] page_apply_done index=21 applyMs=250 mutations=898"
CoreData: debug: WAL checkpoint: Database did checkpoint. Log size: 1167 checkpointed: 1167
"[ProductPriceSync] page_save index=21 mutations=898 total=18900 saveMs=166"
"[ProductPriceSync] page_request index=22 offset=18900 after=760EAFC5-redacted"
"[ProductPriceSync] page_fetch_done index=22 fetchMs=254"
"[ProductPriceSync] page_return index=22 count=900 first=76113F5E-redacted last=7BD45C7C-redacted"
"[ProductPriceSync] row_skip id=77AB57C5-redacted reason=tombstoned_product"
"[ProductPriceSync] page_apply_done index=22 applyMs=261 mutations=899"
"[ProductPriceSync] page_save index=22 mutations=899 total=19800 saveMs=175"
"[ProductPriceSync] page_request index=23 offset=19800 after=7BD45C7C-redacted"
"[ProductPriceSync] page_fetch_done index=23 fetchMs=258"
"[ProductPriceSync] page_return index=23 count=900 first=7BD81CF6-redacted last=817892FD-redacted"
"[ProductPriceSync] row_skip id=7CEDB148-redacted reason=tombstoned_product"
"[ProductPriceSync] row_skip id=8131AB3B-redacted reason=tombstoned_product"
"[ProductPriceSync] page_apply_done index=23 applyMs=262 mutations=898"
CoreData: debug: WAL checkpoint: Database did checkpoint. Log size: 1144 checkpointed: 1144
"[ProductPriceSync] page_save index=23 mutations=898 total=20700 saveMs=178"
"[ProductPriceSync] page_request index=24 offset=20700 after=817892FD-redacted"
"[ProductPriceSync] page_fetch_done index=24 fetchMs=253"
"[ProductPriceSync] page_return index=24 count=900 first=817D269B-redacted last=876BBBFC-redacted"
"[ProductPriceSync] row_skip id=82156DC5-redacted reason=tombstoned_product"
"[ProductPriceSync] row_skip id=84215CC1-redacted reason=tombstoned_product"
"[ProductPriceSync] row_skip id=8491F4CD-redacted reason=tombstoned_product"
"[ProductPriceSync] row_skip id=850D8571-redacted reason=tombstoned_product"
"[ProductPriceSync] row_skip id=86A3DB68-redacted reason=tombstoned_product"
"[ProductPriceSync] page_apply_done index=24 applyMs=241 mutations=895"
"[ProductPriceSync] page_save index=24 mutations=895 total=21600 saveMs=164"
"[ProductPriceSync] page_request index=25 offset=21600 after=876BBBFC-redacted"
"[ProductPriceSync] page_fetch_done index=25 fetchMs=240"
"[ProductPriceSync] page_return index=25 count=900 first=876D382E-redacted last=8CFC599F-redacted"
"[ProductPriceSync] row_skip id=8972E03B-redacted reason=tombstoned_product"
"[ProductPriceSync] row_skip id=8C7CD567-redacted reason=tombstoned_product"
"[ProductPriceSync] page_apply_done index=25 applyMs=256 mutations=898"
CoreData: debug: WAL checkpoint: Database did checkpoint. Log size: 1164 checkpointed: 1164
"[ProductPriceSync] page_save index=25 mutations=898 total=22500 saveMs=164"
"[ProductPriceSync] page_request index=26 offset=22500 after=8CFC599F-redacted"
"[ProductPriceSync] page_fetch_done index=26 fetchMs=237"
"[ProductPriceSync] page_return index=26 count=900 first=8CFDAE48-redacted last=92A6DE18-redacted"
"[ProductPriceSync] row_skip id=8F3981D7-redacted reason=tombstoned_product"
"[ProductPriceSync] page_apply_done index=26 applyMs=257 mutations=899"
"[ProductPriceSync] page_save index=26 mutations=899 total=23400 saveMs=167"
"[ProductPriceSync] page_request index=27 offset=23400 after=92A6DE18-redacted"
"[ProductPriceSync] page_fetch_done index=27 fetchMs=241"
"[ProductPriceSync] page_return index=27 count=900 first=92A8012B-redacted last=988061CE-redacted"
"[ProductPriceSync] row_skip id=937203D4-redacted reason=tombstoned_product"
"[ProductPriceSync] row_skip id=9732839B-redacted reason=tombstoned_product"
"[ProductPriceSync] page_apply_done index=27 applyMs=258 mutations=898"
CoreData: debug: WAL checkpoint: Database did checkpoint. Log size: 1192 checkpointed: 1192
"[ProductPriceSync] page_save index=27 mutations=898 total=24300 saveMs=168"
"[ProductPriceSync] page_request index=28 offset=24300 after=988061CE-redacted"
"[ProductPriceSync] page_fetch_done index=28 fetchMs=249"
"[ProductPriceSync] page_return index=28 count=900 first=9882523C-redacted last=9DB46B53-redacted"
"[ProductPriceSync] row_skip id=98DB797A-redacted reason=tombstoned_product"
"[ProductPriceSync] row_skip id=99B6A611-redacted reason=tombstoned_product"
"[ProductPriceSync] page_apply_done index=28 applyMs=264 mutations=898"
"[ProductPriceSync] page_save index=28 mutations=898 total=25200 saveMs=156"
"[ProductPriceSync] page_request index=29 offset=25200 after=9DB46B53-redacted"
"[ProductPriceSync] page_fetch_done index=29 fetchMs=239"
"[ProductPriceSync] page_return index=29 count=900 first=9DB4B95F-redacted last=A3628544-redacted"
"[ProductPriceSync] row_skip id=9DF21672-redacted reason=tombstoned_product"
"[ProductPriceSync] row_skip id=9E83189E-redacted reason=tombstoned_product"
"[ProductPriceSync] row_skip id=A02A03DE-redacted reason=tombstoned_product"
"[ProductPriceSync] row_skip id=A0B1D636-redacted reason=tombstoned_product"
"[ProductPriceSync] row_skip id=A1FAA6BE-redacted reason=tombstoned_product"
"[ProductPriceSync] page_apply_done index=29 applyMs=248 mutations=895"
CoreData: debug: WAL checkpoint: Database did checkpoint. Log size: 1212 checkpointed: 1212
"[ProductPriceSync] page_save index=29 mutations=895 total=26100 saveMs=161"
"[ProductPriceSync] page_request index=30 offset=26100 after=A3628544-redacted"
"[ProductPriceSync] page_fetch_done index=30 fetchMs=248"
"[ProductPriceSync] page_return index=30 count=900 first=A365107A-redacted last=A8E2A9EE-redacted"
"[ProductPriceSync] row_skip id=A571B6E3-redacted reason=tombstoned_product"
"[ProductPriceSync] row_skip id=A6389AE6-redacted reason=tombstoned_product"
"[ProductPriceSync] row_skip id=A6F815A2-redacted reason=tombstoned_product"
"[ProductPriceSync] row_skip id=A7430194-redacted reason=tombstoned_product"
"[ProductPriceSync] row_skip id=A77B35FB-redacted reason=tombstoned_product"
"[ProductPriceSync] page_apply_done index=30 applyMs=244 mutations=895"
"[ProductPriceSync] page_save index=30 mutations=895 total=27000 saveMs=151"
"[ProductPriceSync] page_request index=31 offset=27000 after=A8E2A9EE-redacted"
"[ProductPriceSync] page_fetch_done index=31 fetchMs=240"
"[ProductPriceSync] page_return index=31 count=900 first=A8E2BA06-redacted last=AE3A46DD-redacted"
"[ProductPriceSync] row_skip id=A9F02848-redacted reason=tombstoned_product"
"[ProductPriceSync] page_apply_done index=31 applyMs=256 mutations=899"
CoreData: debug: WAL checkpoint: Database did checkpoint. Log size: 1214 checkpointed: 1214
"[ProductPriceSync] page_save index=31 mutations=899 total=27900 saveMs=167"
"[ProductPriceSync] page_request index=32 offset=27900 after=AE3A46DD-redacted"
"[ProductPriceSync] page_fetch_done index=32 fetchMs=266"
"[ProductPriceSync] page_return index=32 count=900 first=AE3C586E-redacted last=B3DEE091-redacted"
"[ProductPriceSync] page_apply_done index=32 applyMs=252 mutations=900"
"[ProductPriceSync] page_save index=32 mutations=900 total=28800 saveMs=162"
"[ProductPriceSync] page_request index=33 offset=28800 after=B3DEE091-redacted"
"[ProductPriceSync] page_fetch_done index=33 fetchMs=740"
"[ProductPriceSync] page_return index=33 count=900 first=B3E20FE1-redacted last=B9591FEA-redacted"
"[ProductPriceSync] row_skip id=B57A41E0-redacted reason=tombstoned_product"
"[ProductPriceSync] row_skip id=B8134630-redacted reason=tombstoned_product"
"[ProductPriceSync] row_skip id=B8A9AF87-redacted reason=tombstoned_product"
"[ProductPriceSync] page_apply_done index=33 applyMs=249 mutations=897"
CoreData: debug: WAL checkpoint: Database did checkpoint. Log size: 1208 checkpointed: 1208
"[ProductPriceSync] page_save index=33 mutations=897 total=29700 saveMs=164"
"[ProductPriceSync] page_request index=34 offset=29700 after=B9591FEA-redacted"
"[ProductPriceSync] page_fetch_done index=34 fetchMs=242"
"[ProductPriceSync] page_return index=34 count=900 first=B95D03A0-redacted last=BEDE707B-redacted"
"[ProductPriceSync] row_skip id=BC67536F-redacted reason=tombstoned_product"
"[ProductPriceSync] page_apply_done index=34 applyMs=245 mutations=899"
"[ProductPriceSync] page_save index=34 mutations=899 total=30600 saveMs=154"
"[ProductPriceSync] page_request index=35 offset=30600 after=BEDE707B-redacted"
"[ProductPriceSync] page_fetch_done index=35 fetchMs=252"
"[ProductPriceSync] page_return index=35 count=900 first=BEE2E22B-redacted last=C4CA46D6-redacted"
"[ProductPriceSync] row_skip id=C0998BA5-redacted reason=tombstoned_product"
"[ProductPriceSync] row_skip id=C16E586D-redacted reason=tombstoned_product"
"[ProductPriceSync] page_apply_done index=35 applyMs=250 mutations=898"
CoreData: debug: WAL checkpoint: Database did checkpoint. Log size: 1252 checkpointed: 1252
"[ProductPriceSync] page_save index=35 mutations=898 total=31500 saveMs=173"
"[ProductPriceSync] page_request index=36 offset=31500 after=C4CA46D6-redacted"
"[ProductPriceSync] page_fetch_done index=36 fetchMs=248"
"[ProductPriceSync] page_return index=36 count=900 first=C4CEFD35-redacted last=CA4D1ABB-redacted"
"[ProductPriceSync] row_skip id=C54E538A-redacted reason=tombstoned_product"
"[ProductPriceSync] row_skip id=CA12E46A-redacted reason=tombstoned_product"
"[ProductPriceSync] page_apply_done index=36 applyMs=264 mutations=898"
"[ProductPriceSync] page_save index=36 mutations=898 total=32400 saveMs=159"
"[ProductPriceSync] page_request index=37 offset=32400 after=CA4D1ABB-redacted"
"[ProductPriceSync] page_fetch_done index=37 fetchMs=251"
"[ProductPriceSync] page_return index=37 count=900 first=CA4E4A89-redacted last=CFAF9D15-redacted"
"[ProductPriceSync] page_apply_done index=37 applyMs=259 mutations=900"
CoreData: debug: WAL checkpoint: Database did checkpoint. Log size: 1219 checkpointed: 1219
"[ProductPriceSync] page_save index=37 mutations=900 total=33300 saveMs=167"
"[ProductPriceSync] page_request index=38 offset=33300 after=CFAF9D15-redacted"
"[ProductPriceSync] page_fetch_done index=38 fetchMs=261"
"[ProductPriceSync] page_return index=38 count=900 first=CFB10B62-redacted last=D54A6EE5-redacted"
"[ProductPriceSync] row_skip id=D3A2D3A5-redacted reason=tombstoned_product"
"[ProductPriceSync] row_skip id=D5257D6D-redacted reason=tombstoned_product"
"[ProductPriceSync] page_apply_done index=38 applyMs=266 mutations=898"
"[ProductPriceSync] page_save index=38 mutations=898 total=34200 saveMs=155"
"[ProductPriceSync] page_request index=39 offset=34200 after=D54A6EE5-redacted"
"[ProductPriceSync] page_fetch_done index=39 fetchMs=250"
"[ProductPriceSync] page_return index=39 count=900 first=D54CC373-redacted last=DAAFBC8B-redacted"
"[ProductPriceSync] row_skip id=D652D083-redacted reason=tombstoned_product"
"[ProductPriceSync] row_skip id=D70D88A6-redacted reason=tombstoned_product"
"[ProductPriceSync] row_skip id=DA18BBF1-redacted reason=tombstoned_product"
"[ProductPriceSync] page_apply_done index=39 applyMs=259 mutations=897"
CoreData: debug: WAL checkpoint: Database did checkpoint. Log size: 1225 checkpointed: 1225
"[ProductPriceSync] page_save index=39 mutations=897 total=35100 saveMs=166"
"[ProductPriceSync] page_request index=40 offset=35100 after=DAAFBC8B-redacted"
"[ProductPriceSync] page_fetch_done index=40 fetchMs=241"
"[ProductPriceSync] page_return index=40 count=900 first=DAB3181F-redacted last=E012A9F7-redacted"
"[ProductPriceSync] row_skip id=DB05263B-redacted reason=tombstoned_product"
"[ProductPriceSync] page_apply_done index=40 applyMs=281 mutations=899"
"[ProductPriceSync] page_save index=40 mutations=899 total=36000 saveMs=164"
"[ProductPriceSync] page_request index=41 offset=36000 after=E012A9F7-redacted"
"[ProductPriceSync] page_fetch_done index=41 fetchMs=239"
"[ProductPriceSync] page_return index=41 count=900 first=E0169598-redacted last=E553E31B-redacted"
"[ProductPriceSync] row_skip id=E39FF25C-redacted reason=tombstoned_product"
"[ProductPriceSync] row_skip id=E53A91C1-redacted reason=tombstoned_product"
"[ProductPriceSync] row_skip id=E549B372-redacted reason=tombstoned_product"
"[ProductPriceSync] page_apply_done index=41 applyMs=271 mutations=897"
CoreData: debug: WAL checkpoint: Database did checkpoint. Log size: 1235 checkpointed: 1235
"[ProductPriceSync] page_save index=41 mutations=897 total=36900 saveMs=174"
"[ProductPriceSync] page_request index=42 offset=36900 after=E553E31B-redacted"
"[ProductPriceSync] page_fetch_done index=42 fetchMs=246"
"[ProductPriceSync] page_return index=42 count=900 first=E5548E60-redacted last=EAC3BA2E-redacted"
"[ProductPriceSync] row_skip id=E8A44C73-redacted reason=tombstoned_product"
"[ProductPriceSync] page_apply_done index=42 applyMs=272 mutations=899"
"[ProductPriceSync] page_save index=42 mutations=899 total=37800 saveMs=158"
"[ProductPriceSync] page_request index=43 offset=37800 after=EAC3BA2E-redacted"
"[ProductPriceSync] page_fetch_done index=43 fetchMs=255"
"[ProductPriceSync] page_return index=43 count=900 first=EAC53221-redacted last=F05DF5EF-redacted"
"[ProductPriceSync] row_skip id=EB8D19EA-redacted reason=tombstoned_product"
"[ProductPriceSync] row_skip id=EBD91778-redacted reason=tombstoned_product"
"[ProductPriceSync] row_skip id=F059B504-redacted reason=tombstoned_product"
"[ProductPriceSync] page_apply_done index=43 applyMs=275 mutations=897"
CoreData: debug: WAL checkpoint: Database did checkpoint. Log size: 1250 checkpointed: 1250
"[ProductPriceSync] page_save index=43 mutations=897 total=38700 saveMs=169"
"[ProductPriceSync] page_request index=44 offset=38700 after=F05DF5EF-redacted"
"[ProductPriceSync] page_fetch_done index=44 fetchMs=252"
"[ProductPriceSync] page_return index=44 count=900 first=F05F11DD-redacted last=F5E0A124-redacted"
"[ProductPriceSync] page_apply_done index=44 applyMs=276 mutations=900"
"[ProductPriceSync] page_save index=44 mutations=900 total=39600 saveMs=163"
"[ProductPriceSync] page_request index=45 offset=39600 after=F5E0A124-redacted"
"[ProductPriceSync] page_fetch_done index=45 fetchMs=260"
"[ProductPriceSync] page_return index=45 count=900 first=F5E24939-redacted last=FB8F3C04-redacted"
"[ProductPriceSync] row_skip id=F804AA27-redacted reason=tombstoned_product"
"[ProductPriceSync] row_skip id=F8604A5D-redacted reason=tombstoned_product"
"[ProductPriceSync] row_skip id=F8B664CB-redacted reason=tombstoned_product"
"[ProductPriceSync] row_skip id=FA1E21F8-redacted reason=tombstoned_product"
"[ProductPriceSync] row_skip id=FA6BE64C-redacted reason=tombstoned_product"
"[ProductPriceSync] page_apply_done index=45 applyMs=298 mutations=895"
CoreData: debug: WAL checkpoint: Database did checkpoint. Log size: 1284 checkpointed: 1284
"[ProductPriceSync] page_save index=45 mutations=895 total=40500 saveMs=197"
"[ProductPriceSync] page_request index=46 offset=40500 after=FB8F3C04-redacted"
"[ProductPriceSync] page_fetch_done index=46 fetchMs=234"
"[ProductPriceSync] page_return index=46 count=718 first=FB90592C-redacted last=FFF9125A-redacted"
"[ProductPriceSync] row_skip id=FD01A304-redacted reason=tombstoned_product"
"[ProductPriceSync] page_apply_done index=46 applyMs=250 mutations=717"
"[ProductPriceSync] page_save index=46 mutations=717 total=41218 saveMs=143"
"[ProductPriceSync] paged_apply_complete inserted=41137 linked=0 pruned=0 skipped=81 total=41218 elapsedMs=44126"
"[ProductPriceSync] paged_apply_exit cancelled=false pages=45 total=41218"
"[InventorySnapshot] start products=19710 suppliers=69 categories=38 prices=41137"
"[InventorySnapshot] done elapsedMs=3104 products=19710 suppliers=69 categories=38 prices=41137"
CoreData: debug: WAL checkpoint: Database did checkpoint. Log size: 2386 checkpointed: 2386
CoreData: debug: PostSaveMaintenance: fileSize 9830352 greater than prune threshold
CoreData: debug: PostSaveMaintenance: incremental_vacuum with freelist_count - 1142 and pages_to_free 228
CoreData: annotation: PostSaveMaintenance: wal_checkpoint(TRUNCATE)
CoreData: debug: WAL checkpoint: Database did checkpoint. Log size: 0 checkpointed: 0
"[InventorySnapshot] start products=0 suppliers=0 categories=0 prices=0"
"[InventorySnapshot] done elapsedMs=0 products=0 suppliers=0 categories=0 prices=0"
"[InventorySnapshot] start products=0 suppliers=0 categories=0 prices=0"
"[InventorySnapshot] done elapsedMs=0 products=0 suppliers=0 categories=0 prices=0"
CoreData: debug: WAL checkpoint: Database did checkpoint. Log size: 1043 checkpointed: 1043
CoreData: debug: WAL checkpoint: Database did checkpoint. Log size: 1019 checkpointed: 1019
CoreData: debug: WAL checkpoint: Database did checkpoint. Log size: 1032 checkpointed: 1032
CoreData: debug: WAL checkpoint: Database did checkpoint. Log size: 1257 checkpointed: 1257
CoreData: debug: WAL checkpoint: Database did checkpoint. Log size: 1317 checkpointed: 1317
CoreData: debug: WAL checkpoint: Database did checkpoint. Log size: 1431 checkpointed: 1431
CoreData: debug: WAL checkpoint: Database did checkpoint. Log size: 1089 checkpointed: 1089
CoreData: debug: WAL checkpoint: Database did checkpoint. Log size: 1197 checkpointed: 1197
CoreData: debug: WAL checkpoint: Database did checkpoint. Log size: 1293 checkpointed: 1293
CoreData: debug: WAL checkpoint: Database did checkpoint. Log size: 1396 checkpointed: 1396
CoreData: debug: WAL checkpoint: Database did checkpoint. Log size: 1438 checkpointed: 1438
"[ProductPriceSync] paged_apply_start total=41218 pageSize=900 mode=keyset"
"[ProductPriceSync] tombstoned_products count=45"
"[ProductPriceSync] page_request index=1 offset=0 after=nil"
"[ProductPriceSync] page_fetch_done index=1 fetchMs=274"
"[ProductPriceSync] page_return index=1 count=900 first=000078D9-redacted last=057EBEB4-redacted"
"[ProductPriceSync] page_apply_done index=1 applyMs=189 mutations=900"
CoreData: debug: WAL checkpoint: Database did checkpoint. Log size: 1192 checkpointed: 1192
"[ProductPriceSync] page_save index=1 mutations=900 total=900 saveMs=165"
"[ProductPriceSync] page_request index=2 offset=900 after=057EBEB4-redacted"
"[ProductPriceSync] page_fetch_done index=2 fetchMs=257"
"[ProductPriceSync] page_return index=2 count=900 first=058400E6-redacted last=0AFAEB23-redacted"
"[ProductPriceSync] row_skip id=065DE704-redacted reason=tombstoned_product"
"[ProductPriceSync] row_skip id=0A2D29A6-redacted reason=tombstoned_product"
"[ProductPriceSync] page_apply_done index=2 applyMs=189 mutations=898"
"[ProductPriceSync] page_save index=2 mutations=898 total=1800 saveMs=146"
"[ProductPriceSync] page_request index=3 offset=1800 after=0AFAEB23-redacted"
"[ProductPriceSync] page_fetch_done index=3 fetchMs=239"
"[ProductPriceSync] page_return index=3 count=900 first=0AFD7312-redacted last=105AFD4A-redacted"
"[ProductPriceSync] row_skip id=0FFAC88D-redacted reason=tombstoned_product"
"[ProductPriceSync] page_apply_done index=3 applyMs=182 mutations=899"
CoreData: debug: WAL checkpoint: Database did checkpoint. Log size: 1034 checkpointed: 1034
"[ProductPriceSync] page_save index=3 mutations=899 total=2700 saveMs=152"
"[ProductPriceSync] page_request index=4 offset=2700 after=105AFD4A-redacted"
"[ProductPriceSync] page_fetch_done index=4 fetchMs=251"
"[ProductPriceSync] page_return index=4 count=900 first=105D2320-redacted last=1618290E-redacted"
"[ProductPriceSync] row_skip id=15570C24-redacted reason=tombstoned_product"
"[ProductPriceSync] row_skip id=15EF550C-redacted reason=tombstoned_product"
"[ProductPriceSync] page_apply_done index=4 applyMs=193 mutations=898"
"[ProductPriceSync] page_save index=4 mutations=898 total=3600 saveMs=148"
"[ProductPriceSync] page_request index=5 offset=3600 after=1618290E-redacted"
"[ProductPriceSync] page_fetch_done index=5 fetchMs=254"
"[ProductPriceSync] page_return index=5 count=900 first=161AEED2-redacted last=1BC68BD0-redacted"
"[ProductPriceSync] row_skip id=16C93EB7-redacted reason=tombstoned_product"
"[ProductPriceSync] row_skip id=19163F5F-redacted reason=tombstoned_product"
"[ProductPriceSync] page_apply_done index=5 applyMs=197 mutations=898"
CoreData: debug: WAL checkpoint: Database did checkpoint. Log size: 1060 checkpointed: 1060
"[ProductPriceSync] page_save index=5 mutations=898 total=4500 saveMs=154"
"[ProductPriceSync] page_request index=6 offset=4500 after=1BC68BD0-redacted"
"[ProductPriceSync] page_fetch_done index=6 fetchMs=257"
"[ProductPriceSync] page_return index=6 count=900 first=1BCD222E-redacted last=21468820-redacted"
"[ProductPriceSync] row_skip id=1F00BF27-redacted reason=tombstoned_product"
"[ProductPriceSync] page_apply_done index=6 applyMs=197 mutations=899"
"[ProductPriceSync] page_save index=6 mutations=899 total=5400 saveMs=145"
"[ProductPriceSync] page_request index=7 offset=5400 after=21468820-redacted"
"[ProductPriceSync] page_fetch_done index=7 fetchMs=267"
"[ProductPriceSync] page_return index=7 count=900 first=2146CE09-redacted last=26D0D194-redacted"
"[ProductPriceSync] row_skip id=22C26A1F-redacted reason=tombstoned_product"
"[ProductPriceSync] page_apply_done index=7 applyMs=206 mutations=899"
CoreData: debug: WAL checkpoint: Database did checkpoint. Log size: 1084 checkpointed: 1084
"[ProductPriceSync] page_save index=7 mutations=899 total=6300 saveMs=159"
"[ProductPriceSync] page_request index=8 offset=6300 after=26D0D194-redacted"
"[ProductPriceSync] page_fetch_done index=8 fetchMs=247"
"[ProductPriceSync] page_return index=8 count=900 first=26D0E77A-redacted last=2C46891F-redacted"
"[ProductPriceSync] page_apply_done index=8 applyMs=215 mutations=900"
"[ProductPriceSync] page_save index=8 mutations=900 total=7200 saveMs=153"
"[ProductPriceSync] page_request index=9 offset=7200 after=2C46891F-redacted"
"[ProductPriceSync] page_fetch_done index=9 fetchMs=253"
"[ProductPriceSync] page_return index=9 count=900 first=2C48E17F-redacted last=31E2E158-redacted"
"[ProductPriceSync] row_skip id=30CB0EEF-redacted reason=tombstoned_product"
"[ProductPriceSync] page_apply_done index=9 applyMs=214 mutations=899"
CoreData: debug: WAL checkpoint: Database did checkpoint. Log size: 1075 checkpointed: 1075
"[ProductPriceSync] page_save index=9 mutations=899 total=8100 saveMs=161"
"[ProductPriceSync] page_request index=10 offset=8100 after=31E2E158-redacted"
"[ProductPriceSync] page_fetch_done index=10 fetchMs=233"
"[ProductPriceSync] page_return index=10 count=900 first=31E32A05-redacted last=37860ACA-redacted"
"[ProductPriceSync] row_skip id=327E81A9-redacted reason=tombstoned_product"
"[ProductPriceSync] row_skip id=36A3AF0F-redacted reason=tombstoned_product"
"[ProductPriceSync] page_apply_done index=10 applyMs=218 mutations=898"
"[ProductPriceSync] page_save index=10 mutations=898 total=9000 saveMs=155"
"[ProductPriceSync] page_request index=11 offset=9000 after=37860ACA-redacted"
"[ProductPriceSync] page_fetch_done index=11 fetchMs=242"
"[ProductPriceSync] page_return index=11 count=900 first=37883D8A-redacted last=3D3B5A4E-redacted"
"[ProductPriceSync] row_skip id=3CDB05CF-redacted reason=tombstoned_product"
"[ProductPriceSync] page_apply_done index=11 applyMs=200 mutations=899"
CoreData: debug: WAL checkpoint: Database did checkpoint. Log size: 1079 checkpointed: 1079
"[ProductPriceSync] page_save index=11 mutations=899 total=9900 saveMs=159"
"[ProductPriceSync] page_request index=12 offset=9900 after=3D3B5A4E-redacted"
"[ProductPriceSync] page_fetch_done index=12 fetchMs=248"
"[ProductPriceSync] page_return index=12 count=900 first=3D3C25BB-redacted last=43328F86-redacted"
"[ProductPriceSync] row_skip id=3DC9B235-redacted reason=tombstoned_product"
"[ProductPriceSync] row_skip id=425230C6-redacted reason=tombstoned_product"
"[ProductPriceSync] page_apply_done index=12 applyMs=209 mutations=898"
"[ProductPriceSync] page_save index=12 mutations=898 total=10800 saveMs=147"
"[ProductPriceSync] page_request index=13 offset=10800 after=43328F86-redacted"
"[ProductPriceSync] page_fetch_done index=13 fetchMs=258"
"[ProductPriceSync] page_return index=13 count=900 first=4332E3DF-redacted last=48B403EE-redacted"
"[ProductPriceSync] row_skip id=43D06B67-redacted reason=tombstoned_product"
"[ProductPriceSync] page_apply_done index=13 applyMs=217 mutations=899"
CoreData: debug: WAL checkpoint: Database did checkpoint. Log size: 1056 checkpointed: 1056
"[ProductPriceSync] page_save index=13 mutations=899 total=11700 saveMs=158"
"[ProductPriceSync] page_request index=14 offset=11700 after=48B403EE-redacted"
"[ProductPriceSync] page_fetch_done index=14 fetchMs=269"
"[ProductPriceSync] page_return index=14 count=900 first=48B6644C-redacted last=4E18851F-redacted"
