Command line invocation:
    /Applications/Xcode.app/Contents/Developer/usr/bin/xcodebuild -project iOSMerchandiseControl.xcodeproj -scheme iOSMerchandiseControl -destination "platform=iOS Simulator,id=240F400E-5EFA-486A-9137-FFBBE70F604D" -configuration Debug build

Resolve Package Graph


Resolved source packages:
  swift-http-types: https://github.com/apple/swift-http-types.git @ 1.5.1
  ZIPFoundation: https://github.com/weichsel/ZIPFoundation.git @ 0.9.20
  swift-atomics: https://github.com/apple/swift-atomics.git @ 1.3.0
  swift-asn1: https://github.com/apple/swift-asn1.git @ 1.7.0
  xctest-dynamic-overlay: https://github.com/pointfreeco/xctest-dynamic-overlay @ 1.9.0
  LRUCache: https://github.com/nicklockwood/LRUCache.git @ 1.2.0
  SwiftSoup: https://github.com/scinfu/SwiftSoup @ 2.11.2
  swift-concurrency-extras: https://github.com/pointfreeco/swift-concurrency-extras @ 1.3.2
  libxlsxwriter: https://github.com/jmcnamara/libxlsxwriter @ main (f064715)
  swift-clocks: https://github.com/pointfreeco/swift-clocks @ 1.0.6
  swift-crypto: https://github.com/apple/swift-crypto.git @ 4.5.0
  Supabase: https://github.com/supabase/supabase-swift.git @ 2.46.0
  xlsxwriter.swift: https://github.com/damuellen/xlsxwriter.swift @ SPM (f4c0e10)

ComputePackagePrebuildTargetDependencyGraph

Prepare packages

CreateBuildRequest

SendProjectDescription

CreateBuildOperation

ComputeTargetDependencyGraph
note: Building targets in dependency order
note: Target dependency graph (37 targets)
    Target 'iOSMerchandiseControl' in project 'iOSMerchandiseControl'
        ➜ Explicit dependency on target 'Supabase' in project 'Supabase'
        ➜ Explicit dependency on target 'xlsxwriter' in project 'xlsxwriter.swift'
        ➜ Explicit dependency on target 'SwiftSoup' in project 'SwiftSoup'
        ➜ Explicit dependency on target 'ZIPFoundation' in project 'ZIPFoundation'
    Target 'ZIPFoundation' in project 'ZIPFoundation'
        ➜ Explicit dependency on target 'ZIPFoundation' in project 'ZIPFoundation'
        ➜ Explicit dependency on target 'ZIPFoundation_ZIPFoundation' in project 'ZIPFoundation'
    Target 'ZIPFoundation' in project 'ZIPFoundation'
        ➜ Explicit dependency on target 'ZIPFoundation_ZIPFoundation' in project 'ZIPFoundation'
    Target 'ZIPFoundation_ZIPFoundation' in project 'ZIPFoundation' (no dependencies)
    Target 'SwiftSoup' in project 'SwiftSoup'
        ➜ Explicit dependency on target 'SwiftSoup' in project 'SwiftSoup'
        ➜ Explicit dependency on target 'LRUCache' in project 'LRUCache'
        ➜ Explicit dependency on target 'Atomics' in project 'swift-atomics'
    Target 'SwiftSoup' in project 'SwiftSoup'
        ➜ Explicit dependency on target 'LRUCache' in project 'LRUCache'
        ➜ Explicit dependency on target 'Atomics' in project 'swift-atomics'
    Target 'Atomics' in project 'swift-atomics'
        ➜ Explicit dependency on target 'Atomics' in project 'swift-atomics'
        ➜ Explicit dependency on target '_AtomicsShims' in project 'swift-atomics'
    Target 'Atomics' in project 'swift-atomics'
        ➜ Explicit dependency on target '_AtomicsShims' in project 'swift-atomics'
    Target '_AtomicsShims' in project 'swift-atomics' (no dependencies)
    Target 'LRUCache' in project 'LRUCache'
        ➜ Explicit dependency on target 'LRUCache' in project 'LRUCache'
    Target 'LRUCache' in project 'LRUCache' (no dependencies)
    Target 'xlsxwriter' in project 'xlsxwriter.swift'
        ➜ Explicit dependency on target 'xlsxwriter' in project 'xlsxwriter.swift'
        ➜ Explicit dependency on target 'libxlsxwriter' in project 'libxlsxwriter'
    Target 'xlsxwriter' in project 'xlsxwriter.swift'
        ➜ Explicit dependency on target 'libxlsxwriter' in project 'libxlsxwriter'
    Target 'libxlsxwriter' in project 'libxlsxwriter'
        ➜ Explicit dependency on target 'libxlsxwriter' in project 'libxlsxwriter'
    Target 'libxlsxwriter' in project 'libxlsxwriter' (no dependencies)
    Target 'Supabase' in project 'Supabase'
        ➜ Explicit dependency on target 'Supabase' in project 'Supabase'
        ➜ Explicit dependency on target 'Helpers' in project 'Supabase'
        ➜ Explicit dependency on target 'Auth' in project 'Supabase'
        ➜ Explicit dependency on target 'Functions' in project 'Supabase'
        ➜ Explicit dependency on target 'PostgREST' in project 'Supabase'
        ➜ Explicit dependency on target 'Realtime' in project 'Supabase'
        ➜ Explicit dependency on target 'Storage' in project 'Supabase'
        ➜ Explicit dependency on target 'ConcurrencyExtras' in project 'swift-concurrency-extras'
        ➜ Explicit dependency on target 'HTTPTypes' in project 'swift-http-types'
        ➜ Explicit dependency on target 'Clocks' in project 'swift-clocks'
        ➜ Explicit dependency on target 'XCTestDynamicOverlay' in project 'xctest-dynamic-overlay'
        ➜ Explicit dependency on target 'Crypto' in project 'swift-crypto'
        ➜ Explicit dependency on target 'IssueReporting' in project 'xctest-dynamic-overlay'
    Target 'Supabase' in project 'Supabase'
        ➜ Explicit dependency on target 'Helpers' in project 'Supabase'
        ➜ Explicit dependency on target 'Auth' in project 'Supabase'
        ➜ Explicit dependency on target 'Functions' in project 'Supabase'
        ➜ Explicit dependency on target 'PostgREST' in project 'Supabase'
        ➜ Explicit dependency on target 'Realtime' in project 'Supabase'
        ➜ Explicit dependency on target 'Storage' in project 'Supabase'
        ➜ Explicit dependency on target 'ConcurrencyExtras' in project 'swift-concurrency-extras'
        ➜ Explicit dependency on target 'HTTPTypes' in project 'swift-http-types'
        ➜ Explicit dependency on target 'Clocks' in project 'swift-clocks'
        ➜ Explicit dependency on target 'XCTestDynamicOverlay' in project 'xctest-dynamic-overlay'
        ➜ Explicit dependency on target 'Crypto' in project 'swift-crypto'
        ➜ Explicit dependency on target 'IssueReporting' in project 'xctest-dynamic-overlay'
    Target 'Storage' in project 'Supabase'
        ➜ Explicit dependency on target 'Helpers' in project 'Supabase'
        ➜ Explicit dependency on target 'ConcurrencyExtras' in project 'swift-concurrency-extras'
        ➜ Explicit dependency on target 'HTTPTypes' in project 'swift-http-types'
        ➜ Explicit dependency on target 'Clocks' in project 'swift-clocks'
        ➜ Explicit dependency on target 'XCTestDynamicOverlay' in project 'xctest-dynamic-overlay'
    Target 'Realtime' in project 'Supabase'
        ➜ Explicit dependency on target 'Helpers' in project 'Supabase'
        ➜ Explicit dependency on target 'ConcurrencyExtras' in project 'swift-concurrency-extras'
        ➜ Explicit dependency on target 'HTTPTypes' in project 'swift-http-types'
        ➜ Explicit dependency on target 'Clocks' in project 'swift-clocks'
        ➜ Explicit dependency on target 'XCTestDynamicOverlay' in project 'xctest-dynamic-overlay'
        ➜ Explicit dependency on target 'IssueReporting' in project 'xctest-dynamic-overlay'
    Target 'PostgREST' in project 'Supabase'
        ➜ Explicit dependency on target 'Helpers' in project 'Supabase'
        ➜ Explicit dependency on target 'ConcurrencyExtras' in project 'swift-concurrency-extras'
        ➜ Explicit dependency on target 'HTTPTypes' in project 'swift-http-types'
        ➜ Explicit dependency on target 'Clocks' in project 'swift-clocks'
        ➜ Explicit dependency on target 'XCTestDynamicOverlay' in project 'xctest-dynamic-overlay'
    Target 'Functions' in project 'Supabase'
        ➜ Explicit dependency on target 'Helpers' in project 'Supabase'
        ➜ Explicit dependency on target 'ConcurrencyExtras' in project 'swift-concurrency-extras'
        ➜ Explicit dependency on target 'HTTPTypes' in project 'swift-http-types'
        ➜ Explicit dependency on target 'Clocks' in project 'swift-clocks'
        ➜ Explicit dependency on target 'XCTestDynamicOverlay' in project 'xctest-dynamic-overlay'
    Target 'Auth' in project 'Supabase'
        ➜ Explicit dependency on target 'Helpers' in project 'Supabase'
        ➜ Explicit dependency on target 'ConcurrencyExtras' in project 'swift-concurrency-extras'
        ➜ Explicit dependency on target 'HTTPTypes' in project 'swift-http-types'
        ➜ Explicit dependency on target 'Clocks' in project 'swift-clocks'
        ➜ Explicit dependency on target 'XCTestDynamicOverlay' in project 'xctest-dynamic-overlay'
        ➜ Explicit dependency on target 'Crypto' in project 'swift-crypto'
    Target 'Crypto' in project 'swift-crypto'
        ➜ Explicit dependency on target 'Crypto' in project 'swift-crypto'
        ➜ Explicit dependency on target 'swift-crypto_Crypto' in project 'swift-crypto'
    Target 'Crypto' in project 'swift-crypto'
        ➜ Explicit dependency on target 'swift-crypto_Crypto' in project 'swift-crypto'
    Target 'swift-crypto_Crypto' in project 'swift-crypto' (no dependencies)
    Target 'Helpers' in project 'Supabase'
        ➜ Explicit dependency on target 'ConcurrencyExtras' in project 'swift-concurrency-extras'
        ➜ Explicit dependency on target 'HTTPTypes' in project 'swift-http-types'
        ➜ Explicit dependency on target 'Clocks' in project 'swift-clocks'
        ➜ Explicit dependency on target 'XCTestDynamicOverlay' in project 'xctest-dynamic-overlay'
    Target 'XCTestDynamicOverlay' in project 'xctest-dynamic-overlay'
        ➜ Explicit dependency on target 'XCTestDynamicOverlay' in project 'xctest-dynamic-overlay'
        ➜ Explicit dependency on target 'IssueReportingPackageSupport' in project 'xctest-dynamic-overlay'
        ➜ Explicit dependency on target 'IssueReporting' in project 'xctest-dynamic-overlay'
    Target 'XCTestDynamicOverlay' in project 'xctest-dynamic-overlay'
        ➜ Explicit dependency on target 'IssueReportingPackageSupport' in project 'xctest-dynamic-overlay'
        ➜ Explicit dependency on target 'IssueReporting' in project 'xctest-dynamic-overlay'
    Target 'Clocks' in project 'swift-clocks'
        ➜ Explicit dependency on target 'Clocks' in project 'swift-clocks'
        ➜ Explicit dependency on target 'ConcurrencyExtras' in project 'swift-concurrency-extras'
        ➜ Explicit dependency on target 'IssueReporting' in project 'xctest-dynamic-overlay'
    Target 'Clocks' in project 'swift-clocks'
        ➜ Explicit dependency on target 'ConcurrencyExtras' in project 'swift-concurrency-extras'
        ➜ Explicit dependency on target 'IssueReporting' in project 'xctest-dynamic-overlay'
    Target 'IssueReporting' in project 'xctest-dynamic-overlay'
        ➜ Explicit dependency on target 'IssueReporting' in project 'xctest-dynamic-overlay'
        ➜ Explicit dependency on target 'IssueReportingPackageSupport' in project 'xctest-dynamic-overlay'
    Target 'IssueReporting' in project 'xctest-dynamic-overlay'
        ➜ Explicit dependency on target 'IssueReportingPackageSupport' in project 'xctest-dynamic-overlay'
    Target 'IssueReportingPackageSupport' in project 'xctest-dynamic-overlay' (no dependencies)
    Target 'HTTPTypes' in project 'swift-http-types'
        ➜ Explicit dependency on target 'HTTPTypes' in project 'swift-http-types'
    Target 'HTTPTypes' in project 'swift-http-types' (no dependencies)
    Target 'ConcurrencyExtras' in project 'swift-concurrency-extras'
        ➜ Explicit dependency on target 'ConcurrencyExtras' in project 'swift-concurrency-extras'
    Target 'ConcurrencyExtras' in project 'swift-concurrency-extras' (no dependencies)

GatherProvisioningInputs

CreateBuildDescription

ExecuteExternalTool /Applications/Xcode.app/Contents/Developer/Toolchains/XcodeDefault.xctoolchain/usr/bin/swiftc --version

ExecuteExternalTool /Applications/Xcode.app/Contents/Developer/Toolchains/XcodeDefault.xctoolchain/usr/bin/clang -v -E -dM -arch arm64 -isysroot /Applications/Xcode.app/Contents/Developer/Platforms/iPhoneSimulator.platform/Developer/SDKs/iPhoneSimulator26.5.sdk -x c -c /dev/null

ExecuteExternalTool /Applications/Xcode.app/Contents/Developer/Toolchains/XcodeDefault.xctoolchain/usr/bin/clang -v -E -dM -isysroot /Applications/Xcode.app/Contents/Developer/Platforms/iPhoneSimulator.platform/Developer/SDKs/iPhoneSimulator26.5.sdk -x c -c /dev/null

ExecuteExternalTool /Applications/Xcode.app/Contents/Developer/Toolchains/XcodeDefault.xctoolchain/usr/bin/ld -version_details

ExecuteExternalTool /Applications/Xcode.app/Contents/Developer/Toolchains/XcodeDefault.xctoolchain/usr/bin/clang -v -E -dM -arch arm64 -isysroot /Applications/Xcode.app/Contents/Developer/Platforms/iPhoneSimulator.platform/Developer/SDKs/iPhoneSimulator26.5.sdk -x objective-c -c /dev/null

ExecuteExternalTool /Applications/Xcode.app/Contents/Developer/usr/bin/actool --print-asset-tag-combinations --output-format xml1 /Users/minxiang/Desktop/iOSMerchandiseControl/iOSMerchandiseControl/Assets.xcassets

ReadFileContents /Applications/Xcode.app/Contents/Developer/Toolchains/XcodeDefault.xctoolchain/usr/share/docc/features.json

ExecuteExternalTool /Applications/Xcode.app/Contents/Developer/usr/bin/actool --version --output-format xml1

Build description signature: 3914905878e92f5c915ff90fbaf62aac
Build description path: /Users/minxiang/Library/Developer/Xcode/DerivedData/iOSMerchandiseControl-hipxsmlvmjphcyaknnsmrggoalrx/Build/Intermediates.noindex/XCBuildData/3914905878e92f5c915ff90fbaf62aac.xcbuilddata
ClangStatCache /Applications/Xcode.app/Contents/Developer/Toolchains/XcodeDefault.xctoolchain/usr/bin/clang-stat-cache /Applications/Xcode.app/Contents/Developer/Platforms/iPhoneSimulator.platform/Developer/SDKs/iPhoneSimulator26.5.sdk /Users/minxiang/Library/Developer/Xcode/DerivedData/SDKStatCaches.noindex/iphonesimulator26.5-23F73-6cfe768891a92b912361537c460fe42b.sdkstatcache
    cd /Users/minxiang/Desktop/iOSMerchandiseControl/iOSMerchandiseControl.xcodeproj
    /Applications/Xcode.app/Contents/Developer/Toolchains/XcodeDefault.xctoolchain/usr/bin/clang-stat-cache /Applications/Xcode.app/Contents/Developer/Platforms/iPhoneSimulator.platform/Developer/SDKs/iPhoneSimulator26.5.sdk -o /Users/minxiang/Library/Developer/Xcode/DerivedData/SDKStatCaches.noindex/iphonesimulator26.5-23F73-6cfe768891a92b912361537c460fe42b.sdkstatcache

ProcessInfoPlistFile /Users/minxiang/Library/Developer/Xcode/DerivedData/iOSMerchandiseControl-hipxsmlvmjphcyaknnsmrggoalrx/Build/Products/Debug-iphonesimulator/swift-crypto_Crypto.bundle/Info.plist /Users/minxiang/Library/Developer/Xcode/DerivedData/iOSMerchandiseControl-hipxsmlvmjphcyaknnsmrggoalrx/Build/Intermediates.noindex/swift-crypto.build/Debug-iphonesimulator/swift-crypto_Crypto.build/empty-swift-crypto_Crypto.plist (in target 'swift-crypto_Crypto' from project 'swift-crypto')
    cd /Users/minxiang/Library/Developer/Xcode/DerivedData/iOSMerchandiseControl-hipxsmlvmjphcyaknnsmrggoalrx/SourcePackages/checkouts/swift-crypto
    builtin-infoPlistUtility /Users/minxiang/Library/Developer/Xcode/DerivedData/iOSMerchandiseControl-hipxsmlvmjphcyaknnsmrggoalrx/Build/Intermediates.noindex/swift-crypto.build/Debug-iphonesimulator/swift-crypto_Crypto.build/empty-swift-crypto_Crypto.plist -producttype com.apple.product-type.bundle -expandbuildsettings -format binary -platform iphonesimulator -o /Users/minxiang/Library/Developer/Xcode/DerivedData/iOSMerchandiseControl-hipxsmlvmjphcyaknnsmrggoalrx/Build/Products/Debug-iphonesimulator/swift-crypto_Crypto.bundle/Info.plist

ProcessInfoPlistFile /Users/minxiang/Library/Developer/Xcode/DerivedData/iOSMerchandiseControl-hipxsmlvmjphcyaknnsmrggoalrx/Build/Products/Debug-iphonesimulator/ZIPFoundation_ZIPFoundation.bundle/Info.plist /Users/minxiang/Library/Developer/Xcode/DerivedData/iOSMerchandiseControl-hipxsmlvmjphcyaknnsmrggoalrx/Build/Intermediates.noindex/ZIPFoundation.build/Debug-iphonesimulator/ZIPFoundation_ZIPFoundation.build/empty-ZIPFoundation_ZIPFoundation.plist (in target 'ZIPFoundation_ZIPFoundation' from project 'ZIPFoundation')
    cd /Users/minxiang/Library/Developer/Xcode/DerivedData/iOSMerchandiseControl-hipxsmlvmjphcyaknnsmrggoalrx/SourcePackages/checkouts/ZIPFoundation
    builtin-infoPlistUtility /Users/minxiang/Library/Developer/Xcode/DerivedData/iOSMerchandiseControl-hipxsmlvmjphcyaknnsmrggoalrx/Build/Intermediates.noindex/ZIPFoundation.build/Debug-iphonesimulator/ZIPFoundation_ZIPFoundation.build/empty-ZIPFoundation_ZIPFoundation.plist -producttype com.apple.product-type.bundle -expandbuildsettings -format binary -platform iphonesimulator -o /Users/minxiang/Library/Developer/Xcode/DerivedData/iOSMerchandiseControl-hipxsmlvmjphcyaknnsmrggoalrx/Build/Products/Debug-iphonesimulator/ZIPFoundation_ZIPFoundation.bundle/Info.plist

note: Disabling hardened runtime with ad-hoc codesigning. (in target 'iOSMerchandiseControl' from project 'iOSMerchandiseControl')
ProcessProductPackaging "" /Users/minxiang/Library/Developer/Xcode/DerivedData/iOSMerchandiseControl-hipxsmlvmjphcyaknnsmrggoalrx/Build/Intermediates.noindex/iOSMerchandiseControl.build/Debug-iphonesimulator/iOSMerchandiseControl.build/iOSMerchandiseControl.app-Simulated.xcent (in target 'iOSMerchandiseControl' from project 'iOSMerchandiseControl')
    cd /Users/minxiang/Desktop/iOSMerchandiseControl

    Entitlements:

    {
    "application-identifier" = "45PJ364B5B.com.niwcyber.iOSMerchandiseControl";
}

    builtin-productPackagingUtility -entitlements -format xml -o /Users/minxiang/Library/Developer/Xcode/DerivedData/iOSMerchandiseControl-hipxsmlvmjphcyaknnsmrggoalrx/Build/Intermediates.noindex/iOSMerchandiseControl.build/Debug-iphonesimulator/iOSMerchandiseControl.build/iOSMerchandiseControl.app-Simulated.xcent

ProcessProductPackagingDER /Users/minxiang/Library/Developer/Xcode/DerivedData/iOSMerchandiseControl-hipxsmlvmjphcyaknnsmrggoalrx/Build/Intermediates.noindex/iOSMerchandiseControl.build/Debug-iphonesimulator/iOSMerchandiseControl.build/iOSMerchandiseControl.app-Simulated.xcent /Users/minxiang/Library/Developer/Xcode/DerivedData/iOSMerchandiseControl-hipxsmlvmjphcyaknnsmrggoalrx/Build/Intermediates.noindex/iOSMerchandiseControl.build/Debug-iphonesimulator/iOSMerchandiseControl.build/iOSMerchandiseControl.app-Simulated.xcent.der (in target 'iOSMerchandiseControl' from project 'iOSMerchandiseControl')
    cd /Users/minxiang/Desktop/iOSMerchandiseControl
    /usr/bin/derq query -f xml -i /Users/minxiang/Library/Developer/Xcode/DerivedData/iOSMerchandiseControl-hipxsmlvmjphcyaknnsmrggoalrx/Build/Intermediates.noindex/iOSMerchandiseControl.build/Debug-iphonesimulator/iOSMerchandiseControl.build/iOSMerchandiseControl.app-Simulated.xcent -o /Users/minxiang/Library/Developer/Xcode/DerivedData/iOSMerchandiseControl-hipxsmlvmjphcyaknnsmrggoalrx/Build/Intermediates.noindex/iOSMerchandiseControl.build/Debug-iphonesimulator/iOSMerchandiseControl.build/iOSMerchandiseControl.app-Simulated.xcent.der --raw

Ld /Users/minxiang/Library/Developer/Xcode/DerivedData/iOSMerchandiseControl-hipxsmlvmjphcyaknnsmrggoalrx/Build/Products/Debug-iphonesimulator/iOSMerchandiseControl.app/iOSMerchandiseControl.debug.dylib normal (in target 'iOSMerchandiseControl' from project 'iOSMerchandiseControl')
    cd /Users/minxiang/Desktop/iOSMerchandiseControl
    /Applications/Xcode.app/Contents/Developer/Toolchains/XcodeDefault.xctoolchain/usr/bin/clang -Xlinker -reproducible -target arm64-apple-ios26.1-simulator -dynamiclib -isysroot /Applications/Xcode.app/Contents/Developer/Platforms/iPhoneSimulator.platform/Developer/SDKs/iPhoneSimulator26.5.sdk -O0 -L/Users/minxiang/Library/Developer/Xcode/DerivedData/iOSMerchandiseControl-hipxsmlvmjphcyaknnsmrggoalrx/Build/Intermediates.noindex/EagerLinkingTBDs/Debug-iphonesimulator -L/Users/minxiang/Library/Developer/Xcode/DerivedData/iOSMerchandiseControl-hipxsmlvmjphcyaknnsmrggoalrx/Build/Products/Debug-iphonesimulator -F/Users/minxiang/Library/Developer/Xcode/DerivedData/iOSMerchandiseControl-hipxsmlvmjphcyaknnsmrggoalrx/Build/Intermediates.noindex/EagerLinkingTBDs/Debug-iphonesimulator -F/Users/minxiang/Library/Developer/Xcode/DerivedData/iOSMerchandiseControl-hipxsmlvmjphcyaknnsmrggoalrx/Build/Products/Debug-iphonesimulator/PackageFrameworks -F/Users/minxiang/Library/Developer/Xcode/DerivedData/iOSMerchandiseControl-hipxsmlvmjphcyaknnsmrggoalrx/Build/Products/Debug-iphonesimulator/PackageFrameworks -F/Users/minxiang/Library/Developer/Xcode/DerivedData/iOSMerchandiseControl-hipxsmlvmjphcyaknnsmrggoalrx/Build/Products/Debug-iphonesimulator/PackageFrameworks -F/Users/minxiang/Library/Developer/Xcode/DerivedData/iOSMerchandiseControl-hipxsmlvmjphcyaknnsmrggoalrx/Build/Products/Debug-iphonesimulator/PackageFrameworks -F/Users/minxiang/Library/Developer/Xcode/DerivedData/iOSMerchandiseControl-hipxsmlvmjphcyaknnsmrggoalrx/Build/Products/Debug-iphonesimulator/PackageFrameworks -F/Users/minxiang/Library/Developer/Xcode/DerivedData/iOSMerchandiseControl-hipxsmlvmjphcyaknnsmrggoalrx/Build/Products/Debug-iphonesimulator/PackageFrameworks -F/Users/minxiang/Library/Developer/Xcode/DerivedData/iOSMerchandiseControl-hipxsmlvmjphcyaknnsmrggoalrx/Build/Products/Debug-iphonesimulator/PackageFrameworks -F/Users/minxiang/Library/Developer/Xcode/DerivedData/iOSMerchandiseControl-hipxsmlvmjphcyaknnsmrggoalrx/Build/Products/Debug-iphonesimulator/PackageFrameworks -F/Users/minxiang/Library/Developer/Xcode/DerivedData/iOSMerchandiseControl-hipxsmlvmjphcyaknnsmrggoalrx/Build/Products/Debug-iphonesimulator/PackageFrameworks -F/Users/minxiang/Library/Developer/Xcode/DerivedData/iOSMerchandiseControl-hipxsmlvmjphcyaknnsmrggoalrx/Build/Products/Debug-iphonesimulator/PackageFrameworks -F/Users/minxiang/Library/Developer/Xcode/DerivedData/iOSMerchandiseControl-hipxsmlvmjphcyaknnsmrggoalrx/Build/Products/Debug-iphonesimulator/PackageFrameworks -F/Users/minxiang/Library/Developer/Xcode/DerivedData/iOSMerchandiseControl-hipxsmlvmjphcyaknnsmrggoalrx/Build/Products/Debug-iphonesimulator/PackageFrameworks -F/Users/minxiang/Library/Developer/Xcode/DerivedData/iOSMerchandiseControl-hipxsmlvmjphcyaknnsmrggoalrx/Build/Products/Debug-iphonesimulator/PackageFrameworks -F/Users/minxiang/Library/Developer/Xcode/DerivedData/iOSMerchandiseControl-hipxsmlvmjphcyaknnsmrggoalrx/Build/Products/Debug-iphonesimulator/PackageFrameworks -F/Users/minxiang/Library/Developer/Xcode/DerivedData/iOSMerchandiseControl-hipxsmlvmjphcyaknnsmrggoalrx/Build/Products/Debug-iphonesimulator/PackageFrameworks -F/Users/minxiang/Library/Developer/Xcode/DerivedData/iOSMerchandiseControl-hipxsmlvmjphcyaknnsmrggoalrx/Build/Products/Debug-iphonesimulator/PackageFrameworks -F/Users/minxiang/Library/Developer/Xcode/DerivedData/iOSMerchandiseControl-hipxsmlvmjphcyaknnsmrggoalrx/Build/Products/Debug-iphonesimulator/PackageFrameworks -F/Users/minxiang/Library/Developer/Xcode/DerivedData/iOSMerchandiseControl-hipxsmlvmjphcyaknnsmrggoalrx/Build/Products/Debug-iphonesimulator/PackageFrameworks -F/Users/minxiang/Library/Developer/Xcode/DerivedData/iOSMerchandiseControl-hipxsmlvmjphcyaknnsmrggoalrx/Build/Products/Debug-iphonesimulator/PackageFrameworks -F/Users/minxiang/Library/Developer/Xcode/DerivedData/iOSMerchandiseControl-hipxsmlvmjphcyaknnsmrggoalrx/Build/Products/Debug-iphonesimulator/PackageFrameworks -F/Users/minxiang/Library/Developer/Xcode/DerivedData/iOSMerchandiseControl-hipxsmlvmjphcyaknnsmrggoalrx/Build/Products/Debug-iphonesimulator/PackageFrameworks -F/Users/minxiang/Library/Developer/Xcode/DerivedData/iOSMerchandiseControl-hipxsmlvmjphcyaknnsmrggoalrx/Build/Products/Debug-iphonesimulator -filelist /Users/minxiang/Library/Developer/Xcode/DerivedData/iOSMerchandiseControl-hipxsmlvmjphcyaknnsmrggoalrx/Build/Intermediates.noindex/iOSMerchandiseControl.build/Debug-iphonesimulator/iOSMerchandiseControl.build/Objects-normal/arm64/iOSMerchandiseControl.LinkFileList -install_name @rpath/iOSMerchandiseControl.debug.dylib -Xlinker -rpath -Xlinker /Users/minxiang/Library/Developer/Xcode/DerivedData/iOSMerchandiseControl-hipxsmlvmjphcyaknnsmrggoalrx/Build/Products/Debug-iphonesimulator/PackageFrameworks -Xlinker -rpath -Xlinker @executable_path/Frameworks -Xlinker -dead_strip -Xlinker -object_path_lto -Xlinker /Users/minxiang/Library/Developer/Xcode/DerivedData/iOSMerchandiseControl-hipxsmlvmjphcyaknnsmrggoalrx/Build/Intermediates.noindex/iOSMerchandiseControl.build/Debug-iphonesimulator/iOSMerchandiseControl.build/Objects-normal/arm64/iOSMerchandiseControl_lto.o -rdynamic -Xlinker -no_deduplicate -Xlinker -objc_abi_version -Xlinker 2 -Xlinker -debug_variant -Xlinker -dependency_info -Xlinker /Users/minxiang/Library/Developer/Xcode/DerivedData/iOSMerchandiseControl-hipxsmlvmjphcyaknnsmrggoalrx/Build/Intermediates.noindex/iOSMerchandiseControl.build/Debug-iphonesimulator/iOSMerchandiseControl.build/Objects-normal/arm64/iOSMerchandiseControl_dependency_info.dat -fobjc-arc -fobjc-link-runtime -fprofile-instr-generate -L/Applications/Xcode.app/Contents/Developer/Toolchains/XcodeDefault.xctoolchain/usr/lib/swift/iphonesimulator -L/usr/lib/swift -Xlinker -add_ast_path -Xlinker /Users/minxiang/Library/Developer/Xcode/DerivedData/iOSMerchandiseControl-hipxsmlvmjphcyaknnsmrggoalrx/Build/Intermediates.noindex/iOSMerchandiseControl.build/Debug-iphonesimulator/iOSMerchandiseControl.build/Objects-normal/arm64/iOSMerchandiseControl.swiftmodule @/Users/minxiang/Library/Developer/Xcode/DerivedData/iOSMerchandiseControl-hipxsmlvmjphcyaknnsmrggoalrx/Build/Intermediates.noindex/iOSMerchandiseControl.build/Debug-iphonesimulator/iOSMerchandiseControl.build/Objects-normal/arm64/iOSMerchandiseControl-linker-args.resp -Wl,-no_warn_duplicate_libraries -Wl,-no_warn_duplicate_libraries -Wl,-no_warn_duplicate_libraries -Wl,-no_warn_duplicate_libraries -Wl,-no_warn_duplicate_libraries -Wl,-no_warn_duplicate_libraries -Wl,-no_warn_duplicate_libraries -Wl,-no_warn_duplicate_libraries -Wl,-no_warn_duplicate_libraries -Wl,-no_warn_duplicate_libraries -Wl,-no_warn_duplicate_libraries -Wl,-no_warn_duplicate_libraries -Wl,-no_warn_duplicate_libraries -Wl,-no_warn_duplicate_libraries -Wl,-no_warn_duplicate_libraries -Wl,-no_warn_duplicate_libraries -Wl,-no_warn_duplicate_libraries -Wl,-no_warn_duplicate_libraries -Wl,-no_warn_duplicate_libraries -Wl,-no_warn_duplicate_libraries -Wl,-no_warn_duplicate_libraries -lz -Xlinker -alias -Xlinker _main -Xlinker ___debug_main_executable_dylib_entry_point -Xlinker -no_adhoc_codesign -o /Users/minxiang/Library/Developer/Xcode/DerivedData/iOSMerchandiseControl-hipxsmlvmjphcyaknnsmrggoalrx/Build/Products/Debug-iphonesimulator/iOSMerchandiseControl.app/iOSMerchandiseControl.debug.dylib -Xlinker -add_ast_path -Xlinker /Users/minxiang/Library/Developer/Xcode/DerivedData/iOSMerchandiseControl-hipxsmlvmjphcyaknnsmrggoalrx/Build/Intermediates.noindex/Supabase.build/Debug-iphonesimulator/Supabase.build/Objects-normal/arm64/Supabase.swiftmodule @/Users/minxiang/Library/Developer/Xcode/DerivedData/iOSMerchandiseControl-hipxsmlvmjphcyaknnsmrggoalrx/Build/Intermediates.noindex/Supabase.build/Debug-iphonesimulator/Supabase.build/Objects-normal/arm64/Supabase-linker-args.resp -Xlinker -add_ast_path -Xlinker /Users/minxiang/Library/Developer/Xcode/DerivedData/iOSMerchandiseControl-hipxsmlvmjphcyaknnsmrggoalrx/Build/Intermediates.noindex/swift-concurrency-extras.build/Debug-iphonesimulator/ConcurrencyExtras.build/Objects-normal/arm64/ConcurrencyExtras.swiftmodule @/Users/minxiang/Library/Developer/Xcode/DerivedData/iOSMerchandiseControl-hipxsmlvmjphcyaknnsmrggoalrx/Build/Intermediates.noindex/swift-concurrency-extras.build/Debug-iphonesimulator/ConcurrencyExtras.build/Objects-normal/arm64/ConcurrencyExtras-linker-args.resp -Xlinker -add_ast_path -Xlinker /Users/minxiang/Library/Developer/Xcode/DerivedData/iOSMerchandiseControl-hipxsmlvmjphcyaknnsmrggoalrx/Build/Intermediates.noindex/swift-http-types.build/Debug-iphonesimulator/HTTPTypes.build/Objects-normal/arm64/HTTPTypes.swiftmodule @/Users/minxiang/Library/Developer/Xcode/DerivedData/iOSMerchandiseControl-hipxsmlvmjphcyaknnsmrggoalrx/Build/Intermediates.noindex/swift-http-types.build/Debug-iphonesimulator/HTTPTypes.build/Objects-normal/arm64/HTTPTypes-linker-args.resp -Xlinker -add_ast_path -Xlinker /Users/minxiang/Library/Developer/Xcode/DerivedData/iOSMerchandiseControl-hipxsmlvmjphcyaknnsmrggoalrx/Build/Intermediates.noindex/swift-clocks.build/Debug-iphonesimulator/Clocks.build/Objects-normal/arm64/Clocks.swiftmodule @/Users/minxiang/Library/Developer/Xcode/DerivedData/iOSMerchandiseControl-hipxsmlvmjphcyaknnsmrggoalrx/Build/Intermediates.noindex/swift-clocks.build/Debug-iphonesimulator/Clocks.build/Objects-normal/arm64/Clocks-linker-args.resp -Xlinker -add_ast_path -Xlinker /Users/minxiang/Library/Developer/Xcode/DerivedData/iOSMerchandiseControl-hipxsmlvmjphcyaknnsmrggoalrx/Build/Intermediates.noindex/xctest-dynamic-overlay.build/Debug-iphonesimulator/IssueReporting.build/Objects-normal/arm64/IssueReporting.swiftmodule @/Users/minxiang/Library/Developer/Xcode/DerivedData/iOSMerchandiseControl-hipxsmlvmjphcyaknnsmrggoalrx/Build/Intermediates.noindex/xctest-dynamic-overlay.build/Debug-iphonesimulator/IssueReporting.build/Objects-normal/arm64/IssueReporting-linker-args.resp -Xlinker -add_ast_path -Xlinker /Users/minxiang/Library/Developer/Xcode/DerivedData/iOSMerchandiseControl-hipxsmlvmjphcyaknnsmrggoalrx/Build/Intermediates.noindex/xctest-dynamic-overlay.build/Debug-iphonesimulator/IssueReportingPackageSupport.build/Objects-normal/arm64/IssueReportingPackageSupport.swiftmodule @/Users/minxiang/Library/Developer/Xcode/DerivedData/iOSMerchandiseControl-hipxsmlvmjphcyaknnsmrggoalrx/Build/Intermediates.noindex/xctest-dynamic-overlay.build/Debug-iphonesimulator/IssueReportingPackageSupport.build/Objects-normal/arm64/IssueReportingPackageSupport-linker-args.resp -Xlinker -add_ast_path -Xlinker /Users/minxiang/Library/Developer/Xcode/DerivedData/iOSMerchandiseControl-hipxsmlvmjphcyaknnsmrggoalrx/Build/Intermediates.noindex/xctest-dynamic-overlay.build/Debug-iphonesimulator/XCTestDynamicOverlay.build/Objects-normal/arm64/XCTestDynamicOverlay.swiftmodule @/Users/minxiang/Library/Developer/Xcode/DerivedData/iOSMerchandiseControl-hipxsmlvmjphcyaknnsmrggoalrx/Build/Intermediates.noindex/xctest-dynamic-overlay.build/Debug-iphonesimulator/XCTestDynamicOverlay.build/Objects-normal/arm64/XCTestDynamicOverlay-linker-args.resp -Xlinker -add_ast_path -Xlinker /Users/minxiang/Library/Developer/Xcode/DerivedData/iOSMerchandiseControl-hipxsmlvmjphcyaknnsmrggoalrx/Build/Intermediates.noindex/Supabase.build/Debug-iphonesimulator/Helpers.build/Objects-normal/arm64/Helpers.swiftmodule @/Users/minxiang/Library/Developer/Xcode/DerivedData/iOSMerchandiseControl-hipxsmlvmjphcyaknnsmrggoalrx/Build/Intermediates.noindex/Supabase.build/Debug-iphonesimulator/Helpers.build/Objects-normal/arm64/Helpers-linker-args.resp -Xlinker -add_ast_path -Xlinker /Users/minxiang/Library/Developer/Xcode/DerivedData/iOSMerchandiseControl-hipxsmlvmjphcyaknnsmrggoalrx/Build/Intermediates.noindex/swift-crypto.build/Debug-iphonesimulator/Crypto.build/Objects-normal/arm64/Crypto.swiftmodule @/Users/minxiang/Library/Developer/Xcode/DerivedData/iOSMerchandiseControl-hipxsmlvmjphcyaknnsmrggoalrx/Build/Intermediates.noindex/swift-crypto.build/Debug-iphonesimulator/Crypto.build/Objects-normal/arm64/Crypto-linker-args.resp -Xlinker -add_ast_path -Xlinker /Users/minxiang/Library/Developer/Xcode/DerivedData/iOSMerchandiseControl-hipxsmlvmjphcyaknnsmrggoalrx/Build/Intermediates.noindex/Supabase.build/Debug-iphonesimulator/Auth.build/Objects-normal/arm64/Auth.swiftmodule @/Users/minxiang/Library/Developer/Xcode/DerivedData/iOSMerchandiseControl-hipxsmlvmjphcyaknnsmrggoalrx/Build/Intermediates.noindex/Supabase.build/Debug-iphonesimulator/Auth.build/Objects-normal/arm64/Auth-linker-args.resp -Xlinker -add_ast_path -Xlinker /Users/minxiang/Library/Developer/Xcode/DerivedData/iOSMerchandiseControl-hipxsmlvmjphcyaknnsmrggoalrx/Build/Intermediates.noindex/Supabase.build/Debug-iphonesimulator/Functions.build/Objects-normal/arm64/Functions.swiftmodule @/Users/minxiang/Library/Developer/Xcode/DerivedData/iOSMerchandiseControl-hipxsmlvmjphcyaknnsmrggoalrx/Build/Intermediates.noindex/Supabase.build/Debug-iphonesimulator/Functions.build/Objects-normal/arm64/Functions-linker-args.resp -Xlinker -add_ast_path -Xlinker /Users/minxiang/Library/Developer/Xcode/DerivedData/iOSMerchandiseControl-hipxsmlvmjphcyaknnsmrggoalrx/Build/Intermediates.noindex/Supabase.build/Debug-iphonesimulator/PostgREST.build/Objects-normal/arm64/PostgREST.swiftmodule @/Users/minxiang/Library/Developer/Xcode/DerivedData/iOSMerchandiseControl-hipxsmlvmjphcyaknnsmrggoalrx/Build/Intermediates.noindex/Supabase.build/Debug-iphonesimulator/PostgREST.build/Objects-normal/arm64/PostgREST-linker-args.resp -Xlinker -add_ast_path -Xlinker /Users/minxiang/Library/Developer/Xcode/DerivedData/iOSMerchandiseControl-hipxsmlvmjphcyaknnsmrggoalrx/Build/Intermediates.noindex/Supabase.build/Debug-iphonesimulator/Realtime.build/Objects-normal/arm64/Realtime.swiftmodule @/Users/minxiang/Library/Developer/Xcode/DerivedData/iOSMerchandiseControl-hipxsmlvmjphcyaknnsmrggoalrx/Build/Intermediates.noindex/Supabase.build/Debug-iphonesimulator/Realtime.build/Objects-normal/arm64/Realtime-linker-args.resp -Xlinker -add_ast_path -Xlinker /Users/minxiang/Library/Developer/Xcode/DerivedData/iOSMerchandiseControl-hipxsmlvmjphcyaknnsmrggoalrx/Build/Intermediates.noindex/Supabase.build/Debug-iphonesimulator/Storage.build/Objects-normal/arm64/Storage.swiftmodule @/Users/minxiang/Library/Developer/Xcode/DerivedData/iOSMerchandiseControl-hipxsmlvmjphcyaknnsmrggoalrx/Build/Intermediates.noindex/Supabase.build/Debug-iphonesimulator/Storage.build/Objects-normal/arm64/Storage-linker-args.resp -Xlinker -add_ast_path -Xlinker /Users/minxiang/Library/Developer/Xcode/DerivedData/iOSMerchandiseControl-hipxsmlvmjphcyaknnsmrggoalrx/Build/Intermediates.noindex/xlsxwriter.swift.build/Debug-iphonesimulator/xlsxwriter.build/Objects-normal/arm64/xlsxwriter.swiftmodule @/Users/minxiang/Library/Developer/Xcode/DerivedData/iOSMerchandiseControl-hipxsmlvmjphcyaknnsmrggoalrx/Build/Intermediates.noindex/xlsxwriter.swift.build/Debug-iphonesimulator/xlsxwriter.build/Objects-normal/arm64/xlsxwriter-linker-args.resp -Xlinker -add_ast_path -Xlinker /Users/minxiang/Library/Developer/Xcode/DerivedData/iOSMerchandiseControl-hipxsmlvmjphcyaknnsmrggoalrx/Build/Intermediates.noindex/SwiftSoup.build/Debug-iphonesimulator/SwiftSoup.build/Objects-normal/arm64/SwiftSoup.swiftmodule @/Users/minxiang/Library/Developer/Xcode/DerivedData/iOSMerchandiseControl-hipxsmlvmjphcyaknnsmrggoalrx/Build/Intermediates.noindex/SwiftSoup.build/Debug-iphonesimulator/SwiftSoup.build/Objects-normal/arm64/SwiftSoup-linker-args.resp -Xlinker -add_ast_path -Xlinker /Users/minxiang/Library/Developer/Xcode/DerivedData/iOSMerchandiseControl-hipxsmlvmjphcyaknnsmrggoalrx/Build/Intermediates.noindex/LRUCache.build/Debug-iphonesimulator/LRUCache.build/Objects-normal/arm64/LRUCache.swiftmodule @/Users/minxiang/Library/Developer/Xcode/DerivedData/iOSMerchandiseControl-hipxsmlvmjphcyaknnsmrggoalrx/Build/Intermediates.noindex/LRUCache.build/Debug-iphonesimulator/LRUCache.build/Objects-normal/arm64/LRUCache-linker-args.resp -Xlinker -add_ast_path -Xlinker /Users/minxiang/Library/Developer/Xcode/DerivedData/iOSMerchandiseControl-hipxsmlvmjphcyaknnsmrggoalrx/Build/Intermediates.noindex/swift-atomics.build/Debug-iphonesimulator/Atomics.build/Objects-normal/arm64/Atomics.swiftmodule @/Users/minxiang/Library/Developer/Xcode/DerivedData/iOSMerchandiseControl-hipxsmlvmjphcyaknnsmrggoalrx/Build/Intermediates.noindex/swift-atomics.build/Debug-iphonesimulator/Atomics.build/Objects-normal/arm64/Atomics-linker-args.resp -Xlinker -add_ast_path -Xlinker /Users/minxiang/Library/Developer/Xcode/DerivedData/iOSMerchandiseControl-hipxsmlvmjphcyaknnsmrggoalrx/Build/Intermediates.noindex/ZIPFoundation.build/Debug-iphonesimulator/ZIPFoundation.build/Objects-normal/arm64/ZIPFoundation.swiftmodule @/Users/minxiang/Library/Developer/Xcode/DerivedData/iOSMerchandiseControl-hipxsmlvmjphcyaknnsmrggoalrx/Build/Intermediates.noindex/ZIPFoundation.build/Debug-iphonesimulator/ZIPFoundation.build/Objects-normal/arm64/ZIPFoundation-linker-args.resp

ProcessInfoPlistFile /Users/minxiang/Library/Developer/Xcode/DerivedData/iOSMerchandiseControl-hipxsmlvmjphcyaknnsmrggoalrx/Build/Products/Debug-iphonesimulator/iOSMerchandiseControl.app/Info.plist /Users/minxiang/Desktop/iOSMerchandiseControl/iOSMerchandiseControl/Info.plist (in target 'iOSMerchandiseControl' from project 'iOSMerchandiseControl')
    cd /Users/minxiang/Desktop/iOSMerchandiseControl
    builtin-infoPlistUtility /Users/minxiang/Desktop/iOSMerchandiseControl/iOSMerchandiseControl/Info.plist -producttype com.apple.product-type.application -genpkginfo /Users/minxiang/Library/Developer/Xcode/DerivedData/iOSMerchandiseControl-hipxsmlvmjphcyaknnsmrggoalrx/Build/Products/Debug-iphonesimulator/iOSMerchandiseControl.app/PkgInfo -expandbuildsettings -format binary -platform iphonesimulator -additionalcontentfile /Users/minxiang/Library/Developer/Xcode/DerivedData/iOSMerchandiseControl-hipxsmlvmjphcyaknnsmrggoalrx/Build/Intermediates.noindex/iOSMerchandiseControl.build/Debug-iphonesimulator/iOSMerchandiseControl.build/assetcatalog_generated_info.plist -scanforprivacyfile /Users/minxiang/Library/Developer/Xcode/DerivedData/iOSMerchandiseControl-hipxsmlvmjphcyaknnsmrggoalrx/Build/Products/Debug-iphonesimulator/iOSMerchandiseControl.app/ZIPFoundation_ZIPFoundation.bundle -scanforprivacyfile /Users/minxiang/Library/Developer/Xcode/DerivedData/iOSMerchandiseControl-hipxsmlvmjphcyaknnsmrggoalrx/Build/Products/Debug-iphonesimulator/iOSMerchandiseControl.app/swift-crypto_Crypto.bundle -o /Users/minxiang/Library/Developer/Xcode/DerivedData/iOSMerchandiseControl-hipxsmlvmjphcyaknnsmrggoalrx/Build/Products/Debug-iphonesimulator/iOSMerchandiseControl.app/Info.plist

ConstructStubExecutorLinkFileList /Users/minxiang/Library/Developer/Xcode/DerivedData/iOSMerchandiseControl-hipxsmlvmjphcyaknnsmrggoalrx/Build/Intermediates.noindex/iOSMerchandiseControl.build/Debug-iphonesimulator/iOSMerchandiseControl.build/iOSMerchandiseControl-ExecutorLinkFileList-normal-arm64.txt (in target 'iOSMerchandiseControl' from project 'iOSMerchandiseControl')
    cd /Users/minxiang/Desktop/iOSMerchandiseControl
    construct-stub-executor-link-file-list /Users/minxiang/Library/Developer/Xcode/DerivedData/iOSMerchandiseControl-hipxsmlvmjphcyaknnsmrggoalrx/Build/Products/Debug-iphonesimulator/iOSMerchandiseControl.app/iOSMerchandiseControl.debug.dylib /Applications/Xcode.app/Contents/Developer/Platforms/iPhoneSimulator.platform/Developer/usr/lib/libPreviewsJITStubExecutor_no_swift_entry_point.a /Applications/Xcode.app/Contents/Developer/Platforms/iPhoneSimulator.platform/Developer/usr/lib/libPreviewsJITStubExecutor.a --output /Users/minxiang/Library/Developer/Xcode/DerivedData/iOSMerchandiseControl-hipxsmlvmjphcyaknnsmrggoalrx/Build/Intermediates.noindex/iOSMerchandiseControl.build/Debug-iphonesimulator/iOSMerchandiseControl.build/iOSMerchandiseControl-ExecutorLinkFileList-normal-arm64.txt
note: Using stub executor library with Swift entry point. (in target 'iOSMerchandiseControl' from project 'iOSMerchandiseControl')

Ld /Users/minxiang/Library/Developer/Xcode/DerivedData/iOSMerchandiseControl-hipxsmlvmjphcyaknnsmrggoalrx/Build/Products/Debug-iphonesimulator/iOSMerchandiseControl.app/iOSMerchandiseControl normal (in target 'iOSMerchandiseControl' from project 'iOSMerchandiseControl')
    cd /Users/minxiang/Desktop/iOSMerchandiseControl
    /Applications/Xcode.app/Contents/Developer/Toolchains/XcodeDefault.xctoolchain/usr/bin/clang -Xlinker -reproducible -target arm64-apple-ios26.1-simulator -isysroot /Applications/Xcode.app/Contents/Developer/Platforms/iPhoneSimulator.platform/Developer/SDKs/iPhoneSimulator26.5.sdk -O0 -L/Users/minxiang/Library/Developer/Xcode/DerivedData/iOSMerchandiseControl-hipxsmlvmjphcyaknnsmrggoalrx/Build/Products/Debug-iphonesimulator -F/Users/minxiang/Library/Developer/Xcode/DerivedData/iOSMerchandiseControl-hipxsmlvmjphcyaknnsmrggoalrx/Build/Products/Debug-iphonesimulator/PackageFrameworks -F/Users/minxiang/Library/Developer/Xcode/DerivedData/iOSMerchandiseControl-hipxsmlvmjphcyaknnsmrggoalrx/Build/Products/Debug-iphonesimulator/PackageFrameworks -F/Users/minxiang/Library/Developer/Xcode/DerivedData/iOSMerchandiseControl-hipxsmlvmjphcyaknnsmrggoalrx/Build/Products/Debug-iphonesimulator/PackageFrameworks -F/Users/minxiang/Library/Developer/Xcode/DerivedData/iOSMerchandiseControl-hipxsmlvmjphcyaknnsmrggoalrx/Build/Products/Debug-iphonesimulator/PackageFrameworks -F/Users/minxiang/Library/Developer/Xcode/DerivedData/iOSMerchandiseControl-hipxsmlvmjphcyaknnsmrggoalrx/Build/Products/Debug-iphonesimulator/PackageFrameworks -F/Users/minxiang/Library/Developer/Xcode/DerivedData/iOSMerchandiseControl-hipxsmlvmjphcyaknnsmrggoalrx/Build/Products/Debug-iphonesimulator/PackageFrameworks -F/Users/minxiang/Library/Developer/Xcode/DerivedData/iOSMerchandiseControl-hipxsmlvmjphcyaknnsmrggoalrx/Build/Products/Debug-iphonesimulator/PackageFrameworks -F/Users/minxiang/Library/Developer/Xcode/DerivedData/iOSMerchandiseControl-hipxsmlvmjphcyaknnsmrggoalrx/Build/Products/Debug-iphonesimulator/PackageFrameworks -F/Users/minxiang/Library/Developer/Xcode/DerivedData/iOSMerchandiseControl-hipxsmlvmjphcyaknnsmrggoalrx/Build/Products/Debug-iphonesimulator/PackageFrameworks -F/Users/minxiang/Library/Developer/Xcode/DerivedData/iOSMerchandiseControl-hipxsmlvmjphcyaknnsmrggoalrx/Build/Products/Debug-iphonesimulator/PackageFrameworks -F/Users/minxiang/Library/Developer/Xcode/DerivedData/iOSMerchandiseControl-hipxsmlvmjphcyaknnsmrggoalrx/Build/Products/Debug-iphonesimulator/PackageFrameworks -F/Users/minxiang/Library/Developer/Xcode/DerivedData/iOSMerchandiseControl-hipxsmlvmjphcyaknnsmrggoalrx/Build/Products/Debug-iphonesimulator/PackageFrameworks -F/Users/minxiang/Library/Developer/Xcode/DerivedData/iOSMerchandiseControl-hipxsmlvmjphcyaknnsmrggoalrx/Build/Products/Debug-iphonesimulator/PackageFrameworks -F/Users/minxiang/Library/Developer/Xcode/DerivedData/iOSMerchandiseControl-hipxsmlvmjphcyaknnsmrggoalrx/Build/Products/Debug-iphonesimulator/PackageFrameworks -F/Users/minxiang/Library/Developer/Xcode/DerivedData/iOSMerchandiseControl-hipxsmlvmjphcyaknnsmrggoalrx/Build/Products/Debug-iphonesimulator/PackageFrameworks -F/Users/minxiang/Library/Developer/Xcode/DerivedData/iOSMerchandiseControl-hipxsmlvmjphcyaknnsmrggoalrx/Build/Products/Debug-iphonesimulator/PackageFrameworks -F/Users/minxiang/Library/Developer/Xcode/DerivedData/iOSMerchandiseControl-hipxsmlvmjphcyaknnsmrggoalrx/Build/Products/Debug-iphonesimulator/PackageFrameworks -F/Users/minxiang/Library/Developer/Xcode/DerivedData/iOSMerchandiseControl-hipxsmlvmjphcyaknnsmrggoalrx/Build/Products/Debug-iphonesimulator/PackageFrameworks -F/Users/minxiang/Library/Developer/Xcode/DerivedData/iOSMerchandiseControl-hipxsmlvmjphcyaknnsmrggoalrx/Build/Products/Debug-iphonesimulator/PackageFrameworks -F/Users/minxiang/Library/Developer/Xcode/DerivedData/iOSMerchandiseControl-hipxsmlvmjphcyaknnsmrggoalrx/Build/Products/Debug-iphonesimulator/PackageFrameworks -F/Users/minxiang/Library/Developer/Xcode/DerivedData/iOSMerchandiseControl-hipxsmlvmjphcyaknnsmrggoalrx/Build/Products/Debug-iphonesimulator/PackageFrameworks -F/Users/minxiang/Library/Developer/Xcode/DerivedData/iOSMerchandiseControl-hipxsmlvmjphcyaknnsmrggoalrx/Build/Products/Debug-iphonesimulator -Xlinker -rpath -Xlinker @executable_path -Xlinker -rpath -Xlinker /Users/minxiang/Library/Developer/Xcode/DerivedData/iOSMerchandiseControl-hipxsmlvmjphcyaknnsmrggoalrx/Build/Products/Debug-iphonesimulator/PackageFrameworks -Xlinker -rpath -Xlinker @executable_path/Frameworks -rdynamic -Xlinker -no_deduplicate -Xlinker -objc_abi_version -Xlinker 2 -Xlinker -debug_variant -e ___debug_blank_executor_main -Xlinker -sectcreate -Xlinker __TEXT -Xlinker __debug_dylib -Xlinker /Users/minxiang/Library/Developer/Xcode/DerivedData/iOSMerchandiseControl-hipxsmlvmjphcyaknnsmrggoalrx/Build/Intermediates.noindex/iOSMerchandiseControl.build/Debug-iphonesimulator/iOSMerchandiseControl.build/iOSMerchandiseControl-DebugDylibPath-normal-arm64.txt -Xlinker -sectcreate -Xlinker __TEXT -Xlinker __debug_instlnm -Xlinker /Users/minxiang/Library/Developer/Xcode/DerivedData/iOSMerchandiseControl-hipxsmlvmjphcyaknnsmrggoalrx/Build/Intermediates.noindex/iOSMerchandiseControl.build/Debug-iphonesimulator/iOSMerchandiseControl.build/iOSMerchandiseControl-DebugDylibInstallName-normal-arm64.txt -Xlinker -filelist -Xlinker /Users/minxiang/Library/Developer/Xcode/DerivedData/iOSMerchandiseControl-hipxsmlvmjphcyaknnsmrggoalrx/Build/Intermediates.noindex/iOSMerchandiseControl.build/Debug-iphonesimulator/iOSMerchandiseControl.build/iOSMerchandiseControl-ExecutorLinkFileList-normal-arm64.txt -Xlinker -sectcreate -Xlinker __TEXT -Xlinker __entitlements -Xlinker /Users/minxiang/Library/Developer/Xcode/DerivedData/iOSMerchandiseControl-hipxsmlvmjphcyaknnsmrggoalrx/Build/Intermediates.noindex/iOSMerchandiseControl.build/Debug-iphonesimulator/iOSMerchandiseControl.build/iOSMerchandiseControl.app-Simulated.xcent -Xlinker -sectcreate -Xlinker __TEXT -Xlinker __ents_der -Xlinker /Users/minxiang/Library/Developer/Xcode/DerivedData/iOSMerchandiseControl-hipxsmlvmjphcyaknnsmrggoalrx/Build/Intermediates.noindex/iOSMerchandiseControl.build/Debug-iphonesimulator/iOSMerchandiseControl.build/iOSMerchandiseControl.app-Simulated.xcent.der /Users/minxiang/Library/Developer/Xcode/DerivedData/iOSMerchandiseControl-hipxsmlvmjphcyaknnsmrggoalrx/Build/Products/Debug-iphonesimulator/iOSMerchandiseControl.app/iOSMerchandiseControl.debug.dylib -Xlinker -no_adhoc_codesign -o /Users/minxiang/Library/Developer/Xcode/DerivedData/iOSMerchandiseControl-hipxsmlvmjphcyaknnsmrggoalrx/Build/Products/Debug-iphonesimulator/iOSMerchandiseControl.app/iOSMerchandiseControl

CopySwiftLibs /Users/minxiang/Library/Developer/Xcode/DerivedData/iOSMerchandiseControl-hipxsmlvmjphcyaknnsmrggoalrx/Build/Products/Debug-iphonesimulator/iOSMerchandiseControl.app (in target 'iOSMerchandiseControl' from project 'iOSMerchandiseControl')
    cd /Users/minxiang/Desktop/iOSMerchandiseControl
    builtin-swiftStdLibTool --copy --verbose --sign - --scan-executable /Users/minxiang/Library/Developer/Xcode/DerivedData/iOSMerchandiseControl-hipxsmlvmjphcyaknnsmrggoalrx/Build/Products/Debug-iphonesimulator/iOSMerchandiseControl.app/iOSMerchandiseControl.debug.dylib --scan-folder /Users/minxiang/Library/Developer/Xcode/DerivedData/iOSMerchandiseControl-hipxsmlvmjphcyaknnsmrggoalrx/Build/Products/Debug-iphonesimulator/iOSMerchandiseControl.app/Frameworks --scan-folder /Users/minxiang/Library/Developer/Xcode/DerivedData/iOSMerchandiseControl-hipxsmlvmjphcyaknnsmrggoalrx/Build/Products/Debug-iphonesimulator/iOSMerchandiseControl.app/PlugIns --scan-folder /Users/minxiang/Library/Developer/Xcode/DerivedData/iOSMerchandiseControl-hipxsmlvmjphcyaknnsmrggoalrx/Build/Products/Debug-iphonesimulator/iOSMerchandiseControl.app/SystemExtensions --scan-folder /Users/minxiang/Library/Developer/Xcode/DerivedData/iOSMerchandiseControl-hipxsmlvmjphcyaknnsmrggoalrx/Build/Products/Debug-iphonesimulator/iOSMerchandiseControl.app/Extensions --platform iphonesimulator --toolchain /Applications/Xcode.app/Contents/Developer/Toolchains/XcodeDefault.xctoolchain --destination /Users/minxiang/Library/Developer/Xcode/DerivedData/iOSMerchandiseControl-hipxsmlvmjphcyaknnsmrggoalrx/Build/Products/Debug-iphonesimulator/iOSMerchandiseControl.app/Frameworks --strip-bitcode --strip-bitcode-tool /Applications/Xcode.app/Contents/Developer/Toolchains/XcodeDefault.xctoolchain/usr/bin/bitcode_strip --emit-dependency-info /Users/minxiang/Library/Developer/Xcode/DerivedData/iOSMerchandiseControl-hipxsmlvmjphcyaknnsmrggoalrx/Build/Intermediates.noindex/iOSMerchandiseControl.build/Debug-iphonesimulator/iOSMerchandiseControl.build/SwiftStdLibToolInputDependencies.dep --filter-for-swift-os

ExtractAppIntentsMetadata (in target 'iOSMerchandiseControl' from project 'iOSMerchandiseControl')
    cd /Users/minxiang/Desktop/iOSMerchandiseControl
    /Applications/Xcode.app/Contents/Developer/Toolchains/XcodeDefault.xctoolchain/usr/bin/appintentsmetadataprocessor --toolchain-dir /Applications/Xcode.app/Contents/Developer/Toolchains/XcodeDefault.xctoolchain --module-name iOSMerchandiseControl --sdk-root /Applications/Xcode.app/Contents/Developer/Platforms/iPhoneSimulator.platform/Developer/SDKs/iPhoneSimulator26.5.sdk --xcode-version 17F42 --platform-family iOS --deployment-target 26.1 --bundle-identifier com.niwcyber.iOSMerchandiseControl --output /Users/minxiang/Library/Developer/Xcode/DerivedData/iOSMerchandiseControl-hipxsmlvmjphcyaknnsmrggoalrx/Build/Products/Debug-iphonesimulator/iOSMerchandiseControl.app --target-triple arm64-apple-ios26.1-simulator --binary-file /Users/minxiang/Library/Developer/Xcode/DerivedData/iOSMerchandiseControl-hipxsmlvmjphcyaknnsmrggoalrx/Build/Products/Debug-iphonesimulator/iOSMerchandiseControl.app/iOSMerchandiseControl --dependency-file /Users/minxiang/Library/Developer/Xcode/DerivedData/iOSMerchandiseControl-hipxsmlvmjphcyaknnsmrggoalrx/Build/Intermediates.noindex/iOSMerchandiseControl.build/Debug-iphonesimulator/iOSMerchandiseControl.build/Objects-normal/arm64/iOSMerchandiseControl_dependency_info.dat --stringsdata-file /Users/minxiang/Library/Developer/Xcode/DerivedData/iOSMerchandiseControl-hipxsmlvmjphcyaknnsmrggoalrx/Build/Intermediates.noindex/iOSMerchandiseControl.build/Debug-iphonesimulator/iOSMerchandiseControl.build/Objects-normal/arm64/ExtractedAppShortcutsMetadata.stringsdata --source-file-list /Users/minxiang/Library/Developer/Xcode/DerivedData/iOSMerchandiseControl-hipxsmlvmjphcyaknnsmrggoalrx/Build/Intermediates.noindex/iOSMerchandiseControl.build/Debug-iphonesimulator/iOSMerchandiseControl.build/Objects-normal/arm64/iOSMerchandiseControl.SwiftFileList --metadata-file-list /Users/minxiang/Library/Developer/Xcode/DerivedData/iOSMerchandiseControl-hipxsmlvmjphcyaknnsmrggoalrx/Build/Intermediates.noindex/iOSMerchandiseControl.build/Debug-iphonesimulator/iOSMerchandiseControl.build/iOSMerchandiseControl.DependencyMetadataFileList --static-metadata-file-list /Users/minxiang/Library/Developer/Xcode/DerivedData/iOSMerchandiseControl-hipxsmlvmjphcyaknnsmrggoalrx/Build/Intermediates.noindex/iOSMerchandiseControl.build/Debug-iphonesimulator/iOSMerchandiseControl.build/iOSMerchandiseControl.DependencyStaticMetadataFileList --swift-const-vals-list /Users/minxiang/Library/Developer/Xcode/DerivedData/iOSMerchandiseControl-hipxsmlvmjphcyaknnsmrggoalrx/Build/Intermediates.noindex/iOSMerchandiseControl.build/Debug-iphonesimulator/iOSMerchandiseControl.build/Objects-normal/arm64/iOSMerchandiseControl.SwiftConstValuesFileList --compile-time-extraction --deployment-aware-processing --validate-assistant-intents --no-app-shortcuts-localization
2026-06-17 19:51:16.468 appintentsmetadataprocessor[33606:4058380] Starting appintentsmetadataprocessor export
2026-06-17 19:51:16.471 appintentsmetadataprocessor[33606:4058380] warning: Metadata extraction skipped. No AppIntents.framework dependency found.

CodeSign /Users/minxiang/Library/Developer/Xcode/DerivedData/iOSMerchandiseControl-hipxsmlvmjphcyaknnsmrggoalrx/Build/Products/Debug-iphonesimulator/iOSMerchandiseControl.app/iOSMerchandiseControl.debug.dylib (in target 'iOSMerchandiseControl' from project 'iOSMerchandiseControl')
    cd /Users/minxiang/Desktop/iOSMerchandiseControl

    Signing Identity:     "Sign to Run Locally"

    /usr/bin/codesign --force --sign - --timestamp\=none --generate-entitlement-der /Users/minxiang/Library/Developer/Xcode/DerivedData/iOSMerchandiseControl-hipxsmlvmjphcyaknnsmrggoalrx/Build/Products/Debug-iphonesimulator/iOSMerchandiseControl.app/iOSMerchandiseControl.debug.dylib

CodeSign /Users/minxiang/Library/Developer/Xcode/DerivedData/iOSMerchandiseControl-hipxsmlvmjphcyaknnsmrggoalrx/Build/Products/Debug-iphonesimulator/iOSMerchandiseControl.app/__preview.dylib (in target 'iOSMerchandiseControl' from project 'iOSMerchandiseControl')
    cd /Users/minxiang/Desktop/iOSMerchandiseControl

    Signing Identity:     "Sign to Run Locally"

    /usr/bin/codesign --force --sign - --timestamp\=none --generate-entitlement-der /Users/minxiang/Library/Developer/Xcode/DerivedData/iOSMerchandiseControl-hipxsmlvmjphcyaknnsmrggoalrx/Build/Products/Debug-iphonesimulator/iOSMerchandiseControl.app/__preview.dylib
/Users/minxiang/Library/Developer/Xcode/DerivedData/iOSMerchandiseControl-hipxsmlvmjphcyaknnsmrggoalrx/Build/Products/Debug-iphonesimulator/iOSMerchandiseControl.app/__preview.dylib: replacing existing signature

CodeSign /Users/minxiang/Library/Developer/Xcode/DerivedData/iOSMerchandiseControl-hipxsmlvmjphcyaknnsmrggoalrx/Build/Products/Debug-iphonesimulator/iOSMerchandiseControl.app (in target 'iOSMerchandiseControl' from project 'iOSMerchandiseControl')
    cd /Users/minxiang/Desktop/iOSMerchandiseControl

    Signing Identity:     "Sign to Run Locally"

    /usr/bin/codesign --force --sign - --timestamp\=none --generate-entitlement-der /Users/minxiang/Library/Developer/Xcode/DerivedData/iOSMerchandiseControl-hipxsmlvmjphcyaknnsmrggoalrx/Build/Products/Debug-iphonesimulator/iOSMerchandiseControl.app

Validate /Users/minxiang/Library/Developer/Xcode/DerivedData/iOSMerchandiseControl-hipxsmlvmjphcyaknnsmrggoalrx/Build/Products/Debug-iphonesimulator/iOSMerchandiseControl.app (in target 'iOSMerchandiseControl' from project 'iOSMerchandiseControl')
    cd /Users/minxiang/Desktop/iOSMerchandiseControl
    builtin-validationUtility /Users/minxiang/Library/Developer/Xcode/DerivedData/iOSMerchandiseControl-hipxsmlvmjphcyaknnsmrggoalrx/Build/Products/Debug-iphonesimulator/iOSMerchandiseControl.app -shallow-bundle -infoplist-subpath Info.plist

note: Removed stale file '/Users/minxiang/Library/Developer/Xcode/DerivedData/iOSMerchandiseControl-hipxsmlvmjphcyaknnsmrggoalrx/Build/Products/Debug-iphonesimulator/iOSMerchandiseControl.app/Frameworks'

note: Removed stale file '/Users/minxiang/Library/Developer/Xcode/DerivedData/iOSMerchandiseControl-hipxsmlvmjphcyaknnsmrggoalrx/Build/Products/Debug-iphonesimulator/iOSMerchandiseControl.app/PlugIns'

** BUILD SUCCEEDED **
