Command line invocation:
    /Applications/Xcode.app/Contents/Developer/usr/bin/xcodebuild -project iOSMerchandiseControl.xcodeproj -scheme iOSMerchandiseControl -configuration Debug -destination "generic/platform=iOS Simulator" build

Resolve Package Graph


Resolved source packages:
  xctest-dynamic-overlay: https://github.com/pointfreeco/xctest-dynamic-overlay @ 1.9.0
  ZIPFoundation: https://github.com/weichsel/ZIPFoundation.git @ 0.9.20
  Supabase: https://github.com/supabase/supabase-swift.git @ 2.46.0
  swift-atomics: https://github.com/apple/swift-atomics.git @ 1.3.0
  SwiftSoup: https://github.com/scinfu/SwiftSoup @ 2.11.2
  swift-crypto: https://github.com/apple/swift-crypto.git @ 4.5.0
  swift-concurrency-extras: https://github.com/pointfreeco/swift-concurrency-extras @ 1.3.2
  xlsxwriter.swift: https://github.com/damuellen/xlsxwriter.swift @ SPM (f4c0e10)
  LRUCache: https://github.com/nicklockwood/LRUCache.git @ 1.2.0
  swift-clocks: https://github.com/pointfreeco/swift-clocks @ 1.0.6
  swift-asn1: https://github.com/apple/swift-asn1.git @ 1.7.0
  swift-http-types: https://github.com/apple/swift-http-types.git @ 1.5.1
  libxlsxwriter: https://github.com/jmcnamara/libxlsxwriter @ main (f064715)

ComputePackagePrebuildTargetDependencyGraph

Prepare packages

CreateBuildRequest

SendProjectDescription

CreateBuildOperation

ComputeTargetDependencyGraph
note: Building targets in dependency order
note: Target dependency graph (37 targets)
    Target 'iOSMerchandiseControl' in project 'iOSMerchandiseControl'
        ➜ Explicit dependency on target 'Supabase' in project 'Supabase'
        ➜ Explicit dependency on target 'xlsxwriter' in project 'xlsxwriter.swift'
        ➜ Explicit dependency on target 'SwiftSoup' in project 'SwiftSoup'
        ➜ Explicit dependency on target 'ZIPFoundation' in project 'ZIPFoundation'
    Target 'ZIPFoundation' in project 'ZIPFoundation'
        ➜ Explicit dependency on target 'ZIPFoundation' in project 'ZIPFoundation'
        ➜ Explicit dependency on target 'ZIPFoundation_ZIPFoundation' in project 'ZIPFoundation'
    Target 'ZIPFoundation' in project 'ZIPFoundation'
        ➜ Explicit dependency on target 'ZIPFoundation_ZIPFoundation' in project 'ZIPFoundation'
    Target 'ZIPFoundation_ZIPFoundation' in project 'ZIPFoundation' (no dependencies)
    Target 'SwiftSoup' in project 'SwiftSoup'
        ➜ Explicit dependency on target 'SwiftSoup' in project 'SwiftSoup'
        ➜ Explicit dependency on target 'LRUCache' in project 'LRUCache'
        ➜ Explicit dependency on target 'Atomics' in project 'swift-atomics'
    Target 'SwiftSoup' in project 'SwiftSoup'
        ➜ Explicit dependency on target 'LRUCache' in project 'LRUCache'
        ➜ Explicit dependency on target 'Atomics' in project 'swift-atomics'
    Target 'Atomics' in project 'swift-atomics'
        ➜ Explicit dependency on target 'Atomics' in project 'swift-atomics'
        ➜ Explicit dependency on target '_AtomicsShims' in project 'swift-atomics'
    Target 'Atomics' in project 'swift-atomics'
        ➜ Explicit dependency on target '_AtomicsShims' in project 'swift-atomics'
    Target '_AtomicsShims' in project 'swift-atomics' (no dependencies)
    Target 'LRUCache' in project 'LRUCache'
        ➜ Explicit dependency on target 'LRUCache' in project 'LRUCache'
    Target 'LRUCache' in project 'LRUCache' (no dependencies)
    Target 'xlsxwriter' in project 'xlsxwriter.swift'
        ➜ Explicit dependency on target 'xlsxwriter' in project 'xlsxwriter.swift'
        ➜ Explicit dependency on target 'libxlsxwriter' in project 'libxlsxwriter'
    Target 'xlsxwriter' in project 'xlsxwriter.swift'
        ➜ Explicit dependency on target 'libxlsxwriter' in project 'libxlsxwriter'
    Target 'libxlsxwriter' in project 'libxlsxwriter'
        ➜ Explicit dependency on target 'libxlsxwriter' in project 'libxlsxwriter'
    Target 'libxlsxwriter' in project 'libxlsxwriter' (no dependencies)
    Target 'Supabase' in project 'Supabase'
        ➜ Explicit dependency on target 'Supabase' in project 'Supabase'
        ➜ Explicit dependency on target 'Helpers' in project 'Supabase'
        ➜ Explicit dependency on target 'Auth' in project 'Supabase'
        ➜ Explicit dependency on target 'Functions' in project 'Supabase'
        ➜ Explicit dependency on target 'PostgREST' in project 'Supabase'
        ➜ Explicit dependency on target 'Realtime' in project 'Supabase'
        ➜ Explicit dependency on target 'Storage' in project 'Supabase'
        ➜ Explicit dependency on target 'ConcurrencyExtras' in project 'swift-concurrency-extras'
        ➜ Explicit dependency on target 'HTTPTypes' in project 'swift-http-types'
        ➜ Explicit dependency on target 'Clocks' in project 'swift-clocks'
        ➜ Explicit dependency on target 'XCTestDynamicOverlay' in project 'xctest-dynamic-overlay'
        ➜ Explicit dependency on target 'Crypto' in project 'swift-crypto'
        ➜ Explicit dependency on target 'IssueReporting' in project 'xctest-dynamic-overlay'
    Target 'Supabase' in project 'Supabase'
        ➜ Explicit dependency on target 'Helpers' in project 'Supabase'
        ➜ Explicit dependency on target 'Auth' in project 'Supabase'
        ➜ Explicit dependency on target 'Functions' in project 'Supabase'
        ➜ Explicit dependency on target 'PostgREST' in project 'Supabase'
        ➜ Explicit dependency on target 'Realtime' in project 'Supabase'
        ➜ Explicit dependency on target 'Storage' in project 'Supabase'
        ➜ Explicit dependency on target 'ConcurrencyExtras' in project 'swift-concurrency-extras'
        ➜ Explicit dependency on target 'HTTPTypes' in project 'swift-http-types'
        ➜ Explicit dependency on target 'Clocks' in project 'swift-clocks'
        ➜ Explicit dependency on target 'XCTestDynamicOverlay' in project 'xctest-dynamic-overlay'
        ➜ Explicit dependency on target 'Crypto' in project 'swift-crypto'
        ➜ Explicit dependency on target 'IssueReporting' in project 'xctest-dynamic-overlay'
    Target 'Storage' in project 'Supabase'
        ➜ Explicit dependency on target 'Helpers' in project 'Supabase'
        ➜ Explicit dependency on target 'ConcurrencyExtras' in project 'swift-concurrency-extras'
        ➜ Explicit dependency on target 'HTTPTypes' in project 'swift-http-types'
        ➜ Explicit dependency on target 'Clocks' in project 'swift-clocks'
        ➜ Explicit dependency on target 'XCTestDynamicOverlay' in project 'xctest-dynamic-overlay'
    Target 'Realtime' in project 'Supabase'
        ➜ Explicit dependency on target 'Helpers' in project 'Supabase'
        ➜ Explicit dependency on target 'ConcurrencyExtras' in project 'swift-concurrency-extras'
        ➜ Explicit dependency on target 'HTTPTypes' in project 'swift-http-types'
        ➜ Explicit dependency on target 'Clocks' in project 'swift-clocks'
        ➜ Explicit dependency on target 'XCTestDynamicOverlay' in project 'xctest-dynamic-overlay'
        ➜ Explicit dependency on target 'IssueReporting' in project 'xctest-dynamic-overlay'
    Target 'PostgREST' in project 'Supabase'
        ➜ Explicit dependency on target 'Helpers' in project 'Supabase'
        ➜ Explicit dependency on target 'ConcurrencyExtras' in project 'swift-concurrency-extras'
        ➜ Explicit dependency on target 'HTTPTypes' in project 'swift-http-types'
        ➜ Explicit dependency on target 'Clocks' in project 'swift-clocks'
        ➜ Explicit dependency on target 'XCTestDynamicOverlay' in project 'xctest-dynamic-overlay'
    Target 'Functions' in project 'Supabase'
        ➜ Explicit dependency on target 'Helpers' in project 'Supabase'
        ➜ Explicit dependency on target 'ConcurrencyExtras' in project 'swift-concurrency-extras'
        ➜ Explicit dependency on target 'HTTPTypes' in project 'swift-http-types'
        ➜ Explicit dependency on target 'Clocks' in project 'swift-clocks'
        ➜ Explicit dependency on target 'XCTestDynamicOverlay' in project 'xctest-dynamic-overlay'
    Target 'Auth' in project 'Supabase'
        ➜ Explicit dependency on target 'Helpers' in project 'Supabase'
        ➜ Explicit dependency on target 'ConcurrencyExtras' in project 'swift-concurrency-extras'
        ➜ Explicit dependency on target 'HTTPTypes' in project 'swift-http-types'
        ➜ Explicit dependency on target 'Clocks' in project 'swift-clocks'
        ➜ Explicit dependency on target 'XCTestDynamicOverlay' in project 'xctest-dynamic-overlay'
        ➜ Explicit dependency on target 'Crypto' in project 'swift-crypto'
    Target 'Crypto' in project 'swift-crypto'
        ➜ Explicit dependency on target 'Crypto' in project 'swift-crypto'
        ➜ Explicit dependency on target 'swift-crypto_Crypto' in project 'swift-crypto'
    Target 'Crypto' in project 'swift-crypto'
        ➜ Explicit dependency on target 'swift-crypto_Crypto' in project 'swift-crypto'
    Target 'swift-crypto_Crypto' in project 'swift-crypto' (no dependencies)
    Target 'Helpers' in project 'Supabase'
        ➜ Explicit dependency on target 'ConcurrencyExtras' in project 'swift-concurrency-extras'
        ➜ Explicit dependency on target 'HTTPTypes' in project 'swift-http-types'
        ➜ Explicit dependency on target 'Clocks' in project 'swift-clocks'
        ➜ Explicit dependency on target 'XCTestDynamicOverlay' in project 'xctest-dynamic-overlay'
    Target 'XCTestDynamicOverlay' in project 'xctest-dynamic-overlay'
        ➜ Explicit dependency on target 'XCTestDynamicOverlay' in project 'xctest-dynamic-overlay'
        ➜ Explicit dependency on target 'IssueReportingPackageSupport' in project 'xctest-dynamic-overlay'
        ➜ Explicit dependency on target 'IssueReporting' in project 'xctest-dynamic-overlay'
    Target 'XCTestDynamicOverlay' in project 'xctest-dynamic-overlay'
        ➜ Explicit dependency on target 'IssueReportingPackageSupport' in project 'xctest-dynamic-overlay'
        ➜ Explicit dependency on target 'IssueReporting' in project 'xctest-dynamic-overlay'
    Target 'Clocks' in project 'swift-clocks'
        ➜ Explicit dependency on target 'Clocks' in project 'swift-clocks'
        ➜ Explicit dependency on target 'ConcurrencyExtras' in project 'swift-concurrency-extras'
        ➜ Explicit dependency on target 'IssueReporting' in project 'xctest-dynamic-overlay'
    Target 'Clocks' in project 'swift-clocks'
        ➜ Explicit dependency on target 'ConcurrencyExtras' in project 'swift-concurrency-extras'
        ➜ Explicit dependency on target 'IssueReporting' in project 'xctest-dynamic-overlay'
    Target 'IssueReporting' in project 'xctest-dynamic-overlay'
        ➜ Explicit dependency on target 'IssueReporting' in project 'xctest-dynamic-overlay'
        ➜ Explicit dependency on target 'IssueReportingPackageSupport' in project 'xctest-dynamic-overlay'
    Target 'IssueReporting' in project 'xctest-dynamic-overlay'
        ➜ Explicit dependency on target 'IssueReportingPackageSupport' in project 'xctest-dynamic-overlay'
    Target 'IssueReportingPackageSupport' in project 'xctest-dynamic-overlay' (no dependencies)
    Target 'HTTPTypes' in project 'swift-http-types'
        ➜ Explicit dependency on target 'HTTPTypes' in project 'swift-http-types'
    Target 'HTTPTypes' in project 'swift-http-types' (no dependencies)
    Target 'ConcurrencyExtras' in project 'swift-concurrency-extras'
        ➜ Explicit dependency on target 'ConcurrencyExtras' in project 'swift-concurrency-extras'
    Target 'ConcurrencyExtras' in project 'swift-concurrency-extras' (no dependencies)

GatherProvisioningInputs

CreateBuildDescription

ExecuteExternalTool /Applications/Xcode.app/Contents/Developer/Toolchains/XcodeDefault.xctoolchain/usr/bin/swiftc --version

ExecuteExternalTool /Applications/Xcode.app/Contents/Developer/Toolchains/XcodeDefault.xctoolchain/usr/bin/clang -v -E -dM -arch arm64 -isysroot /Applications/Xcode.app/Contents/Developer/Platforms/iPhoneSimulator.platform/Developer/SDKs/iPhoneSimulator26.5.sdk -x c -c /dev/null

ExecuteExternalTool /Applications/Xcode.app/Contents/Developer/Toolchains/XcodeDefault.xctoolchain/usr/bin/clang -v -E -dM -isysroot /Applications/Xcode.app/Contents/Developer/Platforms/iPhoneSimulator.platform/Developer/SDKs/iPhoneSimulator26.5.sdk -x c -c /dev/null

ExecuteExternalTool /Applications/Xcode.app/Contents/Developer/Toolchains/XcodeDefault.xctoolchain/usr/bin/clang -v -E -dM -arch arm64 -isysroot /Applications/Xcode.app/Contents/Developer/Platforms/iPhoneSimulator.platform/Developer/SDKs/iPhoneSimulator26.5.sdk -x objective-c -c /dev/null

ExecuteExternalTool /Applications/Xcode.app/Contents/Developer/Toolchains/XcodeDefault.xctoolchain/usr/bin/ld -version_details

ExecuteExternalTool /Applications/Xcode.app/Contents/Developer/Toolchains/XcodeDefault.xctoolchain/usr/bin/clang -v -E -dM -arch x86_64 -isysroot /Applications/Xcode.app/Contents/Developer/Platforms/iPhoneSimulator.platform/Developer/SDKs/iPhoneSimulator26.5.sdk -x c -c /dev/null

ExecuteExternalTool /Applications/Xcode.app/Contents/Developer/usr/bin/actool --print-asset-tag-combinations --output-format xml1 /Users/minxiang/Desktop/iOSMerchandiseControl/iOSMerchandiseControl/Assets.xcassets

ReadFileContents /Applications/Xcode.app/Contents/Developer/Toolchains/XcodeDefault.xctoolchain/usr/share/docc/features.json

ExecuteExternalTool /Applications/Xcode.app/Contents/Developer/usr/bin/actool --version --output-format xml1

ExecuteExternalTool /Applications/Xcode.app/Contents/Developer/Toolchains/XcodeDefault.xctoolchain/usr/bin/clang -v -E -dM -arch x86_64 -isysroot /Applications/Xcode.app/Contents/Developer/Platforms/iPhoneSimulator.platform/Developer/SDKs/iPhoneSimulator26.5.sdk -x objective-c -c /dev/null

Build description signature: 76aa0801c2cf85d39477d430ffd5c3a7
Build description path: /Users/minxiang/Library/Developer/Xcode/DerivedData/iOSMerchandiseControl-hipxsmlvmjphcyaknnsmrggoalrx/Build/Intermediates.noindex/XCBuildData/76aa0801c2cf85d39477d430ffd5c3a7.xcbuilddata
ClangStatCache /Applications/Xcode.app/Contents/Developer/Toolchains/XcodeDefault.xctoolchain/usr/bin/clang-stat-cache /Applications/Xcode.app/Contents/Developer/Platforms/iPhoneSimulator.platform/Developer/SDKs/iPhoneSimulator26.5.sdk /Users/minxiang/Library/Developer/Xcode/DerivedData/SDKStatCaches.noindex/iphonesimulator26.5-23F73-6cfe768891a92b912361537c460fe42b.sdkstatcache
    cd /Users/minxiang/Desktop/iOSMerchandiseControl/iOSMerchandiseControl.xcodeproj
    /Applications/Xcode.app/Contents/Developer/Toolchains/XcodeDefault.xctoolchain/usr/bin/clang-stat-cache /Applications/Xcode.app/Contents/Developer/Platforms/iPhoneSimulator.platform/Developer/SDKs/iPhoneSimulator26.5.sdk -o /Users/minxiang/Library/Developer/Xcode/DerivedData/SDKStatCaches.noindex/iphonesimulator26.5-23F73-6cfe768891a92b912361537c460fe42b.sdkstatcache

ProcessInfoPlistFile /Users/minxiang/Library/Developer/Xcode/DerivedData/iOSMerchandiseControl-hipxsmlvmjphcyaknnsmrggoalrx/Build/Products/Debug-iphonesimulator/ZIPFoundation_ZIPFoundation.bundle/Info.plist /Users/minxiang/Library/Developer/Xcode/DerivedData/iOSMerchandiseControl-hipxsmlvmjphcyaknnsmrggoalrx/Build/Intermediates.noindex/ZIPFoundation.build/Debug-iphonesimulator/ZIPFoundation_ZIPFoundation.build/empty-ZIPFoundation_ZIPFoundation.plist (in target 'ZIPFoundation_ZIPFoundation' from project 'ZIPFoundation')
    cd /Users/minxiang/Library/Developer/Xcode/DerivedData/iOSMerchandiseControl-hipxsmlvmjphcyaknnsmrggoalrx/SourcePackages/checkouts/ZIPFoundation
    builtin-infoPlistUtility /Users/minxiang/Library/Developer/Xcode/DerivedData/iOSMerchandiseControl-hipxsmlvmjphcyaknnsmrggoalrx/Build/Intermediates.noindex/ZIPFoundation.build/Debug-iphonesimulator/ZIPFoundation_ZIPFoundation.build/empty-ZIPFoundation_ZIPFoundation.plist -producttype com.apple.product-type.bundle -expandbuildsettings -format binary -platform iphonesimulator -o /Users/minxiang/Library/Developer/Xcode/DerivedData/iOSMerchandiseControl-hipxsmlvmjphcyaknnsmrggoalrx/Build/Products/Debug-iphonesimulator/ZIPFoundation_ZIPFoundation.bundle/Info.plist

ProcessInfoPlistFile /Users/minxiang/Library/Developer/Xcode/DerivedData/iOSMerchandiseControl-hipxsmlvmjphcyaknnsmrggoalrx/Build/Products/Debug-iphonesimulator/swift-crypto_Crypto.bundle/Info.plist /Users/minxiang/Library/Developer/Xcode/DerivedData/iOSMerchandiseControl-hipxsmlvmjphcyaknnsmrggoalrx/Build/Intermediates.noindex/swift-crypto.build/Debug-iphonesimulator/swift-crypto_Crypto.build/empty-swift-crypto_Crypto.plist (in target 'swift-crypto_Crypto' from project 'swift-crypto')
    cd /Users/minxiang/Library/Developer/Xcode/DerivedData/iOSMerchandiseControl-hipxsmlvmjphcyaknnsmrggoalrx/SourcePackages/checkouts/swift-crypto
    builtin-infoPlistUtility /Users/minxiang/Library/Developer/Xcode/DerivedData/iOSMerchandiseControl-hipxsmlvmjphcyaknnsmrggoalrx/Build/Intermediates.noindex/swift-crypto.build/Debug-iphonesimulator/swift-crypto_Crypto.build/empty-swift-crypto_Crypto.plist -producttype com.apple.product-type.bundle -expandbuildsettings -format binary -platform iphonesimulator -o /Users/minxiang/Library/Developer/Xcode/DerivedData/iOSMerchandiseControl-hipxsmlvmjphcyaknnsmrggoalrx/Build/Products/Debug-iphonesimulator/swift-crypto_Crypto.bundle/Info.plist

note: Disabling hardened runtime with ad-hoc codesigning. (in target 'iOSMerchandiseControl' from project 'iOSMerchandiseControl')
ProcessInfoPlistFile /Users/minxiang/Library/Developer/Xcode/DerivedData/iOSMerchandiseControl-hipxsmlvmjphcyaknnsmrggoalrx/Build/Products/Debug-iphonesimulator/iOSMerchandiseControl.app/Info.plist /Users/minxiang/Desktop/iOSMerchandiseControl/iOSMerchandiseControl/Info.plist (in target 'iOSMerchandiseControl' from project 'iOSMerchandiseControl')
    cd /Users/minxiang/Desktop/iOSMerchandiseControl
    builtin-infoPlistUtility /Users/minxiang/Desktop/iOSMerchandiseControl/iOSMerchandiseControl/Info.plist -producttype com.apple.product-type.application -genpkginfo /Users/minxiang/Library/Developer/Xcode/DerivedData/iOSMerchandiseControl-hipxsmlvmjphcyaknnsmrggoalrx/Build/Products/Debug-iphonesimulator/iOSMerchandiseControl.app/PkgInfo -expandbuildsettings -format binary -platform iphonesimulator -additionalcontentfile /Users/minxiang/Library/Developer/Xcode/DerivedData/iOSMerchandiseControl-hipxsmlvmjphcyaknnsmrggoalrx/Build/Intermediates.noindex/iOSMerchandiseControl.build/Debug-iphonesimulator/iOSMerchandiseControl.build/assetcatalog_generated_info.plist -scanforprivacyfile /Users/minxiang/Library/Developer/Xcode/DerivedData/iOSMerchandiseControl-hipxsmlvmjphcyaknnsmrggoalrx/Build/Products/Debug-iphonesimulator/iOSMerchandiseControl.app/ZIPFoundation_ZIPFoundation.bundle -scanforprivacyfile /Users/minxiang/Library/Developer/Xcode/DerivedData/iOSMerchandiseControl-hipxsmlvmjphcyaknnsmrggoalrx/Build/Products/Debug-iphonesimulator/iOSMerchandiseControl.app/swift-crypto_Crypto.bundle -o /Users/minxiang/Library/Developer/Xcode/DerivedData/iOSMerchandiseControl-hipxsmlvmjphcyaknnsmrggoalrx/Build/Products/Debug-iphonesimulator/iOSMerchandiseControl.app/Info.plist

CopySwiftLibs /Users/minxiang/Library/Developer/Xcode/DerivedData/iOSMerchandiseControl-hipxsmlvmjphcyaknnsmrggoalrx/Build/Products/Debug-iphonesimulator/iOSMerchandiseControl.app (in target 'iOSMerchandiseControl' from project 'iOSMerchandiseControl')
    cd /Users/minxiang/Desktop/iOSMerchandiseControl
    builtin-swiftStdLibTool --copy --verbose --sign - --scan-executable /Users/minxiang/Library/Developer/Xcode/DerivedData/iOSMerchandiseControl-hipxsmlvmjphcyaknnsmrggoalrx/Build/Products/Debug-iphonesimulator/iOSMerchandiseControl.app/iOSMerchandiseControl.debug.dylib --scan-folder /Users/minxiang/Library/Developer/Xcode/DerivedData/iOSMerchandiseControl-hipxsmlvmjphcyaknnsmrggoalrx/Build/Products/Debug-iphonesimulator/iOSMerchandiseControl.app/Frameworks --scan-folder /Users/minxiang/Library/Developer/Xcode/DerivedData/iOSMerchandiseControl-hipxsmlvmjphcyaknnsmrggoalrx/Build/Products/Debug-iphonesimulator/iOSMerchandiseControl.app/PlugIns --scan-folder /Users/minxiang/Library/Developer/Xcode/DerivedData/iOSMerchandiseControl-hipxsmlvmjphcyaknnsmrggoalrx/Build/Products/Debug-iphonesimulator/iOSMerchandiseControl.app/SystemExtensions --scan-folder /Users/minxiang/Library/Developer/Xcode/DerivedData/iOSMerchandiseControl-hipxsmlvmjphcyaknnsmrggoalrx/Build/Products/Debug-iphonesimulator/iOSMerchandiseControl.app/Extensions --platform iphonesimulator --toolchain /Applications/Xcode.app/Contents/Developer/Toolchains/XcodeDefault.xctoolchain --destination /Users/minxiang/Library/Developer/Xcode/DerivedData/iOSMerchandiseControl-hipxsmlvmjphcyaknnsmrggoalrx/Build/Products/Debug-iphonesimulator/iOSMerchandiseControl.app/Frameworks --strip-bitcode --strip-bitcode-tool /Applications/Xcode.app/Contents/Developer/Toolchains/XcodeDefault.xctoolchain/usr/bin/bitcode_strip --emit-dependency-info /Users/minxiang/Library/Developer/Xcode/DerivedData/iOSMerchandiseControl-hipxsmlvmjphcyaknnsmrggoalrx/Build/Intermediates.noindex/iOSMerchandiseControl.build/Debug-iphonesimulator/iOSMerchandiseControl.build/SwiftStdLibToolInputDependencies.dep --filter-for-swift-os

** BUILD SUCCEEDED **

